#
# There is insufficient memory for the Java Runtime Environment to continue.
# Native memory allocation (mmap) failed to map 830472192 bytes for G1 virtual space
# Possible reasons:
#   The system is out of physical RAM or swap space
#   The process is running with CompressedOops enabled, and the Java Heap may be blocking the growth of the native heap
# Possible solutions:
#   Reduce memory load on the system
#   Increase physical memory or swap space
#   Check if swap backing store is full
#   Decrease Java heap size (-Xmx/-Xms)
#   Decrease number of Java threads
#   Decrease Java thread stack sizes (-Xss)
#   Set larger code cache with -XX:ReservedCodeCacheSize=
#   JVM is running with Zero Based Compressed Oops mode in which the Java heap is
#     placed in the first 32GB address space. The Java Heap base address is the
#     maximum limit for the native heap growth. Please use -XX:HeapBaseMinAddress
#     to set the Java Heap base and to place the Java Heap above 32GB virtual address.
# This output file may be truncated or incomplete.
#
#  Out of Memory Error (os_windows.cpp:3469), pid=1520, tid=19296
#
# JRE version: Java(TM) SE Runtime Environment (17.0.1+12) (build 17.0.1+12-LTS-39)
# Java VM: Java HotSpot(TM) 64-Bit Server VM (17.0.1+12-LTS-39, mixed mode, sharing, tiered, compressed oops, compressed class ptrs, g1 gc, windows-amd64)
# No core dump will be written. Minidumps are not enabled by default on client versions of Windows
#

---------------  S U M M A R Y ------------

Command Line: -javaagent:C:\Program Files\JetBrains\IntelliJ IDEA 2021.3\lib\idea_rt.jar=49465:C:\Program Files\JetBrains\IntelliJ IDEA 2021.3\bin -Dfile.encoding=UTF-8 --module-path=C:\Users\moham\.m2\repository\org\openjfx\javafx-base\17.0.0.1\javafx-base-17.0.0.1-win.jar;C:\Users\moham\.m2\repository\org\kordamp\bootstrapfx\bootstrapfx-core\0.4.0\bootstrapfx-core-0.4.0.jar;C:\Users\moham\.m2\repository\org\openjfx\javafx-fxml\17.0.0.1\javafx-fxml-17.0.0.1-win.jar;C:\Users\moham\.m2\repository\org\kordamp\ikonli\ikonli-core\12.2.0\ikonli-core-12.2.0.jar;C:\Users\moham\.m2\repository\org\openjfx\javafx-web\17.0.0.1\javafx-web-17.0.0.1-win.jar;C:\Users\moham\.m2\repository\com\dlsc\formsfx\formsfx-core\11.3.2\formsfx-core-11.3.2.jar;C:\Users\moham\.m2\repository\org\openjfx\javafx-controls\17.0.0.1\javafx-controls-17.0.0.1-win.jar;C:\Users\moham\.m2\repository\eu\hansolo\tilesfx\11.48\tilesfx-11.48.jar;C:\Users\moham\.m2\repository\org\kordamp\ikonli\ikonli-javafx\12.2.0\ikonli-javafx-12.2.0.jar;D:\_________CODING_WORK______\____AP_Assignments______\AP_END_SEM_Project_( SNAKE_AND_LADDER)_GAME\AP_End-Project\target\classes;C:\Users\moham\.m2\repository\org\openjfx\javafx-graphics\17.0.0.1\javafx-graphics-17.0.0.1-win.jar;C:\Users\moham\.m2\repository\org\openjfx\javafx-media\17.0.0.1\javafx-media-17.0.0.1-win.jar;C:\Users\moham\.m2\repository\org\controlsfx\controlsfx\11.1.0\controlsfx-11.1.0.jar;C:\Users\moham\.m2\repository\net\synedra\validatorfx\0.1.13\validatorfx-0.1.13.jar -Djdk.module.main=com.example.snake_and_ladder com.example.snake_and_ladder/com.example.snake_and_ladder.Snake_AND_Ladders

Host: AMD Ryzen 5 3550H with Radeon Vega Mobile Gfx  , 8 cores, 21G,  Windows 10 , 64 bit Build 22000 (10.0.22000.318)
Time: Wed Dec 22 22:46:05 2021 India Standard Time elapsed time: 6.495617 seconds (0d 0h 0m 6s)

---------------  T H R E A D  ---------------

Current thread (0x0000026994d83d10):  VMThread "VM Thread" [stack: 0x0000008b17300000,0x0000008b17400000] [id=19296]

Stack: [0x0000008b17300000,0x0000008b17400000]
Native frames: (J=compiled Java code, j=interpreted, Vv=VM code, C=native code)
V  [jvm.dll+0x66fa1a]
V  [jvm.dll+0x7ce5a4]
V  [jvm.dll+0x7cfd4e]
V  [jvm.dll+0x7d03b3]
V  [jvm.dll+0x242b05]
V  [jvm.dll+0x66ca39]
V  [jvm.dll+0x661502]
V  [jvm.dll+0x30081b]
V  [jvm.dll+0x307da6]
V  [jvm.dll+0x357a1e]
V  [jvm.dll+0x357c4f]
V  [jvm.dll+0x2d7ad8]
V  [jvm.dll+0x2d5da4]
V  [jvm.dll+0x2d53ac]
V  [jvm.dll+0x318d0b]
V  [jvm.dll+0x7d484b]
V  [jvm.dll+0x7d5584]
V  [jvm.dll+0x7d5a9c]
V  [jvm.dll+0x7d5e74]
V  [jvm.dll+0x7d5f40]
V  [jvm.dll+0x77e91a]
V  [jvm.dll+0x66e845]
C  [ucrtbase.dll+0x26c0c]
C  [KERNEL32.DLL+0x154e0]
C  [ntdll.dll+0x485b]

VM_Operation (0x0000008b19efec80): G1CollectForAllocation, mode: safepoint, requested by thread 0x0000026996a98520


---------------  P R O C E S S  ---------------

Threads class SMR info:
_java_thread_list=0x0000026995cf2740, length=23, elements={
0x00000269ee6d2e30, 0x0000026994d8a830, 0x0000026994d8b5b0, 0x0000026994d9a050,
0x0000026994d9c920, 0x0000026994d9f1f0, 0x0000026994da0ac0, 0x0000026994dacbc0,
0x0000026994dad4c0, 0x0000026994dba9e0, 0x0000026994d722d0, 0x00000269962cebf0,
0x00000269962cff30, 0x00000269962d0400, 0x00000269962cf590, 0x00000269962cfa60,
0x0000026996a959d0, 0x0000026996a94690, 0x0000026996a98050, 0x0000026996a93350,
0x0000026996a941c0, 0x0000026996a96840, 0x0000026996a98520
}

Java Threads: ( => current thread )
  0x00000269ee6d2e30 JavaThread "main" [_thread_blocked, id=27220, stack(0x0000008b16d00000,0x0000008b16e00000)]
  0x0000026994d8a830 JavaThread "Reference Handler" daemon [_thread_blocked, id=34876, stack(0x0000008b17400000,0x0000008b17500000)]
  0x0000026994d8b5b0 JavaThread "Finalizer" daemon [_thread_blocked, id=28356, stack(0x0000008b17500000,0x0000008b17600000)]
  0x0000026994d9a050 JavaThread "Signal Dispatcher" daemon [_thread_blocked, id=17440, stack(0x0000008b17600000,0x0000008b17700000)]
  0x0000026994d9c920 JavaThread "Attach Listener" daemon [_thread_blocked, id=6128, stack(0x0000008b17700000,0x0000008b17800000)]
  0x0000026994d9f1f0 JavaThread "Service Thread" daemon [_thread_blocked, id=28768, stack(0x0000008b17800000,0x0000008b17900000)]
  0x0000026994da0ac0 JavaThread "Monitor Deflation Thread" daemon [_thread_blocked, id=24016, stack(0x0000008b17900000,0x0000008b17a00000)]
  0x0000026994dacbc0 JavaThread "C2 CompilerThread0" daemon [_thread_blocked, id=13904, stack(0x0000008b17a00000,0x0000008b17b00000)]
  0x0000026994dad4c0 JavaThread "C1 CompilerThread0" daemon [_thread_blocked, id=30340, stack(0x0000008b17b00000,0x0000008b17c00000)]
  0x0000026994dba9e0 JavaThread "Sweeper thread" daemon [_thread_blocked, id=36948, stack(0x0000008b17c00000,0x0000008b17d00000)]
  0x0000026994d722d0 JavaThread "Common-Cleaner" daemon [_thread_blocked, id=11500, stack(0x0000008b17d00000,0x0000008b17e00000)]
  0x00000269962cebf0 JavaThread "Monitor Ctrl-Break" daemon [_thread_in_native, id=30832, stack(0x0000008b18000000,0x0000008b18100000)]
  0x00000269962cff30 JavaThread "Notification Thread" daemon [_thread_blocked, id=36388, stack(0x0000008b18100000,0x0000008b18200000)]
  0x00000269962d0400 JavaThread "QuantumRenderer-0" daemon [_thread_blocked, id=8864, stack(0x0000008b17e00000,0x0000008b17f00000)]
  0x00000269962cf590 JavaThread "InvokeLaterDispatcher" daemon [_thread_blocked, id=34220, stack(0x0000008b18500000,0x0000008b18600000)]
  0x00000269962cfa60 JavaThread "JavaFX Application Thread" [_thread_in_native, id=37856, stack(0x0000008b18600000,0x0000008b18700000)]
  0x0000026996a959d0 JavaThread "Thread-1" daemon [_thread_blocked, id=16392, stack(0x0000008b19400000,0x0000008b19500000)]
  0x0000026996a94690 JavaThread "JavaFX-Launcher" [_thread_blocked, id=16284, stack(0x0000008b19500000,0x0000008b19600000)]
  0x0000026996a98050 JavaThread "Prism Font Disposer" daemon [_thread_blocked, id=22796, stack(0x0000008b19a00000,0x0000008b19b00000)]
  0x0000026996a93350 JavaThread "Cleaner-0" daemon [_thread_blocked, id=34052, stack(0x0000008b19b00000,0x0000008b19c00000)]
  0x0000026996a941c0 JavaThread "JFXMedia Player EventQueueThread" daemon [_thread_blocked, id=22672, stack(0x0000008b19d00000,0x0000008b19e00000)]
  0x0000026996a96840 JavaThread "Media Resource Disposer" daemon [_thread_blocked, id=2992, stack(0x0000008b1b200000,0x0000008b1b300000)]
  0x0000026996a98520 JavaThread "Unknown thread" [_thread_blocked, id=32940, stack(0x0000008b19e00000,0x0000008b19f00000)]

Other Threads:
=>0x0000026994d83d10 VMThread "VM Thread" [stack: 0x0000008b17300000,0x0000008b17400000] [id=19296]
  0x00000269960d25e0 WatcherThread [stack: 0x0000008b18200000,0x0000008b18300000] [id=27440]
  0x00000269ee72c380 GCTaskThread "GC Thread#0" [stack: 0x0000008b16e00000,0x0000008b16f00000] [id=33696]
  0x0000026996a17a30 GCTaskThread "GC Thread#1" [stack: 0x0000008b18d00000,0x0000008b18e00000] [id=35864]
  0x0000026996a17ce0 GCTaskThread "GC Thread#2" [stack: 0x0000008b18e00000,0x0000008b18f00000] [id=632]
  0x0000026996a17f90 GCTaskThread "GC Thread#3" [stack: 0x0000008b18f00000,0x0000008b19000000] [id=15844]
  0x0000026996a18240 GCTaskThread "GC Thread#4" [stack: 0x0000008b19000000,0x0000008b19100000] [id=35288]
  0x0000026996a1c6c0 GCTaskThread "GC Thread#5" [stack: 0x0000008b19100000,0x0000008b19200000] [id=37704]
  0x0000026996a1e980 GCTaskThread "GC Thread#6" [stack: 0x0000008b19200000,0x0000008b19300000] [id=32628]
  0x0000026996a421e0 GCTaskThread "GC Thread#7" [stack: 0x0000008b19300000,0x0000008b19400000] [id=28880]
  0x00000269ee738250 ConcurrentGCThread "G1 Main Marker" [stack: 0x0000008b16f00000,0x0000008b17000000] [id=14532]
  0x00000269ee738c60 ConcurrentGCThread "G1 Conc#0" [stack: 0x0000008b17000000,0x0000008b17100000] [id=552]
  0x00000269ee7adf40 ConcurrentGCThread "G1 Refine#0" [stack: 0x0000008b17100000,0x0000008b17200000] [id=34452]
  0x00000269958cbd30 ConcurrentGCThread "G1 Refine#1" [stack: 0x0000008b19f00000,0x0000008b1a000000] [id=29736]
  0x00000269ee7ae870 ConcurrentGCThread "G1 Service" [stack: 0x0000008b17200000,0x0000008b17300000] [id=37452]

Threads with active compile tasks:

VM state: at safepoint (normal execution)

VM Mutex/Monitor currently owned by a thread:  ([mutex/lock_event])
[0x00000269ec56d060] Threads_lock - owner thread: 0x0000026994d83d10
[0x00000269ec56da80] Heap_lock - owner thread: 0x0000026996a98520

Heap address: 0x00000006a0c00000, size: 5620 MB, Compressed Oops mode: Zero based, Oop shift amount: 3

CDS archive(s) mapped at: [0x0000000800000000-0x0000000800bc0000-0x0000000800bc0000), size 12320768, SharedBaseAddress: 0x0000000800000000, ArchiveRelocationMode: 0.
Compressed class space mapped at: 0x0000000800c00000-0x0000000840c00000, reserved size: 1073741824
Narrow klass base: 0x0000000800000000, Narrow klass shift: 0, Narrow klass range: 0x100000000

GC Precious Log:
 CPUs: 8 total, 8 available
 Memory: 22465M
 Large Page Support: Disabled
 NUMA Support: Disabled
 Compressed Oops: Enabled (Zero based)
 Heap Region Size: 4M
 Heap Min Capacity: 8M
 Heap Initial Capacity: 352M
 Heap Max Capacity: 5620M
 Pre-touch: Disabled
 Parallel Workers: 8
 Concurrent Workers: 2
 Concurrent Refinement Workers: 8
 Periodic GC: Disabled

Heap:
 garbage-first heap   total 716800K, used 10707K [0x00000006a0c00000, 0x0000000800000000)
  region size 4096K, 3 young (12288K), 3 survivors (12288K)
 Metaspace       used 15399K, committed 15616K, reserved 1064960K
  class space    used 2259K, committed 2368K, reserved 1048576K

Heap Regions: E=young(eden), S=young(survivor), O=old, HS=humongous(starts), HC=humongous(continues), CS=collection set, F=free, OA=open archive, CA=closed archive, TAMS=top-at-mark-start (previous, next)
|   0|0x00000006a0c00000, 0x00000006a0dc8800, 0x00000006a1000000| 44%| O|  |TAMS 0x00000006a0c00000, 0x00000006a0c00000| Untracked 
|   1|0x00000006a1000000, 0x00000006a1000000, 0x00000006a1400000|  0%| F|  |TAMS 0x00000006a1000000, 0x00000006a1000000| Untracked 
|   2|0x00000006a1400000, 0x00000006a1400000, 0x00000006a1800000|  0%| F|  |TAMS 0x00000006a1400000, 0x00000006a1400000| Untracked 
|   3|0x00000006a1800000, 0x00000006a1800000, 0x00000006a1c00000|  0%| F|  |TAMS 0x00000006a1800000, 0x00000006a1800000| Untracked 
|   4|0x00000006a1c00000, 0x00000006a1c00000, 0x00000006a2000000|  0%| F|  |TAMS 0x00000006a1c00000, 0x00000006a1c00000| Untracked 
|   5|0x00000006a2000000, 0x00000006a2000000, 0x00000006a2400000|  0%| F|  |TAMS 0x00000006a2000000, 0x00000006a2000000| Untracked 
|   6|0x00000006a2400000, 0x00000006a2400000, 0x00000006a2800000|  0%| F|  |TAMS 0x00000006a2400000, 0x00000006a2400000| Untracked 
|   7|0x00000006a2800000, 0x00000006a2800000, 0x00000006a2c00000|  0%| F|  |TAMS 0x00000006a2800000, 0x00000006a2800000| Untracked 
|   8|0x00000006a2c00000, 0x00000006a2c00000, 0x00000006a3000000|  0%| F|  |TAMS 0x00000006a2c00000, 0x00000006a2c00000| Untracked 
|   9|0x00000006a3000000, 0x00000006a3000000, 0x00000006a3400000|  0%| F|  |TAMS 0x00000006a3000000, 0x00000006a3000000| Untracked 
|  10|0x00000006a3400000, 0x00000006a3400000, 0x00000006a3800000|  0%| F|  |TAMS 0x00000006a3400000, 0x00000006a3400000| Untracked 
|  11|0x00000006a3800000, 0x00000006a3800000, 0x00000006a3c00000|  0%| F|  |TAMS 0x00000006a3800000, 0x00000006a3800000| Untracked 
|  12|0x00000006a3c00000, 0x00000006a3c00000, 0x00000006a4000000|  0%| F|  |TAMS 0x00000006a3c00000, 0x00000006a3c00000| Untracked 
|  13|0x00000006a4000000, 0x00000006a4000000, 0x00000006a4400000|  0%| F|  |TAMS 0x00000006a4000000, 0x00000006a4000000| Untracked 
|  14|0x00000006a4400000, 0x00000006a4400000, 0x00000006a4800000|  0%| F|  |TAMS 0x00000006a4400000, 0x00000006a4400000| Untracked 
|  15|0x00000006a4800000, 0x00000006a4800000, 0x00000006a4c00000|  0%| F|  |TAMS 0x00000006a4800000, 0x00000006a4800000| Untracked 
|  16|0x00000006a4c00000, 0x00000006a4c00000, 0x00000006a5000000|  0%| F|  |TAMS 0x00000006a4c00000, 0x00000006a4c00000| Untracked 
|  17|0x00000006a5000000, 0x00000006a5000000, 0x00000006a5400000|  0%| F|  |TAMS 0x00000006a5000000, 0x00000006a5000000| Untracked 
|  18|0x00000006a5400000, 0x00000006a5400000, 0x00000006a5800000|  0%| F|  |TAMS 0x00000006a5400000, 0x00000006a5400000| Untracked 
|  19|0x00000006a5800000, 0x00000006a5800000, 0x00000006a5c00000|  0%| F|  |TAMS 0x00000006a5800000, 0x00000006a5800000| Untracked 
|  20|0x00000006a5c00000, 0x00000006a5c00000, 0x00000006a6000000|  0%| F|  |TAMS 0x00000006a5c00000, 0x00000006a5c00000| Untracked 
|  21|0x00000006a6000000, 0x00000006a6000000, 0x00000006a6400000|  0%| F|  |TAMS 0x00000006a6000000, 0x00000006a6000000| Untracked 
|  22|0x00000006a6400000, 0x00000006a6400000, 0x00000006a6800000|  0%| F|  |TAMS 0x00000006a6400000, 0x00000006a6400000| Untracked 
|  23|0x00000006a6800000, 0x00000006a6800000, 0x00000006a6c00000|  0%| F|  |TAMS 0x00000006a6800000, 0x00000006a6800000| Untracked 
|  24|0x00000006a6c00000, 0x00000006a6c00000, 0x00000006a7000000|  0%| F|  |TAMS 0x00000006a6c00000, 0x00000006a6c00000| Untracked 
|  25|0x00000006a7000000, 0x00000006a7000000, 0x00000006a7400000|  0%| F|  |TAMS 0x00000006a7000000, 0x00000006a7000000| Untracked 
|  26|0x00000006a7400000, 0x00000006a7400000, 0x00000006a7800000|  0%| F|  |TAMS 0x00000006a7400000, 0x00000006a7400000| Untracked 
|  27|0x00000006a7800000, 0x00000006a7800000, 0x00000006a7c00000|  0%| F|  |TAMS 0x00000006a7800000, 0x00000006a7800000| Untracked 
|  28|0x00000006a7c00000, 0x00000006a7c00000, 0x00000006a8000000|  0%| F|  |TAMS 0x00000006a7c00000, 0x00000006a7c00000| Untracked 
|  29|0x00000006a8000000, 0x00000006a8000000, 0x00000006a8400000|  0%| F|  |TAMS 0x00000006a8000000, 0x00000006a8000000| Untracked 
|  30|0x00000006a8400000, 0x00000006a8400000, 0x00000006a8800000|  0%| F|  |TAMS 0x00000006a8400000, 0x00000006a8400000| Untracked 
|  31|0x00000006a8800000, 0x00000006a8800000, 0x00000006a8c00000|  0%| F|  |TAMS 0x00000006a8800000, 0x00000006a8800000| Untracked 
|  32|0x00000006a8c00000, 0x00000006a8c00000, 0x00000006a9000000|  0%| F|  |TAMS 0x00000006a8c00000, 0x00000006a8c00000| Untracked 
|  33|0x00000006a9000000, 0x00000006a9000000, 0x00000006a9400000|  0%| F|  |TAMS 0x00000006a9000000, 0x00000006a9000000| Untracked 
|  34|0x00000006a9400000, 0x00000006a9400000, 0x00000006a9800000|  0%| F|  |TAMS 0x00000006a9400000, 0x00000006a9400000| Untracked 
|  35|0x00000006a9800000, 0x00000006a9800000, 0x00000006a9c00000|  0%| F|  |TAMS 0x00000006a9800000, 0x00000006a9800000| Untracked 
|  36|0x00000006a9c00000, 0x00000006a9c00000, 0x00000006aa000000|  0%| F|  |TAMS 0x00000006a9c00000, 0x00000006a9c00000| Untracked 
|  37|0x00000006aa000000, 0x00000006aa000000, 0x00000006aa400000|  0%| F|  |TAMS 0x00000006aa000000, 0x00000006aa000000| Untracked 
|  38|0x00000006aa400000, 0x00000006aa400000, 0x00000006aa800000|  0%| F|  |TAMS 0x00000006aa400000, 0x00000006aa400000| Untracked 
|  39|0x00000006aa800000, 0x00000006aa800000, 0x00000006aac00000|  0%| F|  |TAMS 0x00000006aa800000, 0x00000006aa800000| Untracked 
|  40|0x00000006aac00000, 0x00000006aac00000, 0x00000006ab000000|  0%| F|  |TAMS 0x00000006aac00000, 0x00000006aac00000| Untracked 
|  41|0x00000006ab000000, 0x00000006ab000000, 0x00000006ab400000|  0%| F|  |TAMS 0x00000006ab000000, 0x00000006ab000000| Untracked 
|  42|0x00000006ab400000, 0x00000006ab400000, 0x00000006ab800000|  0%| F|  |TAMS 0x00000006ab400000, 0x00000006ab400000| Untracked 
|  43|0x00000006ab800000, 0x00000006ab800000, 0x00000006abc00000|  0%| F|  |TAMS 0x00000006ab800000, 0x00000006ab800000| Untracked 
|  44|0x00000006abc00000, 0x00000006abc00000, 0x00000006ac000000|  0%| F|  |TAMS 0x00000006abc00000, 0x00000006abc00000| Untracked 
|  45|0x00000006ac000000, 0x00000006ac000000, 0x00000006ac400000|  0%| F|  |TAMS 0x00000006ac000000, 0x00000006ac000000| Untracked 
|  46|0x00000006ac400000, 0x00000006ac400000, 0x00000006ac800000|  0%| F|  |TAMS 0x00000006ac400000, 0x00000006ac400000| Untracked 
|  47|0x00000006ac800000, 0x00000006ac800000, 0x00000006acc00000|  0%| F|  |TAMS 0x00000006ac800000, 0x00000006ac800000| Untracked 
|  48|0x00000006acc00000, 0x00000006acc00000, 0x00000006ad000000|  0%| F|  |TAMS 0x00000006acc00000, 0x00000006acc00000| Untracked 
|  49|0x00000006ad000000, 0x00000006ad000000, 0x00000006ad400000|  0%| F|  |TAMS 0x00000006ad000000, 0x00000006ad000000| Untracked 
|  50|0x00000006ad400000, 0x00000006ad400000, 0x00000006ad800000|  0%| F|  |TAMS 0x00000006ad400000, 0x00000006ad400000| Untracked 
|  51|0x00000006ad800000, 0x00000006ad800000, 0x00000006adc00000|  0%| F|  |TAMS 0x00000006ad800000, 0x00000006ad800000| Untracked 
|  52|0x00000006adc00000, 0x00000006adc00000, 0x00000006ae000000|  0%| F|  |TAMS 0x00000006adc00000, 0x00000006adc00000| Untracked 
|  53|0x00000006ae000000, 0x00000006ae000000, 0x00000006ae400000|  0%| F|  |TAMS 0x00000006ae000000, 0x00000006ae000000| Untracked 
|  54|0x00000006ae400000, 0x00000006ae400000, 0x00000006ae800000|  0%| F|  |TAMS 0x00000006ae400000, 0x00000006ae400000| Untracked 
|  55|0x00000006ae800000, 0x00000006ae800000, 0x00000006aec00000|  0%| F|  |TAMS 0x00000006ae800000, 0x00000006ae800000| Untracked 
|  56|0x00000006aec00000, 0x00000006aec00000, 0x00000006af000000|  0%| F|  |TAMS 0x00000006aec00000, 0x00000006aec00000| Untracked 
|  57|0x00000006af000000, 0x00000006af000000, 0x00000006af400000|  0%| F|  |TAMS 0x00000006af000000, 0x00000006af000000| Untracked 
|  58|0x00000006af400000, 0x00000006af400000, 0x00000006af800000|  0%| F|  |TAMS 0x00000006af400000, 0x00000006af400000| Untracked 
|  59|0x00000006af800000, 0x00000006af800000, 0x00000006afc00000|  0%| F|  |TAMS 0x00000006af800000, 0x00000006af800000| Untracked 
|  60|0x00000006afc00000, 0x00000006afc00000, 0x00000006b0000000|  0%| F|  |TAMS 0x00000006afc00000, 0x00000006afc00000| Untracked 
|  61|0x00000006b0000000, 0x00000006b0000000, 0x00000006b0400000|  0%| F|  |TAMS 0x00000006b0000000, 0x00000006b0000000| Untracked 
|  62|0x00000006b0400000, 0x00000006b0400000, 0x00000006b0800000|  0%| F|  |TAMS 0x00000006b0400000, 0x00000006b0400000| Untracked 
|  63|0x00000006b0800000, 0x00000006b0800000, 0x00000006b0c00000|  0%| F|  |TAMS 0x00000006b0800000, 0x00000006b0800000| Untracked 
|  64|0x00000006b0c00000, 0x00000006b0c00000, 0x00000006b1000000|  0%| F|  |TAMS 0x00000006b0c00000, 0x00000006b0c00000| Untracked 
|  65|0x00000006b1000000, 0x00000006b1000000, 0x00000006b1400000|  0%| F|  |TAMS 0x00000006b1000000, 0x00000006b1000000| Untracked 
|  66|0x00000006b1400000, 0x00000006b1400000, 0x00000006b1800000|  0%| F|  |TAMS 0x00000006b1400000, 0x00000006b1400000| Untracked 
|  67|0x00000006b1800000, 0x00000006b18ac500, 0x00000006b1c00000| 16%| S|CS|TAMS 0x00000006b1800000, 0x00000006b1800000| Complete 
|  68|0x00000006b1c00000, 0x00000006b2000000, 0x00000006b2000000|100%| S|CS|TAMS 0x00000006b1c00000, 0x00000006b1c00000| Complete 
|  69|0x00000006b2000000, 0x00000006b2400000, 0x00000006b2400000|100%| S|CS|TAMS 0x00000006b2000000, 0x00000006b2000000| Complete 
|  70|0x00000006b2400000, 0x00000006b2400000, 0x00000006b2800000|  0%| F|  |TAMS 0x00000006b2400000, 0x00000006b2400000| Untracked 
|  71|0x00000006b2800000, 0x00000006b2800000, 0x00000006b2c00000|  0%| F|  |TAMS 0x00000006b2800000, 0x00000006b2800000| Untracked 
|  72|0x00000006b2c00000, 0x00000006b2c00000, 0x00000006b3000000|  0%| F|  |TAMS 0x00000006b2c00000, 0x00000006b2c00000| Untracked 
|  73|0x00000006b3000000, 0x00000006b3000000, 0x00000006b3400000|  0%| F|  |TAMS 0x00000006b3000000, 0x00000006b3000000| Untracked 
|  74|0x00000006b3400000, 0x00000006b3400000, 0x00000006b3800000|  0%| F|  |TAMS 0x00000006b3400000, 0x00000006b3400000| Untracked 
|  75|0x00000006b3800000, 0x00000006b3800000, 0x00000006b3c00000|  0%| F|  |TAMS 0x00000006b3800000, 0x00000006b3800000| Untracked 
|  76|0x00000006b3c00000, 0x00000006b3c00000, 0x00000006b4000000|  0%| F|  |TAMS 0x00000006b3c00000, 0x00000006b3c00000| Untracked 
|  77|0x00000006b4000000, 0x00000006b4000000, 0x00000006b4400000|  0%| F|  |TAMS 0x00000006b4000000, 0x00000006b4000000| Untracked 
|  78|0x00000006b4400000, 0x00000006b4400000, 0x00000006b4800000|  0%| F|  |TAMS 0x00000006b4400000, 0x00000006b4400000| Untracked 
|  79|0x00000006b4800000, 0x00000006b4800000, 0x00000006b4c00000|  0%| F|  |TAMS 0x00000006b4800000, 0x00000006b4800000| Untracked 
|  80|0x00000006b4c00000, 0x00000006b4c00000, 0x00000006b5000000|  0%| F|  |TAMS 0x00000006b4c00000, 0x00000006b4c00000| Untracked 
|  81|0x00000006b5000000, 0x00000006b5000000, 0x00000006b5400000|  0%| F|  |TAMS 0x00000006b5000000, 0x00000006b5000000| Untracked 
|  82|0x00000006b5400000, 0x00000006b5400000, 0x00000006b5800000|  0%| F|  |TAMS 0x00000006b5400000, 0x00000006b5400000| Untracked 
|  83|0x00000006b5800000, 0x00000006b5800000, 0x00000006b5c00000|  0%| F|  |TAMS 0x00000006b5800000, 0x00000006b5800000| Untracked 
|  84|0x00000006b5c00000, 0x00000006b5c00000, 0x00000006b6000000|  0%| F|  |TAMS 0x00000006b5c00000, 0x00000006b5c00000| Untracked 
|  85|0x00000006b6000000, 0x00000006b6000000, 0x00000006b6400000|  0%| F|  |TAMS 0x00000006b6000000, 0x00000006b6000000| Untracked 
|  86|0x00000006b6400000, 0x00000006b6400000, 0x00000006b6800000|  0%| F|  |TAMS 0x00000006b6400000, 0x00000006b6400000| Untracked 
|  87|0x00000006b6800000, 0x00000006b6800000, 0x00000006b6c00000|  0%| F|  |TAMS 0x00000006b6800000, 0x00000006b6800000| Untracked 
|  88|0x00000006b6c00000, 0x00000006b6c00000, 0x00000006b7000000|  0%| F|  |TAMS 0x00000006b6c00000, 0x00000006b6c00000| Untracked 
|  89|0x00000006b7000000, 0x00000006b7000000, 0x00000006b7400000|  0%| F|  |TAMS 0x00000006b7000000, 0x00000006b7000000| Untracked 
|  90|0x00000006b7400000, 0x00000006b7400000, 0x00000006b7800000|  0%| F|  |TAMS 0x00000006b7400000, 0x00000006b7400000| Untracked 
|  91|0x00000006b7800000, 0x00000006b7800000, 0x00000006b7c00000|  0%| F|  |TAMS 0x00000006b7800000, 0x00000006b7800000| Untracked 
|  92|0x00000006b7c00000, 0x00000006b7c00000, 0x00000006b8000000|  0%| F|  |TAMS 0x00000006b7c00000, 0x00000006b7c00000| Untracked 
|  93|0x00000006b8000000, 0x00000006b8000000, 0x00000006b8400000|  0%| F|  |TAMS 0x00000006b8000000, 0x00000006b8000000| Untracked 
|  94|0x00000006b8400000, 0x00000006b8400000, 0x00000006b8800000|  0%| F|  |TAMS 0x00000006b8400000, 0x00000006b8400000| Untracked 
|  95|0x00000006b8800000, 0x00000006b8800000, 0x00000006b8c00000|  0%| F|  |TAMS 0x00000006b8800000, 0x00000006b8800000| Untracked 
|  96|0x00000006b8c00000, 0x00000006b8c00000, 0x00000006b9000000|  0%| F|  |TAMS 0x00000006b8c00000, 0x00000006b8c00000| Untracked 
|  97|0x00000006b9000000, 0x00000006b9000000, 0x00000006b9400000|  0%| F|  |TAMS 0x00000006b9000000, 0x00000006b9000000| Untracked 
|  98|0x00000006b9400000, 0x00000006b9400000, 0x00000006b9800000|  0%| F|  |TAMS 0x00000006b9400000, 0x00000006b9400000| Untracked 
|  99|0x00000006b9800000, 0x00000006b9800000, 0x00000006b9c00000|  0%| F|  |TAMS 0x00000006b9800000, 0x00000006b9800000| Untracked 
| 100|0x00000006b9c00000, 0x00000006b9c00000, 0x00000006ba000000|  0%| F|  |TAMS 0x00000006b9c00000, 0x00000006b9c00000| Untracked 
| 101|0x00000006ba000000, 0x00000006ba000000, 0x00000006ba400000|  0%| F|  |TAMS 0x00000006ba000000, 0x00000006ba000000| Untracked 
| 102|0x00000006ba400000, 0x00000006ba400000, 0x00000006ba800000|  0%| F|  |TAMS 0x00000006ba400000, 0x00000006ba400000| Untracked 
| 103|0x00000006ba800000, 0x00000006ba800000, 0x00000006bac00000|  0%| F|  |TAMS 0x00000006ba800000, 0x00000006ba800000| Untracked 
| 104|0x00000006bac00000, 0x00000006bac00000, 0x00000006bb000000|  0%| F|  |TAMS 0x00000006bac00000, 0x00000006bac00000| Untracked 
| 105|0x00000006bb000000, 0x00000006bb000000, 0x00000006bb400000|  0%| F|  |TAMS 0x00000006bb000000, 0x00000006bb000000| Untracked 
| 106|0x00000006bb400000, 0x00000006bb400000, 0x00000006bb800000|  0%| F|  |TAMS 0x00000006bb400000, 0x00000006bb400000| Untracked 
| 107|0x00000006bb800000, 0x00000006bb800000, 0x00000006bbc00000|  0%| F|  |TAMS 0x00000006bb800000, 0x00000006bb800000| Untracked 
| 108|0x00000006bbc00000, 0x00000006bbc00000, 0x00000006bc000000|  0%| F|  |TAMS 0x00000006bbc00000, 0x00000006bbc00000| Untracked 
| 109|0x00000006bc000000, 0x00000006bc000000, 0x00000006bc400000|  0%| F|  |TAMS 0x00000006bc000000, 0x00000006bc000000| Untracked 
| 110|0x00000006bc400000, 0x00000006bc400000, 0x00000006bc800000|  0%| F|  |TAMS 0x00000006bc400000, 0x00000006bc400000| Untracked 
| 111|0x00000006bc800000, 0x00000006bc800000, 0x00000006bcc00000|  0%| F|  |TAMS 0x00000006bc800000, 0x00000006bc800000| Untracked 
| 112|0x00000006bcc00000, 0x00000006bcc00000, 0x00000006bd000000|  0%| F|  |TAMS 0x00000006bcc00000, 0x00000006bcc00000| Untracked 
| 113|0x00000006bd000000, 0x00000006bd000000, 0x00000006bd400000|  0%| F|  |TAMS 0x00000006bd000000, 0x00000006bd000000| Untracked 
| 114|0x00000006bd400000, 0x00000006bd400000, 0x00000006bd800000|  0%| F|  |TAMS 0x00000006bd400000, 0x00000006bd400000| Untracked 
| 115|0x00000006bd800000, 0x00000006bd800000, 0x00000006bdc00000|  0%| F|  |TAMS 0x00000006bd800000, 0x00000006bd800000| Untracked 
| 116|0x00000006bdc00000, 0x00000006bdc00000, 0x00000006be000000|  0%| F|  |TAMS 0x00000006bdc00000, 0x00000006bdc00000| Untracked 
| 117|0x00000006be000000, 0x00000006be000000, 0x00000006be400000|  0%| F|  |TAMS 0x00000006be000000, 0x00000006be000000| Untracked 
| 118|0x00000006be400000, 0x00000006be400000, 0x00000006be800000|  0%| F|  |TAMS 0x00000006be400000, 0x00000006be400000| Untracked 
| 119|0x00000006be800000, 0x00000006be800000, 0x00000006bec00000|  0%| F|  |TAMS 0x00000006be800000, 0x00000006be800000| Untracked 
| 120|0x00000006bec00000, 0x00000006bec00000, 0x00000006bf000000|  0%| F|  |TAMS 0x00000006bec00000, 0x00000006bec00000| Untracked 
| 121|0x00000006bf000000, 0x00000006bf000000, 0x00000006bf400000|  0%| F|  |TAMS 0x00000006bf000000, 0x00000006bf000000| Untracked 
| 122|0x00000006bf400000, 0x00000006bf400000, 0x00000006bf800000|  0%| F|  |TAMS 0x00000006bf400000, 0x00000006bf400000| Untracked 
| 123|0x00000006bf800000, 0x00000006bf800000, 0x00000006bfc00000|  0%| F|  |TAMS 0x00000006bf800000, 0x00000006bf800000| Untracked 
| 124|0x00000006bfc00000, 0x00000006bfc00000, 0x00000006c0000000|  0%| F|  |TAMS 0x00000006bfc00000, 0x00000006bfc00000| Untracked 
| 125|0x00000006c0000000, 0x00000006c0000000, 0x00000006c0400000|  0%| F|  |TAMS 0x00000006c0000000, 0x00000006c0000000| Untracked 
| 126|0x00000006c0400000, 0x00000006c0400000, 0x00000006c0800000|  0%| F|  |TAMS 0x00000006c0400000, 0x00000006c0400000| Untracked 
| 127|0x00000006c0800000, 0x00000006c0800000, 0x00000006c0c00000|  0%| F|  |TAMS 0x00000006c0800000, 0x00000006c0800000| Untracked 
| 128|0x00000006c0c00000, 0x00000006c0c00000, 0x00000006c1000000|  0%| F|  |TAMS 0x00000006c0c00000, 0x00000006c0c00000| Untracked 
| 129|0x00000006c1000000, 0x00000006c1000000, 0x00000006c1400000|  0%| F|  |TAMS 0x00000006c1000000, 0x00000006c1000000| Untracked 
| 130|0x00000006c1400000, 0x00000006c1400000, 0x00000006c1800000|  0%| F|  |TAMS 0x00000006c1400000, 0x00000006c1400000| Untracked 
| 131|0x00000006c1800000, 0x00000006c1800000, 0x00000006c1c00000|  0%| F|  |TAMS 0x00000006c1800000, 0x00000006c1800000| Untracked 
| 132|0x00000006c1c00000, 0x00000006c1c00000, 0x00000006c2000000|  0%| F|  |TAMS 0x00000006c1c00000, 0x00000006c1c00000| Untracked 
| 133|0x00000006c2000000, 0x00000006c2000000, 0x00000006c2400000|  0%| F|  |TAMS 0x00000006c2000000, 0x00000006c2000000| Untracked 
| 134|0x00000006c2400000, 0x00000006c2400000, 0x00000006c2800000|  0%| F|  |TAMS 0x00000006c2400000, 0x00000006c2400000| Untracked 
| 135|0x00000006c2800000, 0x00000006c2800000, 0x00000006c2c00000|  0%| F|  |TAMS 0x00000006c2800000, 0x00000006c2800000| Untracked 
| 136|0x00000006c2c00000, 0x00000006c2c00000, 0x00000006c3000000|  0%| F|  |TAMS 0x00000006c2c00000, 0x00000006c2c00000| Untracked 
| 137|0x00000006c3000000, 0x00000006c3000000, 0x00000006c3400000|  0%| F|  |TAMS 0x00000006c3000000, 0x00000006c3000000| Untracked 
| 138|0x00000006c3400000, 0x00000006c3400000, 0x00000006c3800000|  0%| F|  |TAMS 0x00000006c3400000, 0x00000006c3400000| Untracked 
| 139|0x00000006c3800000, 0x00000006c3800000, 0x00000006c3c00000|  0%| F|  |TAMS 0x00000006c3800000, 0x00000006c3800000| Untracked 
| 140|0x00000006c3c00000, 0x00000006c3c00000, 0x00000006c4000000|  0%| F|  |TAMS 0x00000006c3c00000, 0x00000006c3c00000| Untracked 
| 141|0x00000006c4000000, 0x00000006c4000000, 0x00000006c4400000|  0%| F|  |TAMS 0x00000006c4000000, 0x00000006c4000000| Untracked 
| 142|0x00000006c4400000, 0x00000006c4400000, 0x00000006c4800000|  0%| F|  |TAMS 0x00000006c4400000, 0x00000006c4400000| Untracked 
| 143|0x00000006c4800000, 0x00000006c4800000, 0x00000006c4c00000|  0%| F|  |TAMS 0x00000006c4800000, 0x00000006c4800000| Untracked 
| 144|0x00000006c4c00000, 0x00000006c4c00000, 0x00000006c5000000|  0%| F|  |TAMS 0x00000006c4c00000, 0x00000006c4c00000| Untracked 
| 145|0x00000006c5000000, 0x00000006c5000000, 0x00000006c5400000|  0%| F|  |TAMS 0x00000006c5000000, 0x00000006c5000000| Untracked 
| 146|0x00000006c5400000, 0x00000006c5400000, 0x00000006c5800000|  0%| F|  |TAMS 0x00000006c5400000, 0x00000006c5400000| Untracked 
| 147|0x00000006c5800000, 0x00000006c5800000, 0x00000006c5c00000|  0%| F|  |TAMS 0x00000006c5800000, 0x00000006c5800000| Untracked 
| 148|0x00000006c5c00000, 0x00000006c5c00000, 0x00000006c6000000|  0%| F|  |TAMS 0x00000006c5c00000, 0x00000006c5c00000| Untracked 
| 149|0x00000006c6000000, 0x00000006c6000000, 0x00000006c6400000|  0%| F|  |TAMS 0x00000006c6000000, 0x00000006c6000000| Untracked 
| 150|0x00000006c6400000, 0x00000006c6400000, 0x00000006c6800000|  0%| F|  |TAMS 0x00000006c6400000, 0x00000006c6400000| Untracked 
| 151|0x00000006c6800000, 0x00000006c6800000, 0x00000006c6c00000|  0%| F|  |TAMS 0x00000006c6800000, 0x00000006c6800000| Untracked 
| 152|0x00000006c6c00000, 0x00000006c6c00000, 0x00000006c7000000|  0%| F|  |TAMS 0x00000006c6c00000, 0x00000006c6c00000| Untracked 
| 153|0x00000006c7000000, 0x00000006c7000000, 0x00000006c7400000|  0%| F|  |TAMS 0x00000006c7000000, 0x00000006c7000000| Untracked 
| 154|0x00000006c7400000, 0x00000006c7400000, 0x00000006c7800000|  0%| F|  |TAMS 0x00000006c7400000, 0x00000006c7400000| Untracked 
| 155|0x00000006c7800000, 0x00000006c7800000, 0x00000006c7c00000|  0%| F|  |TAMS 0x00000006c7800000, 0x00000006c7800000| Untracked 
| 156|0x00000006c7c00000, 0x00000006c7c00000, 0x00000006c8000000|  0%| F|  |TAMS 0x00000006c7c00000, 0x00000006c7c00000| Untracked 
| 157|0x00000006c8000000, 0x00000006c8000000, 0x00000006c8400000|  0%| F|  |TAMS 0x00000006c8000000, 0x00000006c8000000| Untracked 
| 158|0x00000006c8400000, 0x00000006c8400000, 0x00000006c8800000|  0%| F|  |TAMS 0x00000006c8400000, 0x00000006c8400000| Untracked 
| 159|0x00000006c8800000, 0x00000006c8800000, 0x00000006c8c00000|  0%| F|  |TAMS 0x00000006c8800000, 0x00000006c8800000| Untracked 
| 160|0x00000006c8c00000, 0x00000006c8c00000, 0x00000006c9000000|  0%| F|  |TAMS 0x00000006c8c00000, 0x00000006c8c00000| Untracked 
| 161|0x00000006c9000000, 0x00000006c9000000, 0x00000006c9400000|  0%| F|  |TAMS 0x00000006c9000000, 0x00000006c9000000| Untracked 
| 162|0x00000006c9400000, 0x00000006c9400000, 0x00000006c9800000|  0%| F|  |TAMS 0x00000006c9400000, 0x00000006c9400000| Untracked 
| 163|0x00000006c9800000, 0x00000006c9800000, 0x00000006c9c00000|  0%| F|  |TAMS 0x00000006c9800000, 0x00000006c9800000| Untracked 
| 164|0x00000006c9c00000, 0x00000006c9c00000, 0x00000006ca000000|  0%| F|  |TAMS 0x00000006c9c00000, 0x00000006c9c00000| Untracked 
| 165|0x00000006ca000000, 0x00000006ca000000, 0x00000006ca400000|  0%| F|  |TAMS 0x00000006ca000000, 0x00000006ca000000| Untracked 
| 166|0x00000006ca400000, 0x00000006ca400000, 0x00000006ca800000|  0%| F|  |TAMS 0x00000006ca400000, 0x00000006ca400000| Untracked 
| 167|0x00000006ca800000, 0x00000006ca800000, 0x00000006cac00000|  0%| F|  |TAMS 0x00000006ca800000, 0x00000006ca800000| Untracked 
| 168|0x00000006cac00000, 0x00000006cac00000, 0x00000006cb000000|  0%| F|  |TAMS 0x00000006cac00000, 0x00000006cac00000| Untracked 
| 169|0x00000006cb000000, 0x00000006cb000000, 0x00000006cb400000|  0%| F|  |TAMS 0x00000006cb000000, 0x00000006cb000000| Untracked 
| 170|0x00000006cb400000, 0x00000006cb400000, 0x00000006cb800000|  0%| F|  |TAMS 0x00000006cb400000, 0x00000006cb400000| Untracked 
| 171|0x00000006cb800000, 0x00000006cb800000, 0x00000006cbc00000|  0%| F|  |TAMS 0x00000006cb800000, 0x00000006cb800000| Untracked 
| 172|0x00000006cbc00000, 0x00000006cbc00000, 0x00000006cc000000|  0%| F|  |TAMS 0x00000006cbc00000, 0x00000006cbc00000| Untracked 
| 173|0x00000006cc000000, 0x00000006cc000000, 0x00000006cc400000|  0%| F|  |TAMS 0x00000006cc000000, 0x00000006cc000000| Untracked 
| 174|0x00000006cc400000, 0x00000006cc400000, 0x00000006cc800000|  0%| F|  |TAMS 0x00000006cc400000, 0x00000006cc400000| Untracked 

Card table byte_map: [0x00000269f6d10000,0x00000269f7810000] _byte_map_base: 0x00000269f380a000

Marking Bits (Prev, Next): (CMBitMap*) 0x00000269ee72c990, (CMBitMap*) 0x00000269ee72c9d0
 Prev Bits: [0x00000269f8310000, 0x00000269fdae0000)
 Next Bits: [0x000002698f000000, 0x00000269947d0000)

Polling page: 0x00000269ec6c0000

Metaspace:

Usage:
  Non-class:     12.83 MB used.
      Class:      2.21 MB used.
       Both:     15.04 MB used.

Virtual space:
  Non-class space:       16.00 MB reserved,      12.94 MB ( 81%) committed,  2 nodes.
      Class space:        1.00 GB reserved,       2.31 MB ( <1%) committed,  1 nodes.
             Both:        1.02 GB reserved,      15.25 MB (  1%) committed. 

Chunk freelists:
   Non-Class:  2.88 MB
       Class:  1.67 MB
        Both:  4.54 MB

MaxMetaspaceSize: unlimited
CompressedClassSpaceSize: 1.00 GB
Initial GC threshold: 21.00 MB
Current GC threshold: 21.00 MB
CDS: on
MetaspaceReclaimPolicy: balanced
 - commit_granule_bytes: 65536.
 - commit_granule_words: 8192.
 - virtual_space_node_default_size: 1048576.
 - enlarge_chunks_in_place: 1.
 - new_chunks_are_fully_committed: 0.
 - uncommit_free_chunks: 1.
 - use_allocation_guard: 0.
 - handle_deallocations: 1.


Internal statistics:

num_allocs_failed_limit: 0.
num_arena_births: 206.
num_arena_deaths: 0.
num_vsnodes_births: 3.
num_vsnodes_deaths: 0.
num_space_committed: 244.
num_space_uncommitted: 0.
num_chunks_returned_to_freelist: 0.
num_chunks_taken_from_freelist: 685.
num_chunk_merges: 0.
num_chunk_splits: 470.
num_chunks_enlarged: 370.
num_purges: 0.
num_inconsistent_stats: 0.

CodeHeap 'non-profiled nmethods': size=120000Kb used=767Kb max_used=767Kb free=119232Kb
 bounds [0x0000026987ad0000, 0x0000026987d40000, 0x000002698f000000]
CodeHeap 'profiled nmethods': size=120000Kb used=3496Kb max_used=3496Kb free=116503Kb
 bounds [0x00000269805a0000, 0x0000026980910000, 0x0000026987ad0000]
CodeHeap 'non-nmethods': size=5760Kb used=1432Kb max_used=1482Kb free=4327Kb
 bounds [0x0000026980000000, 0x0000026980270000, 0x00000269805a0000]
 total_blobs=2717 nmethods=1920 adapters=709
 compilation: enabled
              stopped_count=0, restarted_count=0
 full_count=0

Compilation events (20 events):
Event: 6.286 Thread 0x0000026994dad4c0 1912       3       java.nio.channels.spi.AbstractInterruptibleChannel::begin (48 bytes)
Event: 6.286 Thread 0x0000026994dad4c0 nmethod 1912 0x0000026980904790 code [0x0000026980904980, 0x0000026980904fd8]
Event: 6.286 Thread 0x0000026994dad4c0 1913       3       sun.nio.ch.IOUtil::acquireScope (11 bytes)
Event: 6.287 Thread 0x0000026994dad4c0 nmethod 1913 0x0000026980905290 code [0x0000026980905440, 0x0000026980905588]
Event: 6.287 Thread 0x0000026994dad4c0 1914       3       java.nio.Buffer$1::acquireScope (41 bytes)
Event: 6.287 Thread 0x0000026994dad4c0 nmethod 1914 0x0000026980905610 code [0x0000026980905800, 0x0000026980905d38]
Event: 6.287 Thread 0x0000026994dad4c0 1915       3       sun.nio.ch.IOUtil::bufferAddress (10 bytes)
Event: 6.287 Thread 0x0000026994dad4c0 nmethod 1915 0x0000026980905f10 code [0x00000269809060a0, 0x0000026980906218]
Event: 6.287 Thread 0x0000026994dad4c0 1916       3       java.nio.Buffer$1::getBufferAddress (5 bytes)
Event: 6.288 Thread 0x0000026994dad4c0 nmethod 1916 0x0000026980906310 code [0x00000269809064a0, 0x00000269809065b8]
Event: 6.288 Thread 0x0000026994dad4c0 1917   !   3       sun.nio.ch.IOUtil::releaseScope (31 bytes)
Event: 6.288 Thread 0x0000026994dad4c0 nmethod 1917 0x0000026980906690 code [0x0000026980906860, 0x0000026980906ba8]
Event: 6.290 Thread 0x0000026994dad4c0 1919   !   3       sun.nio.ch.FileChannelImpl::readInternal (253 bytes)
Event: 6.291 Thread 0x0000026994dad4c0 nmethod 1919 0x0000026980906d10 code [0x0000026980906fa0, 0x0000026980907b08]
Event: 6.311 Thread 0x0000026994dad4c0 1920       3       java.nio.channels.spi.AbstractInterruptibleChannel::end (53 bytes)
Event: 6.311 Thread 0x0000026994dad4c0 nmethod 1920 0x0000026980908010 code [0x0000026980908200, 0x0000026980908728]
Event: 6.312 Thread 0x0000026994dad4c0 1921   !   3       sun.nio.ch.IOUtil::readIntoNativeBuffer (173 bytes)
Event: 6.313 Thread 0x0000026994dad4c0 nmethod 1921 0x0000026980908910 code [0x0000026980908be0, 0x00000269809099f8]
Event: 6.426 Thread 0x0000026994dacbc0 1922   !   4       java.lang.ThreadGroup::remove (94 bytes)
Event: 6.431 Thread 0x0000026994dacbc0 nmethod 1922 0x0000026987b8f590 code [0x0000026987b8f720, 0x0000026987b8fbd8]

GC Heap History (20 events):
Event: 0.950 GC heap after
{Heap after GC invocations=1 (full 0):
 garbage-first heap   total 360448K, used 2523K [0x00000006a0c00000, 0x0000000800000000)
  region size 4096K, 1 young (4096K), 1 survivors (4096K)
 Metaspace       used 4062K, committed 4288K, reserved 1056768K
  class space    used 439K, committed 576K, reserved 1048576K
}
Event: 6.082 GC heap before
{Heap before GC invocations=1 (full 0):
 garbage-first heap   total 360448K, used 43483K [0x00000006a0c00000, 0x0000000800000000)
  region size 4096K, 12 young (49152K), 1 survivors (4096K)
 Metaspace       used 14794K, committed 15040K, reserved 1064960K
  class space    used 2157K, committed 2240K, reserved 1048576K
}
Event: 6.089 GC heap after
{Heap after GC invocations=2 (full 0):
 garbage-first heap   total 360448K, used 10018K [0x00000006a0c00000, 0x0000000800000000)
  region size 4096K, 2 young (8192K), 2 survivors (8192K)
 Metaspace       used 14794K, committed 15040K, reserved 1064960K
  class space    used 2157K, committed 2240K, reserved 1048576K
}
Event: 6.232 GC heap before
{Heap before GC invocations=2 (full 0):
 garbage-first heap   total 360448K, used 214818K [0x00000006a0c00000, 0x0000000800000000)
  region size 4096K, 52 young (212992K), 2 survivors (8192K)
 Metaspace       used 15358K, committed 15616K, reserved 1064960K
  class space    used 2257K, committed 2368K, reserved 1048576K
}
Event: 6.236 GC heap after
{Heap after GC invocations=3 (full 0):
 garbage-first heap   total 360448K, used 10662K [0x00000006a0c00000, 0x0000000800000000)
  region size 4096K, 3 young (12288K), 3 survivors (12288K)
 Metaspace       used 15358K, committed 15616K, reserved 1064960K
  class space    used 2257K, committed 2368K, reserved 1048576K
}
Event: 6.280 GC heap before
{Heap before GC invocations=3 (full 0):
 garbage-first heap   total 360448K, used 211366K [0x00000006a0c00000, 0x0000000800000000)
  region size 4096K, 52 young (212992K), 3 survivors (12288K)
 Metaspace       used 15385K, committed 15616K, reserved 1064960K
  class space    used 2257K, committed 2368K, reserved 1048576K
}
Event: 6.284 GC heap after
{Heap after GC invocations=4 (full 0):
 garbage-first heap   total 360448K, used 11547K [0x00000006a0c00000, 0x0000000800000000)
  region size 4096K, 3 young (12288K), 3 survivors (12288K)
 Metaspace       used 15385K, committed 15616K, reserved 1064960K
  class space    used 2257K, committed 2368K, reserved 1048576K
}
Event: 6.317 GC heap before
{Heap before GC invocations=4 (full 0):
 garbage-first heap   total 360448K, used 212251K [0x00000006a0c00000, 0x0000000800000000)
  region size 4096K, 52 young (212992K), 3 survivors (12288K)
 Metaspace       used 15391K, committed 15616K, reserved 1064960K
  class space    used 2257K, committed 2368K, reserved 1048576K
}
Event: 6.322 GC heap after
{Heap after GC invocations=5 (full 0):
 garbage-first heap   total 360448K, used 10536K [0x00000006a0c00000, 0x0000000800000000)
  region size 4096K, 3 young (12288K), 3 survivors (12288K)
 Metaspace       used 15391K, committed 15616K, reserved 1064960K
  class space    used 2257K, committed 2368K, reserved 1048576K
}
Event: 6.347 GC heap before
{Heap before GC invocations=5 (full 0):
 garbage-first heap   total 360448K, used 211240K [0x00000006a0c00000, 0x0000000800000000)
  region size 4096K, 52 young (212992K), 3 survivors (12288K)
 Metaspace       used 15391K, committed 15616K, reserved 1064960K
  class space    used 2257K, committed 2368K, reserved 1048576K
}
Event: 6.350 GC heap after
{Heap after GC invocations=6 (full 0):
 garbage-first heap   total 360448K, used 10602K [0x00000006a0c00000, 0x0000000800000000)
  region size 4096K, 3 young (12288K), 3 survivors (12288K)
 Metaspace       used 15391K, committed 15616K, reserved 1064960K
  class space    used 2257K, committed 2368K, reserved 1048576K
}
Event: 6.374 GC heap before
{Heap before GC invocations=6 (full 0):
 garbage-first heap   total 360448K, used 211306K [0x00000006a0c00000, 0x0000000800000000)
  region size 4096K, 52 young (212992K), 3 survivors (12288K)
 Metaspace       used 15391K, committed 15616K, reserved 1064960K
  class space    used 2257K, committed 2368K, reserved 1048576K
}
Event: 6.379 GC heap after
{Heap after GC invocations=7 (full 0):
 garbage-first heap   total 716800K, used 10749K [0x00000006a0c00000, 0x0000000800000000)
  region size 4096K, 3 young (12288K), 3 survivors (12288K)
 Metaspace       used 15391K, committed 15616K, reserved 1064960K
  class space    used 2257K, committed 2368K, reserved 1048576K
}
Event: 6.404 GC heap before
{Heap before GC invocations=7 (full 0):
 garbage-first heap   total 716800K, used 428541K [0x00000006a0c00000, 0x0000000800000000)
  region size 4096K, 105 young (430080K), 3 survivors (12288K)
 Metaspace       used 15391K, committed 15616K, reserved 1064960K
  class space    used 2257K, committed 2368K, reserved 1048576K
}
Event: 6.409 GC heap after
{Heap after GC invocations=8 (full 0):
 garbage-first heap   total 716800K, used 11405K [0x00000006a0c00000, 0x0000000800000000)
  region size 4096K, 3 young (12288K), 3 survivors (12288K)
 Metaspace       used 15391K, committed 15616K, reserved 1064960K
  class space    used 2257K, committed 2368K, reserved 1048576K
}
Event: 6.433 GC heap before
{Heap before GC invocations=8 (full 0):
 garbage-first heap   total 716800K, used 429197K [0x00000006a0c00000, 0x0000000800000000)
  region size 4096K, 105 young (430080K), 3 survivors (12288K)
 Metaspace       used 15391K, committed 15616K, reserved 1064960K
  class space    used 2257K, committed 2368K, reserved 1048576K
}
Event: 6.438 GC heap after
{Heap after GC invocations=9 (full 0):
 garbage-first heap   total 716800K, used 11457K [0x00000006a0c00000, 0x0000000800000000)
  region size 4096K, 3 young (12288K), 3 survivors (12288K)
 Metaspace       used 15391K, committed 15616K, reserved 1064960K
  class space    used 2257K, committed 2368K, reserved 1048576K
}
Event: 6.463 GC heap before
{Heap before GC invocations=9 (full 0):
 garbage-first heap   total 716800K, used 429249K [0x00000006a0c00000, 0x0000000800000000)
  region size 4096K, 105 young (430080K), 3 survivors (12288K)
 Metaspace       used 15391K, committed 15616K, reserved 1064960K
  class space    used 2257K, committed 2368K, reserved 1048576K
}
Event: 6.466 GC heap after
{Heap after GC invocations=10 (full 0):
 garbage-first heap   total 716800K, used 10649K [0x00000006a0c00000, 0x0000000800000000)
  region size 4096K, 3 young (12288K), 3 survivors (12288K)
 Metaspace       used 15391K, committed 15616K, reserved 1064960K
  class space    used 2257K, committed 2368K, reserved 1048576K
}
Event: 6.490 GC heap before
{Heap before GC invocations=10 (full 0):
 garbage-first heap   total 716800K, used 428441K [0x00000006a0c00000, 0x0000000800000000)
  region size 4096K, 105 young (430080K), 3 survivors (12288K)
 Metaspace       used 15399K, committed 15616K, reserved 1064960K
  class space    used 2259K, committed 2368K, reserved 1048576K
}

Deoptimization events (20 events):
Event: 6.012 Thread 0x00000269962cfa60 Uncommon trap: trap_request=0xffffff45 fr.pc=0x0000026987b1d0e8 relative=0x0000000000000628
Event: 6.012 Thread 0x00000269962cfa60 Uncommon trap: reason=unstable_if action=reinterpret pc=0x0000026987b1d0e8 method=java.lang.AbstractStringBuilder.append(Ljava/lang/String;)Ljava/lang/AbstractStringBuilder; @ 1 c2
Event: 6.012 Thread 0x00000269962cfa60 DEOPT PACKING pc=0x0000026987b1d0e8 sp=0x0000008b186fc1b0
Event: 6.012 Thread 0x00000269962cfa60 DEOPT UNPACKING pc=0x00000269800523a3 sp=0x0000008b186fc130 mode 2
Event: 6.012 Thread 0x00000269962cfa60 Uncommon trap: trap_request=0xffffff45 fr.pc=0x0000026987b25f7c relative=0x000000000000063c
Event: 6.012 Thread 0x00000269962cfa60 Uncommon trap: reason=unstable_if action=reinterpret pc=0x0000026987b25f7c method=java.lang.AbstractStringBuilder.append(Ljava/lang/String;)Ljava/lang/AbstractStringBuilder; @ 1 c2
Event: 6.012 Thread 0x00000269962cfa60 DEOPT PACKING pc=0x0000026987b25f7c sp=0x0000008b186fc140
Event: 6.012 Thread 0x00000269962cfa60 DEOPT UNPACKING pc=0x00000269800523a3 sp=0x0000008b186fc128 mode 2
Event: 6.036 Thread 0x00000269962cfa60 Uncommon trap: trap_request=0xffffff45 fr.pc=0x0000026987b224b0 relative=0x0000000000000410
Event: 6.036 Thread 0x00000269962cfa60 Uncommon trap: reason=unstable_if action=reinterpret pc=0x0000026987b224b0 method=java.lang.StringLatin1.canEncode(I)Z @ 4 c2
Event: 6.036 Thread 0x00000269962cfa60 DEOPT PACKING pc=0x0000026987b224b0 sp=0x0000008b186fd250
Event: 6.036 Thread 0x00000269962cfa60 DEOPT UNPACKING pc=0x00000269800523a3 sp=0x0000008b186fd178 mode 2
Event: 6.036 Thread 0x00000269962cfa60 Uncommon trap: trap_request=0xffffff45 fr.pc=0x0000026987b23318 relative=0x00000000000003f8
Event: 6.036 Thread 0x00000269962cfa60 Uncommon trap: reason=unstable_if action=reinterpret pc=0x0000026987b23318 method=java.lang.AbstractStringBuilder.isLatin1()Z @ 10 c2
Event: 6.036 Thread 0x00000269962cfa60 DEOPT PACKING pc=0x0000026987b23318 sp=0x0000008b186fd270
Event: 6.036 Thread 0x00000269962cfa60 DEOPT UNPACKING pc=0x00000269800523a3 sp=0x0000008b186fd1f0 mode 2
Event: 6.041 Thread 0x00000269962cfa60 Uncommon trap: trap_request=0xffffff45 fr.pc=0x0000026987ad97c8 relative=0x0000000000000048
Event: 6.041 Thread 0x00000269962cfa60 Uncommon trap: reason=unstable_if action=reinterpret pc=0x0000026987ad97c8 method=java.lang.CharacterData.of(I)Ljava/lang/CharacterData; @ 4 c2
Event: 6.041 Thread 0x00000269962cfa60 DEOPT PACKING pc=0x0000026987ad97c8 sp=0x0000008b186fca00
Event: 6.041 Thread 0x00000269962cfa60 DEOPT UNPACKING pc=0x00000269800523a3 sp=0x0000008b186fc9a0 mode 2

Classes unloaded (0 events):
No events

Classes redefined (0 events):
No events

Internal exceptions (20 events):
Event: 3.693 Thread 0x00000269962cfa60 Exception <a 'java/lang/ClassNotFoundException'{0x00000006b4935998}: com/sun/javafx/scene/control/skin/resources/controls> (0x00000006b4935998) 
thrown [t:\workspace\open\src\hotspot\share\prims\jni.cpp, line 535]
Event: 3.694 Thread 0x00000269962cfa60 Exception <a 'java/lang/ClassNotFoundException'{0x00000006b4943938}: com/sun/javafx/scene/control/skin/resources/controls_en> (0x00000006b4943938) 
thrown [t:\workspace\open\src\hotspot\share\prims\jni.cpp, line 535]
Event: 3.694 Thread 0x00000269962cfa60 Exception <a 'java/lang/ClassNotFoundException'{0x00000006b49448d0}: com/sun/javafx/scene/control/skin/resources/controls_en_IN> (0x00000006b49448d0) 
thrown [t:\workspace\open\src\hotspot\share\prims\jni.cpp, line 535]
Event: 3.700 Thread 0x00000269962cfa60 Exception <a 'java/lang/NoSuchMethodError'{0x00000006b4971c10}: 'java.lang.Object java.lang.invoke.DirectMethodHandle$Holder.invokeInterface(java.lang.Object, java.lang.Object, java.lang.Object)'> (0x00000006b4971c10) 
thrown [t:\workspace\open\src\hotspot\share\interpreter\linkResolver.cpp, line 766]
Event: 3.700 Thread 0x00000269962cfa60 Exception <a 'java/lang/IncompatibleClassChangeError'{0x00000006b4975598}: Found class java.lang.Object, but interface was expected> (0x00000006b4975598) 
thrown [t:\workspace\open\src\hotspot\share\interpreter\linkResolver.cpp, line 833]
Event: 3.800 Thread 0x00000269962cfa60 Exception <a 'java/lang/NoSuchMethodError'{0x00000006b456c6a8}: 'long java.lang.invoke.DirectMethodHandle$Holder.invokeStatic(java.lang.Object, java.lang.Object, java.lang.Object)'> (0x00000006b456c6a8) 
thrown [t:\workspace\open\src\hotspot\share\interpreter\linkResolver.cpp, line 766]
Event: 3.801 Thread 0x00000269962cfa60 Exception <a 'java/lang/NoSuchMethodError'{0x00000006b45700f8}: 'long java.lang.invoke.DirectMethodHandle$Holder.invokeStaticInit(java.lang.Object, java.lang.Object, java.lang.Object)'> (0x00000006b45700f8) 
thrown [t:\workspace\open\src\hotspot\share\interpreter\linkResolver.cpp, line 766]
Event: 3.808 Thread 0x00000269962cfa60 Exception <a 'java/lang/NoSuchMethodError'{0x00000006b4587fa8}: 'java.lang.Object java.lang.invoke.DirectMethodHandle$Holder.newInvokeSpecial(java.lang.Object, java.lang.Object, long)'> (0x00000006b4587fa8) 
thrown [t:\workspace\open\src\hotspot\share\interpreter\linkResolver.cpp, line 766]
Event: 3.809 Thread 0x00000269962cfa60 Exception <a 'java/lang/NoSuchMethodError'{0x00000006b458bb18}: 'java.lang.Object java.lang.invoke.Invokers$Holder.linkToTargetMethod(java.lang.Object, long, java.lang.Object)'> (0x00000006b458bb18) 
thrown [t:\workspace\open\src\hotspot\share\interpreter\linkResolver.cpp, line 766]
Event: 3.827 Thread 0x00000269962d0400 Exception <a 'java/lang/NoSuchMethodError'{0x00000006b465dee8}: 'int java.lang.invoke.DirectMethodHandle$Holder.invokeStaticInit(java.lang.Object, java.lang.Object)'> (0x00000006b465dee8) 
thrown [t:\workspace\open\src\hotspot\share\interpreter\linkResolver.cpp, line 766]
Event: 3.853 Thread 0x00000269962d0400 Exception <a 'java/lang/NoSuchMethodError'{0x00000006b471ceb8}: 'java.lang.Object java.lang.invoke.DirectMethodHandle$Holder.invokeStaticInit(java.lang.Object, int)'> (0x00000006b471ceb8) 
thrown [t:\workspace\open\src\hotspot\share\interpreter\linkResolver.cpp, line 766]
Event: 6.012 Thread 0x00000269962cfa60 Implicit null exception at 0x0000026987b1caf2 to 0x0000026987b1d0d0
Event: 6.012 Thread 0x00000269962cfa60 Implicit null exception at 0x0000026987b25972 to 0x0000026987b25f64
Event: 6.044 Thread 0x00000269962cfa60 Exception <a 'java/lang/NullPointerException'{0x00000006b3ddc508}> (0x00000006b3ddc508) 
thrown [t:\workspace\open\src\hotspot\share\interpreter\linkResolver.cpp, line 1440]
Event: 6.065 Thread 0x00000269962cfa60 Exception <a 'sun/nio/fs/WindowsException'{0x00000006b3e3b578}> (0x00000006b3e3b578) 
thrown [t:\workspace\open\src\hotspot\share\prims\jni.cpp, line 516]
Event: 6.066 Thread 0x00000269962cfa60 Exception <a 'sun/nio/fs/WindowsException'{0x00000006b3e3c9b8}> (0x00000006b3e3c9b8) 
thrown [t:\workspace\open\src\hotspot\share\prims\jni.cpp, line 516]
Event: 6.066 Thread 0x00000269962cfa60 Exception <a 'sun/nio/fs/WindowsException'{0x00000006b3e3de18}> (0x00000006b3e3de18) 
thrown [t:\workspace\open\src\hotspot\share\prims\jni.cpp, line 516]
Event: 6.183 Thread 0x00000269962cfa60 Exception <a 'java/lang/NoSuchMethodError'{0x00000006b69a80b0}: 'void java.lang.invoke.DirectMethodHandle$Holder.invokeSpecial(java.lang.Object, java.lang.Object, double)'> (0x00000006b69a80b0) 
thrown [t:\workspace\open\src\hotspot\share\interpreter\linkResolver.cpp, line 766]
Event: 6.184 Thread 0x00000269962cfa60 Exception <a 'java/lang/NoSuchMethodError'{0x00000006b69ae388}: 'java.lang.Object java.lang.invoke.DirectMethodHandle$Holder.newInvokeSpecial(java.lang.Object, java.lang.Object, double)'> (0x00000006b69ae388) 
thrown [t:\workspace\open\src\hotspot\share\interpreter\linkResolver.cpp, line 766]
Event: 6.184 Thread 0x00000269962cfa60 Exception <a 'java/lang/NoSuchMethodError'{0x00000006b69b24f8}: 'java.lang.Object java.lang.invoke.DirectMethodHandle$Holder.invokeSpecial(java.lang.Object, java.lang.Object, java.lang.Object, double)'> (0x00000006b69b24f8) 
thrown [t:\workspace\open\src\hotspot\share\interpreter\linkResolver.cpp, line 766]

VM Operations (20 events):
Event: 6.047 Executing VM operation: HandshakeAllThreads done
Event: 6.082 Executing VM operation: G1CollectForAllocation
Event: 6.089 Executing VM operation: G1CollectForAllocation done
Event: 6.232 Executing VM operation: G1CollectForAllocation
Event: 6.236 Executing VM operation: G1CollectForAllocation done
Event: 6.280 Executing VM operation: G1CollectForAllocation
Event: 6.284 Executing VM operation: G1CollectForAllocation done
Event: 6.317 Executing VM operation: G1CollectForAllocation
Event: 6.322 Executing VM operation: G1CollectForAllocation done
Event: 6.347 Executing VM operation: G1CollectForAllocation
Event: 6.350 Executing VM operation: G1CollectForAllocation done
Event: 6.374 Executing VM operation: G1CollectForAllocation
Event: 6.379 Executing VM operation: G1CollectForAllocation done
Event: 6.404 Executing VM operation: G1CollectForAllocation
Event: 6.409 Executing VM operation: G1CollectForAllocation done
Event: 6.433 Executing VM operation: G1CollectForAllocation
Event: 6.439 Executing VM operation: G1CollectForAllocation done
Event: 6.463 Executing VM operation: G1CollectForAllocation
Event: 6.466 Executing VM operation: G1CollectForAllocation done
Event: 6.490 Executing VM operation: G1CollectForAllocation

Events (20 events):
Event: 6.489 Thread 0x0000026996a91b40 Thread exited: 0x0000026996a91b40
Event: 6.489 Thread 0x0000026996a95030 Thread added: 0x0000026996a95030
Event: 6.489 Thread 0x0000026996a95030 Thread exited: 0x0000026996a95030
Event: 6.489 Thread 0x0000026996a98520 Thread added: 0x0000026996a98520
Event: 6.489 Thread 0x0000026996a98520 Thread exited: 0x0000026996a98520
Event: 6.489 Thread 0x0000026996a93820 Thread added: 0x0000026996a93820
Event: 6.489 Thread 0x0000026996a93820 Thread exited: 0x0000026996a93820
Event: 6.489 Thread 0x0000026996a94b60 Thread added: 0x0000026996a94b60
Event: 6.489 Thread 0x0000026996a94b60 Thread exited: 0x0000026996a94b60
Event: 6.489 Thread 0x0000026996a95ea0 Thread added: 0x0000026996a95ea0
Event: 6.489 Thread 0x0000026996a95ea0 Thread exited: 0x0000026996a95ea0
Event: 6.489 Thread 0x0000026996a971e0 Thread added: 0x0000026996a971e0
Event: 6.489 Thread 0x0000026996a971e0 Thread exited: 0x0000026996a971e0
Event: 6.489 Thread 0x0000026996a98520 Thread added: 0x0000026996a98520
Event: 6.489 Thread 0x0000026996a98520 Thread exited: 0x0000026996a98520
Event: 6.490 Thread 0x0000026996a96d10 Thread added: 0x0000026996a96d10
Event: 6.490 Thread 0x0000026996a96d10 Thread exited: 0x0000026996a96d10
Event: 6.490 Thread 0x0000026996a98520 Thread added: 0x0000026996a98520
Event: 6.490 Thread 0x0000026996a98520 Thread exited: 0x0000026996a98520
Event: 6.490 Thread 0x0000026996a98520 Thread added: 0x0000026996a98520


Dynamic libraries:
0x00007ff765150000 - 0x00007ff765160000 	C:\Program Files\Java\jdk-17.0.1\bin\java.exe
0x00007ffecff60000 - 0x00007ffed0167000 	C:\WINDOWS\SYSTEM32\ntdll.dll
0x00007ffece7b0000 - 0x00007ffece86d000 	C:\WINDOWS\System32\KERNEL32.DLL
0x00007ffecd560000 - 0x00007ffecd8d4000 	C:\WINDOWS\System32\KERNELBASE.dll
0x00007ffecdcd0000 - 0x00007ffecdde1000 	C:\WINDOWS\System32\ucrtbase.dll
0x00007ffec4fe0000 - 0x00007ffec4ff8000 	C:\Program Files\Java\jdk-17.0.1\bin\jli.dll
0x00007ffec4fc0000 - 0x00007ffec4fda000 	C:\Program Files\Java\jdk-17.0.1\bin\VCRUNTIME140.dll
0x00007ffece870000 - 0x00007ffece91c000 	C:\WINDOWS\System32\ADVAPI32.dll
0x00007ffeced90000 - 0x00007ffecee33000 	C:\WINDOWS\System32\msvcrt.dll
0x00007ffecde60000 - 0x00007ffecdefd000 	C:\WINDOWS\System32\sechost.dll
0x00007ffece600000 - 0x00007ffece721000 	C:\WINDOWS\System32\RPCRT4.dll
0x00007ffece920000 - 0x00007ffeceacc000 	C:\WINDOWS\System32\USER32.dll
0x00007ffebc860000 - 0x00007ffebcb05000 	C:\WINDOWS\WinSxS\amd64_microsoft.windows.common-controls_6595b64144ccf1df_6.0.22000.120_none_9d947278b86cc467\COMCTL32.dll
0x00007ffecda40000 - 0x00007ffecda66000 	C:\WINDOWS\System32\win32u.dll
0x00007ffece560000 - 0x00007ffece589000 	C:\WINDOWS\System32\GDI32.dll
0x00007ffecd440000 - 0x00007ffecd552000 	C:\WINDOWS\System32\gdi32full.dll
0x00007ffecd9a0000 - 0x00007ffecda3d000 	C:\WINDOWS\System32\msvcp_win.dll
0x00007ffec8d80000 - 0x00007ffec8d8a000 	C:\WINDOWS\SYSTEM32\VERSION.dll
0x00007ffecdf00000 - 0x00007ffecdf31000 	C:\WINDOWS\System32\IMM32.DLL
0x00007ffec9a10000 - 0x00007ffec9a1c000 	C:\Program Files\Java\jdk-17.0.1\bin\vcruntime140_1.dll
0x00007ffec4c80000 - 0x00007ffec4d0d000 	C:\Program Files\Java\jdk-17.0.1\bin\msvcp140.dll
0x00007ffe7e130000 - 0x00007ffe7ecee000 	C:\Program Files\Java\jdk-17.0.1\bin\server\jvm.dll
0x00007ffecdf40000 - 0x00007ffecdf48000 	C:\WINDOWS\System32\PSAPI.DLL
0x00007ffeb3680000 - 0x00007ffeb3689000 	C:\WINDOWS\SYSTEM32\WSOCK32.dll
0x00007ffec7f90000 - 0x00007ffec7fc3000 	C:\WINDOWS\SYSTEM32\WINMM.dll
0x00007ffecfdd0000 - 0x00007ffecfe3f000 	C:\WINDOWS\System32\WS2_32.dll
0x00007ffecc520000 - 0x00007ffecc538000 	C:\WINDOWS\SYSTEM32\kernel.appcore.dll
0x00007ffec8190000 - 0x00007ffec819a000 	C:\Program Files\Java\jdk-17.0.1\bin\jimage.dll
0x00007ffecb090000 - 0x00007ffecb2b1000 	C:\WINDOWS\SYSTEM32\DBGHELP.DLL
0x00007ffeafdb0000 - 0x00007ffeafde1000 	C:\WINDOWS\SYSTEM32\dbgcore.DLL
0x00007ffecdae0000 - 0x00007ffecdb5f000 	C:\WINDOWS\System32\bcryptPrimitives.dll
0x00007ffec3130000 - 0x00007ffec313e000 	C:\Program Files\Java\jdk-17.0.1\bin\instrument.dll
0x00007ffec4f90000 - 0x00007ffec4fb5000 	C:\Program Files\Java\jdk-17.0.1\bin\java.dll
0x00007ffec4ba0000 - 0x00007ffec4c76000 	C:\Program Files\Java\jdk-17.0.1\bin\svml.dll
0x00007ffecf620000 - 0x00007ffecfdce000 	C:\WINDOWS\System32\SHELL32.dll
0x00007ffecb5a0000 - 0x00007ffecbe07000 	C:\WINDOWS\SYSTEM32\windows.storage.dll
0x00007ffeceef0000 - 0x00007ffecf268000 	C:\WINDOWS\System32\combase.dll
0x00007ffecb430000 - 0x00007ffecb596000 	C:\WINDOWS\SYSTEM32\wintypes.dll
0x00007ffecf530000 - 0x00007ffecf61a000 	C:\WINDOWS\System32\SHCORE.dll
0x00007ffece730000 - 0x00007ffece78d000 	C:\WINDOWS\System32\shlwapi.dll
0x00007ffecd370000 - 0x00007ffecd391000 	C:\WINDOWS\SYSTEM32\profapi.dll
0x00007ffec4f70000 - 0x00007ffec4f89000 	C:\Program Files\Java\jdk-17.0.1\bin\net.dll
0x00007ffec73f0000 - 0x00007ffec74fc000 	C:\WINDOWS\SYSTEM32\WINHTTP.dll
0x00007ffecc9b0000 - 0x00007ffecca17000 	C:\WINDOWS\system32\mswsock.dll
0x00007ffec4b80000 - 0x00007ffec4b95000 	C:\Program Files\Java\jdk-17.0.1\bin\nio.dll
0x00007ffec4b60000 - 0x00007ffec4b78000 	C:\Program Files\Java\jdk-17.0.1\bin\zip.dll
0x00007ffebe0e0000 - 0x00007ffebe0fa000 	C:\Program Files\JetBrains\IntelliJ IDEA 2021.3\bin\breakgen64.dll
0x0000026994f60000 - 0x0000026994f63000 	C:\Users\moham\.openjfx\cache\17.0.0.1\api-ms-win-core-console-l1-1-0.dll
0x0000026994f70000 - 0x0000026994f73000 	C:\Users\moham\.openjfx\cache\17.0.0.1\api-ms-win-core-console-l1-2-0.dll
0x0000026994f80000 - 0x0000026994f83000 	C:\Users\moham\.openjfx\cache\17.0.0.1\api-ms-win-core-datetime-l1-1-0.dll
0x0000026994f90000 - 0x0000026994f93000 	C:\Users\moham\.openjfx\cache\17.0.0.1\api-ms-win-core-debug-l1-1-0.dll
0x0000026994fa0000 - 0x0000026994fa3000 	C:\Users\moham\.openjfx\cache\17.0.0.1\api-ms-win-core-errorhandling-l1-1-0.dll
0x0000026994fb0000 - 0x0000026994fb4000 	C:\Users\moham\.openjfx\cache\17.0.0.1\api-ms-win-core-file-l1-1-0.dll
0x0000026994fc0000 - 0x0000026994fc3000 	C:\Users\moham\.openjfx\cache\17.0.0.1\api-ms-win-core-file-l1-2-0.dll
0x0000026994fd0000 - 0x0000026994fd3000 	C:\Users\moham\.openjfx\cache\17.0.0.1\api-ms-win-core-file-l2-1-0.dll
0x0000026994fe0000 - 0x0000026994fe3000 	C:\Users\moham\.openjfx\cache\17.0.0.1\api-ms-win-core-handle-l1-1-0.dll
0x0000026994ff0000 - 0x0000026994ff3000 	C:\Users\moham\.openjfx\cache\17.0.0.1\api-ms-win-core-heap-l1-1-0.dll
0x00000269973d0000 - 0x00000269973d3000 	C:\Users\moham\.openjfx\cache\17.0.0.1\api-ms-win-core-interlocked-l1-1-0.dll
0x00000269973e0000 - 0x00000269973e3000 	C:\Users\moham\.openjfx\cache\17.0.0.1\api-ms-win-core-libraryloader-l1-1-0.dll
0x00000269973f0000 - 0x00000269973f3000 	C:\Users\moham\.openjfx\cache\17.0.0.1\api-ms-win-core-localization-l1-2-0.dll
0x0000026997400000 - 0x0000026997403000 	C:\Users\moham\.openjfx\cache\17.0.0.1\api-ms-win-core-memory-l1-1-0.dll
0x0000026997410000 - 0x0000026997413000 	C:\Users\moham\.openjfx\cache\17.0.0.1\api-ms-win-core-namedpipe-l1-1-0.dll
0x0000026997420000 - 0x0000026997423000 	C:\Users\moham\.openjfx\cache\17.0.0.1\api-ms-win-core-processenvironment-l1-1-0.dll
0x0000026997430000 - 0x0000026997433000 	C:\Users\moham\.openjfx\cache\17.0.0.1\api-ms-win-core-processthreads-l1-1-0.dll
0x0000026997440000 - 0x0000026997443000 	C:\Users\moham\.openjfx\cache\17.0.0.1\api-ms-win-core-processthreads-l1-1-1.dll
0x0000026997450000 - 0x0000026997453000 	C:\Users\moham\.openjfx\cache\17.0.0.1\api-ms-win-core-profile-l1-1-0.dll
0x0000026997460000 - 0x0000026997463000 	C:\Users\moham\.openjfx\cache\17.0.0.1\api-ms-win-core-rtlsupport-l1-1-0.dll
0x0000026997470000 - 0x0000026997473000 	C:\Users\moham\.openjfx\cache\17.0.0.1\api-ms-win-core-string-l1-1-0.dll
0x0000026997480000 - 0x0000026997483000 	C:\Users\moham\.openjfx\cache\17.0.0.1\api-ms-win-core-synch-l1-1-0.dll
0x0000026997490000 - 0x0000026997493000 	C:\Users\moham\.openjfx\cache\17.0.0.1\api-ms-win-core-synch-l1-2-0.dll
0x00000269974a0000 - 0x00000269974a3000 	C:\Users\moham\.openjfx\cache\17.0.0.1\api-ms-win-core-sysinfo-l1-1-0.dll
0x00000269974b0000 - 0x00000269974b3000 	C:\Users\moham\.openjfx\cache\17.0.0.1\api-ms-win-core-timezone-l1-1-0.dll
0x00000269974c0000 - 0x00000269974c3000 	C:\Users\moham\.openjfx\cache\17.0.0.1\api-ms-win-core-util-l1-1-0.dll
0x00000269974d0000 - 0x00000269974d3000 	C:\Users\moham\.openjfx\cache\17.0.0.1\api-ms-win-crt-conio-l1-1-0.dll
0x00000269974e0000 - 0x00000269974e4000 	C:\Users\moham\.openjfx\cache\17.0.0.1\api-ms-win-crt-convert-l1-1-0.dll
0x00000269974f0000 - 0x00000269974f3000 	C:\Users\moham\.openjfx\cache\17.0.0.1\api-ms-win-crt-environment-l1-1-0.dll
0x0000026997500000 - 0x0000026997503000 	C:\Users\moham\.openjfx\cache\17.0.0.1\api-ms-win-crt-filesystem-l1-1-0.dll
0x0000026997510000 - 0x0000026997513000 	C:\Users\moham\.openjfx\cache\17.0.0.1\api-ms-win-crt-heap-l1-1-0.dll
0x0000026997520000 - 0x0000026997523000 	C:\Users\moham\.openjfx\cache\17.0.0.1\api-ms-win-crt-locale-l1-1-0.dll
0x0000026997530000 - 0x0000026997535000 	C:\Users\moham\.openjfx\cache\17.0.0.1\api-ms-win-crt-math-l1-1-0.dll
0x0000026997540000 - 0x0000026997545000 	C:\Users\moham\.openjfx\cache\17.0.0.1\api-ms-win-crt-multibyte-l1-1-0.dll
0x0000026997550000 - 0x0000026997560000 	C:\Users\moham\.openjfx\cache\17.0.0.1\api-ms-win-crt-private-l1-1-0.dll
0x0000026997560000 - 0x0000026997563000 	C:\Users\moham\.openjfx\cache\17.0.0.1\api-ms-win-crt-process-l1-1-0.dll
0x0000026997570000 - 0x0000026997574000 	C:\Users\moham\.openjfx\cache\17.0.0.1\api-ms-win-crt-runtime-l1-1-0.dll
0x0000026997580000 - 0x0000026997584000 	C:\Users\moham\.openjfx\cache\17.0.0.1\api-ms-win-crt-stdio-l1-1-0.dll
0x0000026997590000 - 0x0000026997594000 	C:\Users\moham\.openjfx\cache\17.0.0.1\api-ms-win-crt-string-l1-1-0.dll
0x00000269975a0000 - 0x00000269975a3000 	C:\Users\moham\.openjfx\cache\17.0.0.1\api-ms-win-crt-time-l1-1-0.dll
0x00000269975b0000 - 0x00000269975b3000 	C:\Users\moham\.openjfx\cache\17.0.0.1\api-ms-win-crt-utility-l1-1-0.dll
0x00007ffe9ba70000 - 0x00007ffe9bb6c000 	C:\Users\moham\.openjfx\cache\17.0.0.1\ucrtbase.dll
0x00007ffeb7ed0000 - 0x00007ffeb7eea000 	C:\Users\moham\.openjfx\cache\17.0.0.1\vcruntime140.dll
0x00007ffec3110000 - 0x00007ffec311c000 	C:\Users\moham\.openjfx\cache\17.0.0.1\vcruntime140_1.dll
0x00007ffeb3580000 - 0x00007ffeb360d000 	C:\Users\moham\.openjfx\cache\17.0.0.1\msvcp140.dll
0x00007ffeb5220000 - 0x00007ffeb524a000 	C:\Users\moham\.openjfx\cache\17.0.0.1\prism_d3d.dll
0x00007ffec1480000 - 0x00007ffec1626000 	C:\WINDOWS\system32\d3d9.dll
0x00007ffecac30000 - 0x00007ffecac5f000 	C:\WINDOWS\SYSTEM32\dwmapi.dll
0x00007ffeca970000 - 0x00007ffeca9a8000 	C:\WINDOWS\SYSTEM32\dxcore.dll
0x00007ffeca860000 - 0x00007ffeca90c000 	C:\WINDOWS\system32\uxtheme.dll
0x00007ffec6cf0000 - 0x00007ffec6d34000 	C:\WINDOWS\SYSTEM32\directxdatabasehelper.dll
0x00007ffecab10000 - 0x00007ffecab44000 	C:\WINDOWS\SYSTEM32\ntmarta.dll
0x00007ffeccd00000 - 0x00007ffeccd12000 	C:\WINDOWS\SYSTEM32\msasn1.dll
0x00007ffec6bf0000 - 0x00007ffec6c21000 	C:\WINDOWS\SYSTEM32\cryptnet.dll
0x00007ffecdb60000 - 0x00007ffecdcc2000 	C:\WINDOWS\System32\CRYPT32.dll
0x00007ffeccc50000 - 0x00007ffeccc5c000 	C:\WINDOWS\SYSTEM32\cryptbase.dll
0x00007ffecda70000 - 0x00007ffecdad6000 	C:\WINDOWS\System32\WINTRUST.DLL
0x00007ffece790000 - 0x00007ffece7af000 	C:\WINDOWS\System32\imagehlp.dll
0x00007ffeccc60000 - 0x00007ffeccc78000 	C:\WINDOWS\SYSTEM32\CRYPTSP.dll
0x00007ffecc480000 - 0x00007ffecc4b5000 	C:\WINDOWS\system32\rsaenh.dll
0x00007ffecce20000 - 0x00007ffecce47000 	C:\WINDOWS\SYSTEM32\bcrypt.dll
0x00007ffea1700000 - 0x00007ffea1742000 	C:\Users\moham\.openjfx\cache\17.0.0.1\glass.dll
0x00007ffecead0000 - 0x00007ffecebbc000 	C:\WINDOWS\System32\COMDLG32.dll
0x00007ffecebf0000 - 0x00007ffeced8a000 	C:\WINDOWS\System32\ole32.dll
0x00007ffecfe40000 - 0x00007ffecff16000 	C:\WINDOWS\System32\OLEAUT32.dll
0x00007ffece3c0000 - 0x00007ffece4de000 	C:\WINDOWS\System32\MSCTF.dll
0x00007ffec40a0000 - 0x00007ffec41a6000 	C:\WINDOWS\System32\DriverStore\FileRepository\nvaci.inf_amd64_317ffda8092148c1\nvldumdx.dll
0x00007ffec2f30000 - 0x00007ffec3079000 	C:\WINDOWS\SYSTEM32\drvstore.dll
0x00007ffecd160000 - 0x00007ffecd18c000 	C:\WINDOWS\SYSTEM32\devobj.dll
0x00007ffecd110000 - 0x00007ffecd15c000 	C:\WINDOWS\SYSTEM32\cfgmgr32.dll
0x00007ffeccd70000 - 0x00007ffeccdad000 	C:\WINDOWS\SYSTEM32\wldp.dll
0x00007ffe3e290000 - 0x00007ffe3fa25000 	C:\WINDOWS\System32\DriverStore\FileRepository\nvaci.inf_amd64_317ffda8092148c1\nvd3dumx.dll
0x00007ffe81e40000 - 0x00007ffe82105000 	C:\WINDOWS\system32\nvspcap64.dll
0x00007ffecca50000 - 0x00007ffecca74000 	C:\WINDOWS\SYSTEM32\gpapi.dll
0x00007ffec3550000 - 0x00007ffec372b000 	C:\WINDOWS\System32\DriverStore\FileRepository\u0357645.inf_amd64_3c66802dbd4d45a0\B357435\aticfx64.dll
0x00007ffebd990000 - 0x00007ffebd9c3000 	C:\WINDOWS\System32\DriverStore\FileRepository\u0357645.inf_amd64_3c66802dbd4d45a0\B357435\atiu9p64.dll
0x00007ffe708d0000 - 0x00007ffe71566000 	C:\WINDOWS\System32\DriverStore\FileRepository\u0357645.inf_amd64_3c66802dbd4d45a0\B357435\atiumd64.dll
0x0000000050b70000 - 0x00000000519ed000 	C:\WINDOWS\System32\DriverStore\FileRepository\u0357645.inf_amd64_3c66802dbd4d45a0\B357435\atiumd6a.dll
0x00007ffecccb0000 - 0x00007ffecccfd000 	C:\WINDOWS\SYSTEM32\POWRPROF.dll
0x00007ffeccae0000 - 0x00007ffeccaf3000 	C:\WINDOWS\SYSTEM32\UMPDC.dll
0x00007ffec2d40000 - 0x00007ffec2d6f000 	C:\WINDOWS\SYSTEM32\amdihk64.dll

dbghelp: loaded successfully - version: 4.0.5 - missing functions: none
symbol engine: initialized successfully - sym options: 0x614 - pdb path: .;C:\Program Files\Java\jdk-17.0.1\bin;C:\WINDOWS\SYSTEM32;C:\WINDOWS\WinSxS\amd64_microsoft.windows.common-controls_6595b64144ccf1df_6.0.22000.120_none_9d947278b86cc467;C:\Program Files\Java\jdk-17.0.1\bin\server;C:\Program Files\JetBrains\IntelliJ IDEA 2021.3\bin;C:\Users\moham\.openjfx\cache\17.0.0.1;C:\WINDOWS\System32\DriverStore\FileRepository\nvaci.inf_amd64_317ffda8092148c1;C:\WINDOWS\System32\DriverStore\FileRepository\u0357645.inf_amd64_3c66802dbd4d45a0\B357435;C:\Program Files\Common Files\Microsoft Shared\Ink

VM Arguments:
jvm_args: -javaagent:C:\Program Files\JetBrains\IntelliJ IDEA 2021.3\lib\idea_rt.jar=49465:C:\Program Files\JetBrains\IntelliJ IDEA 2021.3\bin -Dfile.encoding=UTF-8 --module-path=C:\Users\moham\.m2\repository\org\openjfx\javafx-base\17.0.0.1\javafx-base-17.0.0.1-win.jar;C:\Users\moham\.m2\repository\org\kordamp\bootstrapfx\bootstrapfx-core\0.4.0\bootstrapfx-core-0.4.0.jar;C:\Users\moham\.m2\repository\org\openjfx\javafx-fxml\17.0.0.1\javafx-fxml-17.0.0.1-win.jar;C:\Users\moham\.m2\repository\org\kordamp\ikonli\ikonli-core\12.2.0\ikonli-core-12.2.0.jar;C:\Users\moham\.m2\repository\org\openjfx\javafx-web\17.0.0.1\javafx-web-17.0.0.1-win.jar;C:\Users\moham\.m2\repository\com\dlsc\formsfx\formsfx-core\11.3.2\formsfx-core-11.3.2.jar;C:\Users\moham\.m2\repository\org\openjfx\javafx-controls\17.0.0.1\javafx-controls-17.0.0.1-win.jar;C:\Users\moham\.m2\repository\eu\hansolo\tilesfx\11.48\tilesfx-11.48.jar;C:\Users\moham\.m2\repository\org\kordamp\ikonli\ikonli-javafx\12.2.0\ikonli-javafx-12.2.0.jar;D:\_________CODING_WORK______\____AP_Assignments______\AP_END_SEM_Project_( SNAKE_AND_LADDER)_GAME\AP_End-Project\target\classes;C:\Users\moham\.m2\repository\org\openjfx\javafx-graphics\17.0.0.1\javafx-graphics-17.0.0.1-win.jar;C:\Users\moham\.m2\repository\org\openjfx\javafx-media\17.0.0.1\javafx-media-17.0.0.1-win.jar;C:\Users\moham\.m2\repository\org\controlsfx\controlsfx\11.1.0\controlsfx-11.1.0.jar;C:\Users\moham\.m2\repository\net\synedra\validatorfx\0.1.13\validatorfx-0.1.13.jar -Djdk.module.main=com.example.snake_and_ladder 
java_command: com.example.snake_and_ladder/com.example.snake_and_ladder.Snake_AND_Ladders
java_class_path (initial): C:\Users\moham\.m2\repository\org\openjfx\javafx-controls\17.0.0.1\javafx-controls-17.0.0.1.jar;C:\Users\moham\.m2\repository\org\openjfx\javafx-graphics\17.0.0.1\javafx-graphics-17.0.0.1.jar;C:\Users\moham\.m2\repository\org\openjfx\javafx-base\17.0.0.1\javafx-base-17.0.0.1.jar;C:\Users\moham\.m2\repository\org\openjfx\javafx-fxml\17.0.0.1\javafx-fxml-17.0.0.1.jar;C:\Users\moham\.m2\repository\org\openjfx\javafx-web\17.0.0.1\javafx-web-17.0.0.1.jar;C:\Users\moham\.m2\repository\org\openjfx\javafx-media\17.0.0.1\javafx-media-17.0.0.1.jar
Launcher Type: SUN_STANDARD

[Global flags]
     intx CICompilerCount                          = 4                                         {product} {ergonomic}
     uint ConcGCThreads                            = 2                                         {product} {ergonomic}
     uint G1ConcRefinementThreads                  = 8                                         {product} {ergonomic}
   size_t G1HeapRegionSize                         = 4194304                                   {product} {ergonomic}
    uintx GCDrainStackTargetSize                   = 64                                        {product} {ergonomic}
   size_t InitialHeapSize                          = 369098752                                 {product} {ergonomic}
   size_t MarkStackSize                            = 4194304                                   {product} {ergonomic}
   size_t MaxHeapSize                              = 5892997120                                {product} {ergonomic}
   size_t MaxNewSize                               = 3535798272                                {product} {ergonomic}
   size_t MinHeapDeltaBytes                        = 4194304                                   {product} {ergonomic}
   size_t MinHeapSize                              = 8388608                                   {product} {ergonomic}
    uintx NonNMethodCodeHeapSize                   = 5839372                                {pd product} {ergonomic}
    uintx NonProfiledCodeHeapSize                  = 122909434                              {pd product} {ergonomic}
    uintx ProfiledCodeHeapSize                     = 122909434                              {pd product} {ergonomic}
    uintx ReservedCodeCacheSize                    = 251658240                              {pd product} {ergonomic}
     bool SegmentedCodeCache                       = true                                      {product} {ergonomic}
   size_t SoftMaxHeapSize                          = 5892997120                             {manageable} {ergonomic}
     bool UseCompressedClassPointers               = true                           {product lp64_product} {ergonomic}
     bool UseCompressedOops                        = true                           {product lp64_product} {ergonomic}
     bool UseG1GC                                  = true                                      {product} {ergonomic}
     bool UseLargePagesIndividualAllocation        = false                                  {pd product} {ergonomic}

Logging:
Log output configuration:
 #0: stdout all=warning uptime,level,tags
 #1: stderr all=off uptime,level,tags

Environment Variables:
PATH=C:\msys64\mingw64\bin;C:\MinGW\bin;C:\Program Files\Java\jdk-17.0.1\bin;C:\Program Files\Common Files\Oracle\Java\javapath;C:\Program Files\AdoptOpenJDK\jdk-15.0.2.7-hotspot\bin;C:\Program Files (x86)\Common Files\Oracle\Java\javapath;C:\Windows\system32;C:\Windows;C:\Windows\System32\Wbem;C:\Windows\System32\WindowsPowerShell\v1.0\;C:\Windows\System32\OpenSSH\;C:\Program Files (x86)\NVIDIA Corporation\PhysX\Common;C:\Program Files\NVIDIA Corporation\NVIDIA NvDLISR;C:\Program Files\dotnet\;D:\Matlab 2021\runtime\win64;D:\Matlab 2021\bin;C:\Program Files\Git\cmd;C:\WINDOWS\system32;C:\WINDOWS;C:\WINDOWS\System32\Wbem;C:\WINDOWS\System32\WindowsPowerShell\v1.0\;C:\WINDOWS\System32\OpenSSH\;C:\Program Files\LLVM\bin;C:\Program Files\PowerShell\7\;C:\Program Files\Java\jdk-17.0.1\bin;C:\Users\moham\AppData\Local\Programs\Microsoft VS Code\bin;C:\Program Files\JetBrains\IntelliJ IDEA 2021.3\bin;;C:\Program Files\JetBrains\CLion 2021.3\bin;
USERNAME=shariq20220
OS=Windows_NT
PROCESSOR_IDENTIFIER=AMD64 Family 23 Model 24 Stepping 1, AuthenticAMD



---------------  S Y S T E M  ---------------

OS:
 Windows 10 , 64 bit Build 22000 (10.0.22000.318)
OS uptime: 2 days 2:18 hours
Hyper-V role detected

CPU: total 8 (initial active 8) (8 cores per cpu, 2 threads per core) family 23 model 24 stepping 1 microcode 0x0, cx8, cmov, fxsr, ht, mmx, 3dnowpref, sse, sse2, sse3, ssse3, sse4a, sse4.1, sse4.2, popcnt, lzcnt, tsc, tscinvbit, avx, avx2, aes, clmul, bmi1, bmi2, adx, sha, fma, vzeroupper, clflush, clflushopt, hv

Memory: 4k page, system-wide physical 22465M (4276M free)
TotalPageFile size 38465M (AvailPageFile size 590M)
current process WorkingSet (physical memory assigned to process): 235M, peak: 235M
current process commit charge ("private bytes"): 939M, peak: 1731M

vm_info: Java HotSpot(TM) 64-Bit Server VM (17.0.1+12-LTS-39) for windows-amd64 JRE (17.0.1+12-LTS-39), built on Sep 27 2021 18:41:35 by "mach5one" with MS VC++ 16.8 (VS2019)

END.
