#
# There is insufficient memory for the Java Runtime Environment to continue.
# Native memory allocation (mmap) failed to map 914358272 bytes for G1 virtual space
# Possible reasons:
#   The system is out of physical RAM or swap space
#   The process is running with CompressedOops enabled, and the Java Heap may be blocking the growth of the native heap
# Possible solutions:
#   Reduce memory load on the system
#   Increase physical memory or swap space
#   Check if swap backing store is full
#   Decrease Java heap size (-Xmx/-Xms)
#   Decrease number of Java threads
#   Decrease Java thread stack sizes (-Xss)
#   Set larger code cache with -XX:ReservedCodeCacheSize=
#   JVM is running with Zero Based Compressed Oops mode in which the Java heap is
#     placed in the first 32GB address space. The Java Heap base address is the
#     maximum limit for the native heap growth. Please use -XX:HeapBaseMinAddress
#     to set the Java Heap base and to place the Java Heap above 32GB virtual address.
# This output file may be truncated or incomplete.
#
#  Out of Memory Error (os_windows.cpp:3469), pid=37844, tid=34908
#
# JRE version: Java(TM) SE Runtime Environment (17.0.1+12) (build 17.0.1+12-LTS-39)
# Java VM: Java HotSpot(TM) 64-Bit Server VM (17.0.1+12-LTS-39, mixed mode, sharing, tiered, compressed oops, compressed class ptrs, g1 gc, windows-amd64)
# No core dump will be written. Minidumps are not enabled by default on client versions of Windows
#

---------------  S U M M A R Y ------------

Command Line: -javaagent:C:\Program Files\JetBrains\IntelliJ IDEA 2021.3\lib\idea_rt.jar=49399:C:\Program Files\JetBrains\IntelliJ IDEA 2021.3\bin -Dfile.encoding=UTF-8 --module-path=C:\Users\moham\.m2\repository\org\openjfx\javafx-base\17.0.0.1\javafx-base-17.0.0.1-win.jar;C:\Users\moham\.m2\repository\org\kordamp\bootstrapfx\bootstrapfx-core\0.4.0\bootstrapfx-core-0.4.0.jar;C:\Users\moham\.m2\repository\org\openjfx\javafx-fxml\17.0.0.1\javafx-fxml-17.0.0.1-win.jar;C:\Users\moham\.m2\repository\org\kordamp\ikonli\ikonli-core\12.2.0\ikonli-core-12.2.0.jar;C:\Users\moham\.m2\repository\org\openjfx\javafx-web\17.0.0.1\javafx-web-17.0.0.1-win.jar;C:\Users\moham\.m2\repository\com\dlsc\formsfx\formsfx-core\11.3.2\formsfx-core-11.3.2.jar;C:\Users\moham\.m2\repository\org\openjfx\javafx-controls\17.0.0.1\javafx-controls-17.0.0.1-win.jar;C:\Users\moham\.m2\repository\eu\hansolo\tilesfx\11.48\tilesfx-11.48.jar;C:\Users\moham\.m2\repository\org\kordamp\ikonli\ikonli-javafx\12.2.0\ikonli-javafx-12.2.0.jar;D:\_________CODING_WORK______\____AP_Assignments______\AP_END_SEM_Project_( SNAKE_AND_LADDER)_GAME\AP_End-Project\target\classes;C:\Users\moham\.m2\repository\org\openjfx\javafx-graphics\17.0.0.1\javafx-graphics-17.0.0.1-win.jar;C:\Users\moham\.m2\repository\org\openjfx\javafx-media\17.0.0.1\javafx-media-17.0.0.1-win.jar;C:\Users\moham\.m2\repository\org\controlsfx\controlsfx\11.1.0\controlsfx-11.1.0.jar;C:\Users\moham\.m2\repository\net\synedra\validatorfx\0.1.13\validatorfx-0.1.13.jar -Djdk.module.main=com.example.snake_and_ladder com.example.snake_and_ladder/com.example.snake_and_ladder.Snake_AND_Ladders

Host: AMD Ryzen 5 3550H with Radeon Vega Mobile Gfx  , 8 cores, 21G,  Windows 10 , 64 bit Build 22000 (10.0.22000.318)
Time: Wed Dec 22 22:40:43 2021 India Standard Time elapsed time: 6.816940 seconds (0d 0h 0m 6s)

---------------  T H R E A D  ---------------

Current thread (0x00000270e5f40340):  VMThread "VM Thread" [stack: 0x0000008909a00000,0x0000008909b00000] [id=34908]

Stack: [0x0000008909a00000,0x0000008909b00000]
Native frames: (J=compiled Java code, j=interpreted, Vv=VM code, C=native code)
V  [jvm.dll+0x66fa1a]
V  [jvm.dll+0x7ce5a4]
V  [jvm.dll+0x7cfd4e]
V  [jvm.dll+0x7d03b3]
V  [jvm.dll+0x242b05]
V  [jvm.dll+0x66ca39]
V  [jvm.dll+0x661502]
V  [jvm.dll+0x30081b]
V  [jvm.dll+0x307da6]
V  [jvm.dll+0x357a1e]
V  [jvm.dll+0x357c4f]
V  [jvm.dll+0x2d7ad8]
V  [jvm.dll+0x2d5da4]
V  [jvm.dll+0x2d53ac]
V  [jvm.dll+0x318d0b]
V  [jvm.dll+0x7d484b]
V  [jvm.dll+0x7d5584]
V  [jvm.dll+0x7d5a9c]
V  [jvm.dll+0x7d5e74]
V  [jvm.dll+0x7d5f40]
V  [jvm.dll+0x77e91a]
V  [jvm.dll+0x66e845]
C  [ucrtbase.dll+0x26c0c]
C  [KERNEL32.DLL+0x154e0]
C  [ntdll.dll+0x485b]

VM_Operation (0x000000890c70ed00): G1CollectForAllocation, mode: safepoint, requested by thread 0x00000270e8046060


---------------  P R O C E S S  ---------------

Threads class SMR info:
_java_thread_list=0x00000270e6fd2d40, length=23, elements={
0x00000270bda035a0, 0x00000270e5f46af0, 0x00000270e5f48100, 0x00000270e5f567f0,
0x00000270e5f5b1c0, 0x00000270e5f5bb70, 0x00000270e5f5dcd0, 0x00000270e5f5f200,
0x00000270e5f640e0, 0x00000270e5f67670, 0x00000270e5f2fb70, 0x00000270e6dc9d70,
0x00000270e6f9b4f0, 0x00000270e6f14a30, 0x00000270e75f3590, 0x00000270e74c1070,
0x00000270e7b650f0, 0x00000270e75dd6f0, 0x00000270e7e976f0, 0x00000270e7f346a0,
0x00000270e80456c0, 0x00000270e8044850, 0x00000270e8046060
}

Java Threads: ( => current thread )
  0x00000270bda035a0 JavaThread "main" [_thread_blocked, id=12056, stack(0x0000008909400000,0x0000008909500000)]
  0x00000270e5f46af0 JavaThread "Reference Handler" daemon [_thread_blocked, id=9908, stack(0x0000008909b00000,0x0000008909c00000)]
  0x00000270e5f48100 JavaThread "Finalizer" daemon [_thread_blocked, id=30208, stack(0x0000008909c00000,0x0000008909d00000)]
  0x00000270e5f567f0 JavaThread "Signal Dispatcher" daemon [_thread_blocked, id=6916, stack(0x0000008909d00000,0x0000008909e00000)]
  0x00000270e5f5b1c0 JavaThread "Attach Listener" daemon [_thread_blocked, id=23404, stack(0x0000008909e00000,0x0000008909f00000)]
  0x00000270e5f5bb70 JavaThread "Service Thread" daemon [_thread_blocked, id=30544, stack(0x0000008909f00000,0x000000890a000000)]
  0x00000270e5f5dcd0 JavaThread "Monitor Deflation Thread" daemon [_thread_blocked, id=32792, stack(0x000000890a000000,0x000000890a100000)]
  0x00000270e5f5f200 JavaThread "C2 CompilerThread0" daemon [_thread_blocked, id=2268, stack(0x000000890a100000,0x000000890a200000)]
  0x00000270e5f640e0 JavaThread "C1 CompilerThread0" daemon [_thread_blocked, id=23740, stack(0x000000890a200000,0x000000890a300000)]
  0x00000270e5f67670 JavaThread "Sweeper thread" daemon [_thread_blocked, id=33160, stack(0x000000890a300000,0x000000890a400000)]
  0x00000270e5f2fb70 JavaThread "Common-Cleaner" daemon [_thread_blocked, id=36204, stack(0x000000890a400000,0x000000890a500000)]
  0x00000270e6dc9d70 JavaThread "Monitor Ctrl-Break" daemon [_thread_in_native, id=23344, stack(0x000000890a700000,0x000000890a800000)]
  0x00000270e6f9b4f0 JavaThread "Notification Thread" daemon [_thread_blocked, id=31604, stack(0x000000890a800000,0x000000890a900000)]
  0x00000270e6f14a30 JavaThread "QuantumRenderer-0" daemon [_thread_blocked, id=22056, stack(0x000000890a500000,0x000000890a600000)]
  0x00000270e75f3590 JavaThread "InvokeLaterDispatcher" daemon [_thread_blocked, id=30728, stack(0x000000890ac00000,0x000000890ad00000)]
  0x00000270e74c1070 JavaThread "JavaFX Application Thread" [_thread_in_native, id=33932, stack(0x000000890ad00000,0x000000890ae00000)]
  0x00000270e7b650f0 JavaThread "Thread-1" daemon [_thread_blocked, id=17312, stack(0x000000890ba10000,0x000000890bb10000)]
  0x00000270e75dd6f0 JavaThread "JavaFX-Launcher" [_thread_blocked, id=37424, stack(0x000000890bb10000,0x000000890bc10000)]
  0x00000270e7e976f0 JavaThread "Prism Font Disposer" daemon [_thread_blocked, id=1936, stack(0x000000890c010000,0x000000890c110000)]
  0x00000270e7f346a0 JavaThread "Cleaner-0" daemon [_thread_blocked, id=14492, stack(0x000000890c110000,0x000000890c210000)]
  0x00000270e80456c0 JavaThread "JFXMedia Player EventQueueThread" daemon [_thread_blocked, id=23948, stack(0x000000890c510000,0x000000890c610000)]
  0x00000270e8044850 JavaThread "Media Resource Disposer" daemon [_thread_blocked, id=35632, stack(0x000000890ca10000,0x000000890cb10000)]
  0x00000270e8046060 JavaThread "Unknown thread" [_thread_blocked, id=31468, stack(0x000000890c610000,0x000000890c710000)]

Other Threads:
=>0x00000270e5f40340 VMThread "VM Thread" [stack: 0x0000008909a00000,0x0000008909b00000] [id=34908]
  0x00000270bda70450 WatcherThread [stack: 0x000000890a900000,0x000000890aa00000] [id=37492]
  0x00000270bda5d620 GCTaskThread "GC Thread#0" [stack: 0x0000008909500000,0x0000008909600000] [id=33976]
  0x00000270e7b26610 GCTaskThread "GC Thread#1" [stack: 0x000000890b310000,0x000000890b410000] [id=12644]
  0x00000270e7b28730 GCTaskThread "GC Thread#2" [stack: 0x000000890b410000,0x000000890b510000] [id=8680]
  0x00000270e7b291f0 GCTaskThread "GC Thread#3" [stack: 0x000000890b510000,0x000000890b610000] [id=35528]
  0x00000270e7b46eb0 GCTaskThread "GC Thread#4" [stack: 0x000000890b610000,0x000000890b710000] [id=27468]
  0x00000270e7b47410 GCTaskThread "GC Thread#5" [stack: 0x000000890b710000,0x000000890b810000] [id=26888]
  0x00000270e7b46950 GCTaskThread "GC Thread#6" [stack: 0x000000890b810000,0x000000890b910000] [id=27460]
  0x00000270e7b47160 GCTaskThread "GC Thread#7" [stack: 0x000000890b910000,0x000000890ba10000] [id=36528]
  0x00000270bda694f0 ConcurrentGCThread "G1 Main Marker" [stack: 0x0000008909600000,0x0000008909700000] [id=16444]
  0x00000270bda69f00 ConcurrentGCThread "G1 Conc#0" [stack: 0x0000008909700000,0x0000008909800000] [id=1660]
  0x00000270e5e00090 ConcurrentGCThread "G1 Refine#0" [stack: 0x0000008909800000,0x0000008909900000] [id=32856]
  0x00000270e6db4d30 ConcurrentGCThread "G1 Refine#1" [stack: 0x000000890c710000,0x000000890c810000] [id=3036]
  0x00000270e6db3520 ConcurrentGCThread "G1 Refine#2" [stack: 0x000000890c810000,0x000000890c910000] [id=15476]
  0x00000270e5e00ab0 ConcurrentGCThread "G1 Service" [stack: 0x0000008909900000,0x0000008909a00000] [id=36172]

Threads with active compile tasks:

VM state: at safepoint (normal execution)

VM Mutex/Monitor currently owned by a thread:  ([mutex/lock_event])
[0x00000270bd92dd00] Threads_lock - owner thread: 0x00000270e5f40340
[0x00000270bd92c950] Heap_lock - owner thread: 0x00000270e8046060

Heap address: 0x00000006a0c00000, size: 5620 MB, Compressed Oops mode: Zero based, Oop shift amount: 3

CDS archive(s) mapped at: [0x0000000800000000-0x0000000800bc0000-0x0000000800bc0000), size 12320768, SharedBaseAddress: 0x0000000800000000, ArchiveRelocationMode: 0.
Compressed class space mapped at: 0x0000000800c00000-0x0000000840c00000, reserved size: 1073741824
Narrow klass base: 0x0000000800000000, Narrow klass shift: 0, Narrow klass range: 0x100000000

GC Precious Log:
 CPUs: 8 total, 8 available
 Memory: 22465M
 Large Page Support: Disabled
 NUMA Support: Disabled
 Compressed Oops: Enabled (Zero based)
 Heap Region Size: 4M
 Heap Min Capacity: 8M
 Heap Initial Capacity: 352M
 Heap Max Capacity: 5620M
 Pre-touch: Disabled
 Parallel Workers: 8
 Concurrent Workers: 2
 Concurrent Refinement Workers: 8
 Periodic GC: Disabled

Heap:
 garbage-first heap   total 1294336K, used 10477K [0x00000006a0c00000, 0x0000000800000000)
  region size 4096K, 3 young (12288K), 3 survivors (12288K)
 Metaspace       used 15385K, committed 15616K, reserved 1064960K
  class space    used 2258K, committed 2368K, reserved 1048576K

Heap Regions: E=young(eden), S=young(survivor), O=old, HS=humongous(starts), HC=humongous(continues), CS=collection set, F=free, OA=open archive, CA=closed archive, TAMS=top-at-mark-start (previous, next)
|   0|0x00000006a0c00000, 0x00000006a0de4200, 0x00000006a1000000| 47%| O|  |TAMS 0x00000006a0c00000, 0x00000006a0c00000| Untracked 
|   1|0x00000006a1000000, 0x00000006a1000000, 0x00000006a1400000|  0%| F|  |TAMS 0x00000006a1000000, 0x00000006a1000000| Untracked 
|   2|0x00000006a1400000, 0x00000006a1400000, 0x00000006a1800000|  0%| F|  |TAMS 0x00000006a1400000, 0x00000006a1400000| Untracked 
|   3|0x00000006a1800000, 0x00000006a1800000, 0x00000006a1c00000|  0%| F|  |TAMS 0x00000006a1800000, 0x00000006a1800000| Untracked 
|   4|0x00000006a1c00000, 0x00000006a1c00000, 0x00000006a2000000|  0%| F|  |TAMS 0x00000006a1c00000, 0x00000006a1c00000| Untracked 
|   5|0x00000006a2000000, 0x00000006a2000000, 0x00000006a2400000|  0%| F|  |TAMS 0x00000006a2000000, 0x00000006a2000000| Untracked 
|   6|0x00000006a2400000, 0x00000006a2400000, 0x00000006a2800000|  0%| F|  |TAMS 0x00000006a2400000, 0x00000006a2400000| Untracked 
|   7|0x00000006a2800000, 0x00000006a2800000, 0x00000006a2c00000|  0%| F|  |TAMS 0x00000006a2800000, 0x00000006a2800000| Untracked 
|   8|0x00000006a2c00000, 0x00000006a2c00000, 0x00000006a3000000|  0%| F|  |TAMS 0x00000006a2c00000, 0x00000006a2c00000| Untracked 
|   9|0x00000006a3000000, 0x00000006a3000000, 0x00000006a3400000|  0%| F|  |TAMS 0x00000006a3000000, 0x00000006a3000000| Untracked 
|  10|0x00000006a3400000, 0x00000006a3400000, 0x00000006a3800000|  0%| F|  |TAMS 0x00000006a3400000, 0x00000006a3400000| Untracked 
|  11|0x00000006a3800000, 0x00000006a3800000, 0x00000006a3c00000|  0%| F|  |TAMS 0x00000006a3800000, 0x00000006a3800000| Untracked 
|  12|0x00000006a3c00000, 0x00000006a3c00000, 0x00000006a4000000|  0%| F|  |TAMS 0x00000006a3c00000, 0x00000006a3c00000| Untracked 
|  13|0x00000006a4000000, 0x00000006a4000000, 0x00000006a4400000|  0%| F|  |TAMS 0x00000006a4000000, 0x00000006a4000000| Untracked 
|  14|0x00000006a4400000, 0x00000006a4400000, 0x00000006a4800000|  0%| F|  |TAMS 0x00000006a4400000, 0x00000006a4400000| Untracked 
|  15|0x00000006a4800000, 0x00000006a4800000, 0x00000006a4c00000|  0%| F|  |TAMS 0x00000006a4800000, 0x00000006a4800000| Untracked 
|  16|0x00000006a4c00000, 0x00000006a4c00000, 0x00000006a5000000|  0%| F|  |TAMS 0x00000006a4c00000, 0x00000006a4c00000| Untracked 
|  17|0x00000006a5000000, 0x00000006a5000000, 0x00000006a5400000|  0%| F|  |TAMS 0x00000006a5000000, 0x00000006a5000000| Untracked 
|  18|0x00000006a5400000, 0x00000006a5400000, 0x00000006a5800000|  0%| F|  |TAMS 0x00000006a5400000, 0x00000006a5400000| Untracked 
|  19|0x00000006a5800000, 0x00000006a5800000, 0x00000006a5c00000|  0%| F|  |TAMS 0x00000006a5800000, 0x00000006a5800000| Untracked 
|  20|0x00000006a5c00000, 0x00000006a5c00000, 0x00000006a6000000|  0%| F|  |TAMS 0x00000006a5c00000, 0x00000006a5c00000| Untracked 
|  21|0x00000006a6000000, 0x00000006a6000000, 0x00000006a6400000|  0%| F|  |TAMS 0x00000006a6000000, 0x00000006a6000000| Untracked 
|  22|0x00000006a6400000, 0x00000006a6400000, 0x00000006a6800000|  0%| F|  |TAMS 0x00000006a6400000, 0x00000006a6400000| Untracked 
|  23|0x00000006a6800000, 0x00000006a6800000, 0x00000006a6c00000|  0%| F|  |TAMS 0x00000006a6800000, 0x00000006a6800000| Untracked 
|  24|0x00000006a6c00000, 0x00000006a6c00000, 0x00000006a7000000|  0%| F|  |TAMS 0x00000006a6c00000, 0x00000006a6c00000| Untracked 
|  25|0x00000006a7000000, 0x00000006a7000000, 0x00000006a7400000|  0%| F|  |TAMS 0x00000006a7000000, 0x00000006a7000000| Untracked 
|  26|0x00000006a7400000, 0x00000006a7400000, 0x00000006a7800000|  0%| F|  |TAMS 0x00000006a7400000, 0x00000006a7400000| Untracked 
|  27|0x00000006a7800000, 0x00000006a7800000, 0x00000006a7c00000|  0%| F|  |TAMS 0x00000006a7800000, 0x00000006a7800000| Untracked 
|  28|0x00000006a7c00000, 0x00000006a7c00000, 0x00000006a8000000|  0%| F|  |TAMS 0x00000006a7c00000, 0x00000006a7c00000| Untracked 
|  29|0x00000006a8000000, 0x00000006a8000000, 0x00000006a8400000|  0%| F|  |TAMS 0x00000006a8000000, 0x00000006a8000000| Untracked 
|  30|0x00000006a8400000, 0x00000006a8400000, 0x00000006a8800000|  0%| F|  |TAMS 0x00000006a8400000, 0x00000006a8400000| Untracked 
|  31|0x00000006a8800000, 0x00000006a8800000, 0x00000006a8c00000|  0%| F|  |TAMS 0x00000006a8800000, 0x00000006a8800000| Untracked 
|  32|0x00000006a8c00000, 0x00000006a8c00000, 0x00000006a9000000|  0%| F|  |TAMS 0x00000006a8c00000, 0x00000006a8c00000| Untracked 
|  33|0x00000006a9000000, 0x00000006a9000000, 0x00000006a9400000|  0%| F|  |TAMS 0x00000006a9000000, 0x00000006a9000000| Untracked 
|  34|0x00000006a9400000, 0x00000006a9400000, 0x00000006a9800000|  0%| F|  |TAMS 0x00000006a9400000, 0x00000006a9400000| Untracked 
|  35|0x00000006a9800000, 0x00000006a9800000, 0x00000006a9c00000|  0%| F|  |TAMS 0x00000006a9800000, 0x00000006a9800000| Untracked 
|  36|0x00000006a9c00000, 0x00000006a9c00000, 0x00000006aa000000|  0%| F|  |TAMS 0x00000006a9c00000, 0x00000006a9c00000| Untracked 
|  37|0x00000006aa000000, 0x00000006aa000000, 0x00000006aa400000|  0%| F|  |TAMS 0x00000006aa000000, 0x00000006aa000000| Untracked 
|  38|0x00000006aa400000, 0x00000006aa400000, 0x00000006aa800000|  0%| F|  |TAMS 0x00000006aa400000, 0x00000006aa400000| Untracked 
|  39|0x00000006aa800000, 0x00000006aa800000, 0x00000006aac00000|  0%| F|  |TAMS 0x00000006aa800000, 0x00000006aa800000| Untracked 
|  40|0x00000006aac00000, 0x00000006aac00000, 0x00000006ab000000|  0%| F|  |TAMS 0x00000006aac00000, 0x00000006aac00000| Untracked 
|  41|0x00000006ab000000, 0x00000006ab000000, 0x00000006ab400000|  0%| F|  |TAMS 0x00000006ab000000, 0x00000006ab000000| Untracked 
|  42|0x00000006ab400000, 0x00000006ab400000, 0x00000006ab800000|  0%| F|  |TAMS 0x00000006ab400000, 0x00000006ab400000| Untracked 
|  43|0x00000006ab800000, 0x00000006ab800000, 0x00000006abc00000|  0%| F|  |TAMS 0x00000006ab800000, 0x00000006ab800000| Untracked 
|  44|0x00000006abc00000, 0x00000006abc00000, 0x00000006ac000000|  0%| F|  |TAMS 0x00000006abc00000, 0x00000006abc00000| Untracked 
|  45|0x00000006ac000000, 0x00000006ac000000, 0x00000006ac400000|  0%| F|  |TAMS 0x00000006ac000000, 0x00000006ac000000| Untracked 
|  46|0x00000006ac400000, 0x00000006ac400000, 0x00000006ac800000|  0%| F|  |TAMS 0x00000006ac400000, 0x00000006ac400000| Untracked 
|  47|0x00000006ac800000, 0x00000006ac800000, 0x00000006acc00000|  0%| F|  |TAMS 0x00000006ac800000, 0x00000006ac800000| Untracked 
|  48|0x00000006acc00000, 0x00000006acc00000, 0x00000006ad000000|  0%| F|  |TAMS 0x00000006acc00000, 0x00000006acc00000| Untracked 
|  49|0x00000006ad000000, 0x00000006ad000000, 0x00000006ad400000|  0%| F|  |TAMS 0x00000006ad000000, 0x00000006ad000000| Untracked 
|  50|0x00000006ad400000, 0x00000006ad400000, 0x00000006ad800000|  0%| F|  |TAMS 0x00000006ad400000, 0x00000006ad400000| Untracked 
|  51|0x00000006ad800000, 0x00000006ad800000, 0x00000006adc00000|  0%| F|  |TAMS 0x00000006ad800000, 0x00000006ad800000| Untracked 
|  52|0x00000006adc00000, 0x00000006adc00000, 0x00000006ae000000|  0%| F|  |TAMS 0x00000006adc00000, 0x00000006adc00000| Untracked 
|  53|0x00000006ae000000, 0x00000006ae000000, 0x00000006ae400000|  0%| F|  |TAMS 0x00000006ae000000, 0x00000006ae000000| Untracked 
|  54|0x00000006ae400000, 0x00000006ae400000, 0x00000006ae800000|  0%| F|  |TAMS 0x00000006ae400000, 0x00000006ae400000| Untracked 
|  55|0x00000006ae800000, 0x00000006ae800000, 0x00000006aec00000|  0%| F|  |TAMS 0x00000006ae800000, 0x00000006ae800000| Untracked 
|  56|0x00000006aec00000, 0x00000006aec00000, 0x00000006af000000|  0%| F|  |TAMS 0x00000006aec00000, 0x00000006aec00000| Untracked 
|  57|0x00000006af000000, 0x00000006af000000, 0x00000006af400000|  0%| F|  |TAMS 0x00000006af000000, 0x00000006af000000| Untracked 
|  58|0x00000006af400000, 0x00000006af400000, 0x00000006af800000|  0%| F|  |TAMS 0x00000006af400000, 0x00000006af400000| Untracked 
|  59|0x00000006af800000, 0x00000006af800000, 0x00000006afc00000|  0%| F|  |TAMS 0x00000006af800000, 0x00000006af800000| Untracked 
|  60|0x00000006afc00000, 0x00000006afc00000, 0x00000006b0000000|  0%| F|  |TAMS 0x00000006afc00000, 0x00000006afc00000| Untracked 
|  61|0x00000006b0000000, 0x00000006b0000000, 0x00000006b0400000|  0%| F|  |TAMS 0x00000006b0000000, 0x00000006b0000000| Untracked 
|  62|0x00000006b0400000, 0x00000006b0400000, 0x00000006b0800000|  0%| F|  |TAMS 0x00000006b0400000, 0x00000006b0400000| Untracked 
|  63|0x00000006b0800000, 0x00000006b0800000, 0x00000006b0c00000|  0%| F|  |TAMS 0x00000006b0800000, 0x00000006b0800000| Untracked 
|  64|0x00000006b0c00000, 0x00000006b0c00000, 0x00000006b1000000|  0%| F|  |TAMS 0x00000006b0c00000, 0x00000006b0c00000| Untracked 
|  65|0x00000006b1000000, 0x00000006b1000000, 0x00000006b1400000|  0%| F|  |TAMS 0x00000006b1000000, 0x00000006b1000000| Untracked 
|  66|0x00000006b1400000, 0x00000006b1400000, 0x00000006b1800000|  0%| F|  |TAMS 0x00000006b1400000, 0x00000006b1400000| Untracked 
|  67|0x00000006b1800000, 0x00000006b1800000, 0x00000006b1c00000|  0%| F|  |TAMS 0x00000006b1800000, 0x00000006b1800000| Untracked 
|  68|0x00000006b1c00000, 0x00000006b1c00000, 0x00000006b2000000|  0%| F|  |TAMS 0x00000006b1c00000, 0x00000006b1c00000| Untracked 
|  69|0x00000006b2000000, 0x00000006b2000000, 0x00000006b2400000|  0%| F|  |TAMS 0x00000006b2000000, 0x00000006b2000000| Untracked 
|  70|0x00000006b2400000, 0x00000006b2400000, 0x00000006b2800000|  0%| F|  |TAMS 0x00000006b2400000, 0x00000006b2400000| Untracked 
|  71|0x00000006b2800000, 0x00000006b2800000, 0x00000006b2c00000|  0%| F|  |TAMS 0x00000006b2800000, 0x00000006b2800000| Untracked 
|  72|0x00000006b2c00000, 0x00000006b2c00000, 0x00000006b3000000|  0%| F|  |TAMS 0x00000006b2c00000, 0x00000006b2c00000| Untracked 
|  73|0x00000006b3000000, 0x00000006b3000000, 0x00000006b3400000|  0%| F|  |TAMS 0x00000006b3000000, 0x00000006b3000000| Untracked 
|  74|0x00000006b3400000, 0x00000006b3400000, 0x00000006b3800000|  0%| F|  |TAMS 0x00000006b3400000, 0x00000006b3400000| Untracked 
|  75|0x00000006b3800000, 0x00000006b3800000, 0x00000006b3c00000|  0%| F|  |TAMS 0x00000006b3800000, 0x00000006b3800000| Untracked 
|  76|0x00000006b3c00000, 0x00000006b3c00000, 0x00000006b4000000|  0%| F|  |TAMS 0x00000006b3c00000, 0x00000006b3c00000| Untracked 
|  77|0x00000006b4000000, 0x00000006b4000000, 0x00000006b4400000|  0%| F|  |TAMS 0x00000006b4000000, 0x00000006b4000000| Untracked 
|  78|0x00000006b4400000, 0x00000006b4400000, 0x00000006b4800000|  0%| F|  |TAMS 0x00000006b4400000, 0x00000006b4400000| Untracked 
|  79|0x00000006b4800000, 0x00000006b4800000, 0x00000006b4c00000|  0%| F|  |TAMS 0x00000006b4800000, 0x00000006b4800000| Untracked 
|  80|0x00000006b4c00000, 0x00000006b4c00000, 0x00000006b5000000|  0%| F|  |TAMS 0x00000006b4c00000, 0x00000006b4c00000| Untracked 
|  81|0x00000006b5000000, 0x00000006b5000000, 0x00000006b5400000|  0%| F|  |TAMS 0x00000006b5000000, 0x00000006b5000000| Untracked 
|  82|0x00000006b5400000, 0x00000006b5400000, 0x00000006b5800000|  0%| F|  |TAMS 0x00000006b5400000, 0x00000006b5400000| Untracked 
|  83|0x00000006b5800000, 0x00000006b5800000, 0x00000006b5c00000|  0%| F|  |TAMS 0x00000006b5800000, 0x00000006b5800000| Untracked 
|  84|0x00000006b5c00000, 0x00000006b5c00000, 0x00000006b6000000|  0%| F|  |TAMS 0x00000006b5c00000, 0x00000006b5c00000| Untracked 
|  85|0x00000006b6000000, 0x00000006b6000000, 0x00000006b6400000|  0%| F|  |TAMS 0x00000006b6000000, 0x00000006b6000000| Untracked 
|  86|0x00000006b6400000, 0x00000006b6400000, 0x00000006b6800000|  0%| F|  |TAMS 0x00000006b6400000, 0x00000006b6400000| Untracked 
|  87|0x00000006b6800000, 0x00000006b6800000, 0x00000006b6c00000|  0%| F|  |TAMS 0x00000006b6800000, 0x00000006b6800000| Untracked 
|  88|0x00000006b6c00000, 0x00000006b6c00000, 0x00000006b7000000|  0%| F|  |TAMS 0x00000006b6c00000, 0x00000006b6c00000| Untracked 
|  89|0x00000006b7000000, 0x00000006b7000000, 0x00000006b7400000|  0%| F|  |TAMS 0x00000006b7000000, 0x00000006b7000000| Untracked 
|  90|0x00000006b7400000, 0x00000006b7400000, 0x00000006b7800000|  0%| F|  |TAMS 0x00000006b7400000, 0x00000006b7400000| Untracked 
|  91|0x00000006b7800000, 0x00000006b7800000, 0x00000006b7c00000|  0%| F|  |TAMS 0x00000006b7800000, 0x00000006b7800000| Untracked 
|  92|0x00000006b7c00000, 0x00000006b7c00000, 0x00000006b8000000|  0%| F|  |TAMS 0x00000006b7c00000, 0x00000006b7c00000| Untracked 
|  93|0x00000006b8000000, 0x00000006b8000000, 0x00000006b8400000|  0%| F|  |TAMS 0x00000006b8000000, 0x00000006b8000000| Untracked 
|  94|0x00000006b8400000, 0x00000006b8400000, 0x00000006b8800000|  0%| F|  |TAMS 0x00000006b8400000, 0x00000006b8400000| Untracked 
|  95|0x00000006b8800000, 0x00000006b8800000, 0x00000006b8c00000|  0%| F|  |TAMS 0x00000006b8800000, 0x00000006b8800000| Untracked 
|  96|0x00000006b8c00000, 0x00000006b8c00000, 0x00000006b9000000|  0%| F|  |TAMS 0x00000006b8c00000, 0x00000006b8c00000| Untracked 
|  97|0x00000006b9000000, 0x00000006b9000000, 0x00000006b9400000|  0%| F|  |TAMS 0x00000006b9000000, 0x00000006b9000000| Untracked 
|  98|0x00000006b9400000, 0x00000006b9400000, 0x00000006b9800000|  0%| F|  |TAMS 0x00000006b9400000, 0x00000006b9400000| Untracked 
|  99|0x00000006b9800000, 0x00000006b9800000, 0x00000006b9c00000|  0%| F|  |TAMS 0x00000006b9800000, 0x00000006b9800000| Untracked 
| 100|0x00000006b9c00000, 0x00000006b9c00000, 0x00000006ba000000|  0%| F|  |TAMS 0x00000006b9c00000, 0x00000006b9c00000| Untracked 
| 101|0x00000006ba000000, 0x00000006ba000000, 0x00000006ba400000|  0%| F|  |TAMS 0x00000006ba000000, 0x00000006ba000000| Untracked 
| 102|0x00000006ba400000, 0x00000006ba400000, 0x00000006ba800000|  0%| F|  |TAMS 0x00000006ba400000, 0x00000006ba400000| Untracked 
| 103|0x00000006ba800000, 0x00000006ba800000, 0x00000006bac00000|  0%| F|  |TAMS 0x00000006ba800000, 0x00000006ba800000| Untracked 
| 104|0x00000006bac00000, 0x00000006bac00000, 0x00000006bb000000|  0%| F|  |TAMS 0x00000006bac00000, 0x00000006bac00000| Untracked 
| 105|0x00000006bb000000, 0x00000006bb000000, 0x00000006bb400000|  0%| F|  |TAMS 0x00000006bb000000, 0x00000006bb000000| Untracked 
| 106|0x00000006bb400000, 0x00000006bb400000, 0x00000006bb800000|  0%| F|  |TAMS 0x00000006bb400000, 0x00000006bb400000| Untracked 
| 107|0x00000006bb800000, 0x00000006bb800000, 0x00000006bbc00000|  0%| F|  |TAMS 0x00000006bb800000, 0x00000006bb800000| Untracked 
| 108|0x00000006bbc00000, 0x00000006bbc00000, 0x00000006bc000000|  0%| F|  |TAMS 0x00000006bbc00000, 0x00000006bbc00000| Untracked 
| 109|0x00000006bc000000, 0x00000006bc000000, 0x00000006bc400000|  0%| F|  |TAMS 0x00000006bc000000, 0x00000006bc000000| Untracked 
| 110|0x00000006bc400000, 0x00000006bc400000, 0x00000006bc800000|  0%| F|  |TAMS 0x00000006bc400000, 0x00000006bc400000| Untracked 
| 111|0x00000006bc800000, 0x00000006bc800000, 0x00000006bcc00000|  0%| F|  |TAMS 0x00000006bc800000, 0x00000006bc800000| Untracked 
| 112|0x00000006bcc00000, 0x00000006bcc00000, 0x00000006bd000000|  0%| F|  |TAMS 0x00000006bcc00000, 0x00000006bcc00000| Untracked 
| 113|0x00000006bd000000, 0x00000006bd000000, 0x00000006bd400000|  0%| F|  |TAMS 0x00000006bd000000, 0x00000006bd000000| Untracked 
| 114|0x00000006bd400000, 0x00000006bd400000, 0x00000006bd800000|  0%| F|  |TAMS 0x00000006bd400000, 0x00000006bd400000| Untracked 
| 115|0x00000006bd800000, 0x00000006bd800000, 0x00000006bdc00000|  0%| F|  |TAMS 0x00000006bd800000, 0x00000006bd800000| Untracked 
| 116|0x00000006bdc00000, 0x00000006bdc00000, 0x00000006be000000|  0%| F|  |TAMS 0x00000006bdc00000, 0x00000006bdc00000| Untracked 
| 117|0x00000006be000000, 0x00000006be000000, 0x00000006be400000|  0%| F|  |TAMS 0x00000006be000000, 0x00000006be000000| Untracked 
| 118|0x00000006be400000, 0x00000006be400000, 0x00000006be800000|  0%| F|  |TAMS 0x00000006be400000, 0x00000006be400000| Untracked 
| 119|0x00000006be800000, 0x00000006be800000, 0x00000006bec00000|  0%| F|  |TAMS 0x00000006be800000, 0x00000006be800000| Untracked 
| 120|0x00000006bec00000, 0x00000006bec00000, 0x00000006bf000000|  0%| F|  |TAMS 0x00000006bec00000, 0x00000006bec00000| Untracked 
| 121|0x00000006bf000000, 0x00000006bf000000, 0x00000006bf400000|  0%| F|  |TAMS 0x00000006bf000000, 0x00000006bf000000| Untracked 
| 122|0x00000006bf400000, 0x00000006bf400000, 0x00000006bf800000|  0%| F|  |TAMS 0x00000006bf400000, 0x00000006bf400000| Untracked 
| 123|0x00000006bf800000, 0x00000006bf800000, 0x00000006bfc00000|  0%| F|  |TAMS 0x00000006bf800000, 0x00000006bf800000| Untracked 
| 124|0x00000006bfc00000, 0x00000006bfc572e8, 0x00000006c0000000|  8%| S|CS|TAMS 0x00000006bfc00000, 0x00000006bfc00000| Complete 
| 125|0x00000006c0000000, 0x00000006c0400000, 0x00000006c0400000|100%| S|CS|TAMS 0x00000006c0000000, 0x00000006c0000000| Complete 
| 126|0x00000006c0400000, 0x00000006c0800000, 0x00000006c0800000|100%| S|CS|TAMS 0x00000006c0400000, 0x00000006c0400000| Complete 
| 127|0x00000006c0800000, 0x00000006c0800000, 0x00000006c0c00000|  0%| F|  |TAMS 0x00000006c0800000, 0x00000006c0800000| Untracked 
| 128|0x00000006c0c00000, 0x00000006c0c00000, 0x00000006c1000000|  0%| F|  |TAMS 0x00000006c0c00000, 0x00000006c0c00000| Untracked 
| 129|0x00000006c1000000, 0x00000006c1000000, 0x00000006c1400000|  0%| F|  |TAMS 0x00000006c1000000, 0x00000006c1000000| Untracked 
| 130|0x00000006c1400000, 0x00000006c1400000, 0x00000006c1800000|  0%| F|  |TAMS 0x00000006c1400000, 0x00000006c1400000| Untracked 
| 131|0x00000006c1800000, 0x00000006c1800000, 0x00000006c1c00000|  0%| F|  |TAMS 0x00000006c1800000, 0x00000006c1800000| Untracked 
| 132|0x00000006c1c00000, 0x00000006c1c00000, 0x00000006c2000000|  0%| F|  |TAMS 0x00000006c1c00000, 0x00000006c1c00000| Untracked 
| 133|0x00000006c2000000, 0x00000006c2000000, 0x00000006c2400000|  0%| F|  |TAMS 0x00000006c2000000, 0x00000006c2000000| Untracked 
| 134|0x00000006c2400000, 0x00000006c2400000, 0x00000006c2800000|  0%| F|  |TAMS 0x00000006c2400000, 0x00000006c2400000| Untracked 
| 135|0x00000006c2800000, 0x00000006c2800000, 0x00000006c2c00000|  0%| F|  |TAMS 0x00000006c2800000, 0x00000006c2800000| Untracked 
| 136|0x00000006c2c00000, 0x00000006c2c00000, 0x00000006c3000000|  0%| F|  |TAMS 0x00000006c2c00000, 0x00000006c2c00000| Untracked 
| 137|0x00000006c3000000, 0x00000006c3000000, 0x00000006c3400000|  0%| F|  |TAMS 0x00000006c3000000, 0x00000006c3000000| Untracked 
| 138|0x00000006c3400000, 0x00000006c3400000, 0x00000006c3800000|  0%| F|  |TAMS 0x00000006c3400000, 0x00000006c3400000| Untracked 
| 139|0x00000006c3800000, 0x00000006c3800000, 0x00000006c3c00000|  0%| F|  |TAMS 0x00000006c3800000, 0x00000006c3800000| Untracked 
| 140|0x00000006c3c00000, 0x00000006c3c00000, 0x00000006c4000000|  0%| F|  |TAMS 0x00000006c3c00000, 0x00000006c3c00000| Untracked 
| 141|0x00000006c4000000, 0x00000006c4000000, 0x00000006c4400000|  0%| F|  |TAMS 0x00000006c4000000, 0x00000006c4000000| Untracked 
| 142|0x00000006c4400000, 0x00000006c4400000, 0x00000006c4800000|  0%| F|  |TAMS 0x00000006c4400000, 0x00000006c4400000| Untracked 
| 143|0x00000006c4800000, 0x00000006c4800000, 0x00000006c4c00000|  0%| F|  |TAMS 0x00000006c4800000, 0x00000006c4800000| Untracked 
| 144|0x00000006c4c00000, 0x00000006c4c00000, 0x00000006c5000000|  0%| F|  |TAMS 0x00000006c4c00000, 0x00000006c4c00000| Untracked 
| 145|0x00000006c5000000, 0x00000006c5000000, 0x00000006c5400000|  0%| F|  |TAMS 0x00000006c5000000, 0x00000006c5000000| Untracked 
| 146|0x00000006c5400000, 0x00000006c5400000, 0x00000006c5800000|  0%| F|  |TAMS 0x00000006c5400000, 0x00000006c5400000| Untracked 
| 147|0x00000006c5800000, 0x00000006c5800000, 0x00000006c5c00000|  0%| F|  |TAMS 0x00000006c5800000, 0x00000006c5800000| Untracked 
| 148|0x00000006c5c00000, 0x00000006c5c00000, 0x00000006c6000000|  0%| F|  |TAMS 0x00000006c5c00000, 0x00000006c5c00000| Untracked 
| 149|0x00000006c6000000, 0x00000006c6000000, 0x00000006c6400000|  0%| F|  |TAMS 0x00000006c6000000, 0x00000006c6000000| Untracked 
| 150|0x00000006c6400000, 0x00000006c6400000, 0x00000006c6800000|  0%| F|  |TAMS 0x00000006c6400000, 0x00000006c6400000| Untracked 
| 151|0x00000006c6800000, 0x00000006c6800000, 0x00000006c6c00000|  0%| F|  |TAMS 0x00000006c6800000, 0x00000006c6800000| Untracked 
| 152|0x00000006c6c00000, 0x00000006c6c00000, 0x00000006c7000000|  0%| F|  |TAMS 0x00000006c6c00000, 0x00000006c6c00000| Untracked 
| 153|0x00000006c7000000, 0x00000006c7000000, 0x00000006c7400000|  0%| F|  |TAMS 0x00000006c7000000, 0x00000006c7000000| Untracked 
| 154|0x00000006c7400000, 0x00000006c7400000, 0x00000006c7800000|  0%| F|  |TAMS 0x00000006c7400000, 0x00000006c7400000| Untracked 
| 155|0x00000006c7800000, 0x00000006c7800000, 0x00000006c7c00000|  0%| F|  |TAMS 0x00000006c7800000, 0x00000006c7800000| Untracked 
| 156|0x00000006c7c00000, 0x00000006c7c00000, 0x00000006c8000000|  0%| F|  |TAMS 0x00000006c7c00000, 0x00000006c7c00000| Untracked 
| 157|0x00000006c8000000, 0x00000006c8000000, 0x00000006c8400000|  0%| F|  |TAMS 0x00000006c8000000, 0x00000006c8000000| Untracked 
| 158|0x00000006c8400000, 0x00000006c8400000, 0x00000006c8800000|  0%| F|  |TAMS 0x00000006c8400000, 0x00000006c8400000| Untracked 
| 159|0x00000006c8800000, 0x00000006c8800000, 0x00000006c8c00000|  0%| F|  |TAMS 0x00000006c8800000, 0x00000006c8800000| Untracked 
| 160|0x00000006c8c00000, 0x00000006c8c00000, 0x00000006c9000000|  0%| F|  |TAMS 0x00000006c8c00000, 0x00000006c8c00000| Untracked 
| 161|0x00000006c9000000, 0x00000006c9000000, 0x00000006c9400000|  0%| F|  |TAMS 0x00000006c9000000, 0x00000006c9000000| Untracked 
| 162|0x00000006c9400000, 0x00000006c9400000, 0x00000006c9800000|  0%| F|  |TAMS 0x00000006c9400000, 0x00000006c9400000| Untracked 
| 163|0x00000006c9800000, 0x00000006c9800000, 0x00000006c9c00000|  0%| F|  |TAMS 0x00000006c9800000, 0x00000006c9800000| Untracked 
| 164|0x00000006c9c00000, 0x00000006c9c00000, 0x00000006ca000000|  0%| F|  |TAMS 0x00000006c9c00000, 0x00000006c9c00000| Untracked 
| 165|0x00000006ca000000, 0x00000006ca000000, 0x00000006ca400000|  0%| F|  |TAMS 0x00000006ca000000, 0x00000006ca000000| Untracked 
| 166|0x00000006ca400000, 0x00000006ca400000, 0x00000006ca800000|  0%| F|  |TAMS 0x00000006ca400000, 0x00000006ca400000| Untracked 
| 167|0x00000006ca800000, 0x00000006ca800000, 0x00000006cac00000|  0%| F|  |TAMS 0x00000006ca800000, 0x00000006ca800000| Untracked 
| 168|0x00000006cac00000, 0x00000006cac00000, 0x00000006cb000000|  0%| F|  |TAMS 0x00000006cac00000, 0x00000006cac00000| Untracked 
| 169|0x00000006cb000000, 0x00000006cb000000, 0x00000006cb400000|  0%| F|  |TAMS 0x00000006cb000000, 0x00000006cb000000| Untracked 
| 170|0x00000006cb400000, 0x00000006cb400000, 0x00000006cb800000|  0%| F|  |TAMS 0x00000006cb400000, 0x00000006cb400000| Untracked 
| 171|0x00000006cb800000, 0x00000006cb800000, 0x00000006cbc00000|  0%| F|  |TAMS 0x00000006cb800000, 0x00000006cb800000| Untracked 
| 172|0x00000006cbc00000, 0x00000006cbc00000, 0x00000006cc000000|  0%| F|  |TAMS 0x00000006cbc00000, 0x00000006cbc00000| Untracked 
| 173|0x00000006cc000000, 0x00000006cc000000, 0x00000006cc400000|  0%| F|  |TAMS 0x00000006cc000000, 0x00000006cc000000| Untracked 
| 174|0x00000006cc400000, 0x00000006cc400000, 0x00000006cc800000|  0%| F|  |TAMS 0x00000006cc400000, 0x00000006cc400000| Untracked 
| 175|0x00000006cc800000, 0x00000006cc800000, 0x00000006ccc00000|  0%| F|  |TAMS 0x00000006cc800000, 0x00000006cc800000| Untracked 
| 176|0x00000006ccc00000, 0x00000006ccc00000, 0x00000006cd000000|  0%| F|  |TAMS 0x00000006ccc00000, 0x00000006ccc00000| Untracked 
| 177|0x00000006cd000000, 0x00000006cd000000, 0x00000006cd400000|  0%| F|  |TAMS 0x00000006cd000000, 0x00000006cd000000| Untracked 
| 178|0x00000006cd400000, 0x00000006cd400000, 0x00000006cd800000|  0%| F|  |TAMS 0x00000006cd400000, 0x00000006cd400000| Untracked 
| 179|0x00000006cd800000, 0x00000006cd800000, 0x00000006cdc00000|  0%| F|  |TAMS 0x00000006cd800000, 0x00000006cd800000| Untracked 
| 180|0x00000006cdc00000, 0x00000006cdc00000, 0x00000006ce000000|  0%| F|  |TAMS 0x00000006cdc00000, 0x00000006cdc00000| Untracked 
| 181|0x00000006ce000000, 0x00000006ce000000, 0x00000006ce400000|  0%| F|  |TAMS 0x00000006ce000000, 0x00000006ce000000| Untracked 
| 182|0x00000006ce400000, 0x00000006ce400000, 0x00000006ce800000|  0%| F|  |TAMS 0x00000006ce400000, 0x00000006ce400000| Untracked 
| 183|0x00000006ce800000, 0x00000006ce800000, 0x00000006cec00000|  0%| F|  |TAMS 0x00000006ce800000, 0x00000006ce800000| Untracked 
| 184|0x00000006cec00000, 0x00000006cec00000, 0x00000006cf000000|  0%| F|  |TAMS 0x00000006cec00000, 0x00000006cec00000| Untracked 
| 185|0x00000006cf000000, 0x00000006cf000000, 0x00000006cf400000|  0%| F|  |TAMS 0x00000006cf000000, 0x00000006cf000000| Untracked 
| 186|0x00000006cf400000, 0x00000006cf400000, 0x00000006cf800000|  0%| F|  |TAMS 0x00000006cf400000, 0x00000006cf400000| Untracked 
| 187|0x00000006cf800000, 0x00000006cf800000, 0x00000006cfc00000|  0%| F|  |TAMS 0x00000006cf800000, 0x00000006cf800000| Untracked 
| 188|0x00000006cfc00000, 0x00000006cfc00000, 0x00000006d0000000|  0%| F|  |TAMS 0x00000006cfc00000, 0x00000006cfc00000| Untracked 
| 189|0x00000006d0000000, 0x00000006d0000000, 0x00000006d0400000|  0%| F|  |TAMS 0x00000006d0000000, 0x00000006d0000000| Untracked 
| 190|0x00000006d0400000, 0x00000006d0400000, 0x00000006d0800000|  0%| F|  |TAMS 0x00000006d0400000, 0x00000006d0400000| Untracked 
| 191|0x00000006d0800000, 0x00000006d0800000, 0x00000006d0c00000|  0%| F|  |TAMS 0x00000006d0800000, 0x00000006d0800000| Untracked 
| 192|0x00000006d0c00000, 0x00000006d0c00000, 0x00000006d1000000|  0%| F|  |TAMS 0x00000006d0c00000, 0x00000006d0c00000| Untracked 
| 193|0x00000006d1000000, 0x00000006d1000000, 0x00000006d1400000|  0%| F|  |TAMS 0x00000006d1000000, 0x00000006d1000000| Untracked 
| 194|0x00000006d1400000, 0x00000006d1400000, 0x00000006d1800000|  0%| F|  |TAMS 0x00000006d1400000, 0x00000006d1400000| Untracked 
| 195|0x00000006d1800000, 0x00000006d1800000, 0x00000006d1c00000|  0%| F|  |TAMS 0x00000006d1800000, 0x00000006d1800000| Untracked 
| 196|0x00000006d1c00000, 0x00000006d1c00000, 0x00000006d2000000|  0%| F|  |TAMS 0x00000006d1c00000, 0x00000006d1c00000| Untracked 
| 197|0x00000006d2000000, 0x00000006d2000000, 0x00000006d2400000|  0%| F|  |TAMS 0x00000006d2000000, 0x00000006d2000000| Untracked 
| 198|0x00000006d2400000, 0x00000006d2400000, 0x00000006d2800000|  0%| F|  |TAMS 0x00000006d2400000, 0x00000006d2400000| Untracked 
| 199|0x00000006d2800000, 0x00000006d2800000, 0x00000006d2c00000|  0%| F|  |TAMS 0x00000006d2800000, 0x00000006d2800000| Untracked 
| 200|0x00000006d2c00000, 0x00000006d2c00000, 0x00000006d3000000|  0%| F|  |TAMS 0x00000006d2c00000, 0x00000006d2c00000| Untracked 
| 201|0x00000006d3000000, 0x00000006d3000000, 0x00000006d3400000|  0%| F|  |TAMS 0x00000006d3000000, 0x00000006d3000000| Untracked 
| 202|0x00000006d3400000, 0x00000006d3400000, 0x00000006d3800000|  0%| F|  |TAMS 0x00000006d3400000, 0x00000006d3400000| Untracked 
| 203|0x00000006d3800000, 0x00000006d3800000, 0x00000006d3c00000|  0%| F|  |TAMS 0x00000006d3800000, 0x00000006d3800000| Untracked 
| 204|0x00000006d3c00000, 0x00000006d3c00000, 0x00000006d4000000|  0%| F|  |TAMS 0x00000006d3c00000, 0x00000006d3c00000| Untracked 
| 205|0x00000006d4000000, 0x00000006d4000000, 0x00000006d4400000|  0%| F|  |TAMS 0x00000006d4000000, 0x00000006d4000000| Untracked 
| 206|0x00000006d4400000, 0x00000006d4400000, 0x00000006d4800000|  0%| F|  |TAMS 0x00000006d4400000, 0x00000006d4400000| Untracked 
| 207|0x00000006d4800000, 0x00000006d4800000, 0x00000006d4c00000|  0%| F|  |TAMS 0x00000006d4800000, 0x00000006d4800000| Untracked 
| 208|0x00000006d4c00000, 0x00000006d4c00000, 0x00000006d5000000|  0%| F|  |TAMS 0x00000006d4c00000, 0x00000006d4c00000| Untracked 
| 209|0x00000006d5000000, 0x00000006d5000000, 0x00000006d5400000|  0%| F|  |TAMS 0x00000006d5000000, 0x00000006d5000000| Untracked 
| 210|0x00000006d5400000, 0x00000006d5400000, 0x00000006d5800000|  0%| F|  |TAMS 0x00000006d5400000, 0x00000006d5400000| Untracked 
| 211|0x00000006d5800000, 0x00000006d5800000, 0x00000006d5c00000|  0%| F|  |TAMS 0x00000006d5800000, 0x00000006d5800000| Untracked 
| 212|0x00000006d5c00000, 0x00000006d5c00000, 0x00000006d6000000|  0%| F|  |TAMS 0x00000006d5c00000, 0x00000006d5c00000| Untracked 
| 213|0x00000006d6000000, 0x00000006d6000000, 0x00000006d6400000|  0%| F|  |TAMS 0x00000006d6000000, 0x00000006d6000000| Untracked 
| 214|0x00000006d6400000, 0x00000006d6400000, 0x00000006d6800000|  0%| F|  |TAMS 0x00000006d6400000, 0x00000006d6400000| Untracked 
| 215|0x00000006d6800000, 0x00000006d6800000, 0x00000006d6c00000|  0%| F|  |TAMS 0x00000006d6800000, 0x00000006d6800000| Untracked 
| 216|0x00000006d6c00000, 0x00000006d6c00000, 0x00000006d7000000|  0%| F|  |TAMS 0x00000006d6c00000, 0x00000006d6c00000| Untracked 
| 217|0x00000006d7000000, 0x00000006d7000000, 0x00000006d7400000|  0%| F|  |TAMS 0x00000006d7000000, 0x00000006d7000000| Untracked 
| 218|0x00000006d7400000, 0x00000006d7400000, 0x00000006d7800000|  0%| F|  |TAMS 0x00000006d7400000, 0x00000006d7400000| Untracked 
| 219|0x00000006d7800000, 0x00000006d7800000, 0x00000006d7c00000|  0%| F|  |TAMS 0x00000006d7800000, 0x00000006d7800000| Untracked 
| 220|0x00000006d7c00000, 0x00000006d7c00000, 0x00000006d8000000|  0%| F|  |TAMS 0x00000006d7c00000, 0x00000006d7c00000| Untracked 
| 221|0x00000006d8000000, 0x00000006d8000000, 0x00000006d8400000|  0%| F|  |TAMS 0x00000006d8000000, 0x00000006d8000000| Untracked 
| 222|0x00000006d8400000, 0x00000006d8400000, 0x00000006d8800000|  0%| F|  |TAMS 0x00000006d8400000, 0x00000006d8400000| Untracked 
| 223|0x00000006d8800000, 0x00000006d8800000, 0x00000006d8c00000|  0%| F|  |TAMS 0x00000006d8800000, 0x00000006d8800000| Untracked 
| 224|0x00000006d8c00000, 0x00000006d8c00000, 0x00000006d9000000|  0%| F|  |TAMS 0x00000006d8c00000, 0x00000006d8c00000| Untracked 
| 225|0x00000006d9000000, 0x00000006d9000000, 0x00000006d9400000|  0%| F|  |TAMS 0x00000006d9000000, 0x00000006d9000000| Untracked 
| 226|0x00000006d9400000, 0x00000006d9400000, 0x00000006d9800000|  0%| F|  |TAMS 0x00000006d9400000, 0x00000006d9400000| Untracked 
| 227|0x00000006d9800000, 0x00000006d9800000, 0x00000006d9c00000|  0%| F|  |TAMS 0x00000006d9800000, 0x00000006d9800000| Untracked 
| 228|0x00000006d9c00000, 0x00000006d9c00000, 0x00000006da000000|  0%| F|  |TAMS 0x00000006d9c00000, 0x00000006d9c00000| Untracked 
| 229|0x00000006da000000, 0x00000006da000000, 0x00000006da400000|  0%| F|  |TAMS 0x00000006da000000, 0x00000006da000000| Untracked 
| 230|0x00000006da400000, 0x00000006da400000, 0x00000006da800000|  0%| F|  |TAMS 0x00000006da400000, 0x00000006da400000| Untracked 
| 231|0x00000006da800000, 0x00000006da800000, 0x00000006dac00000|  0%| F|  |TAMS 0x00000006da800000, 0x00000006da800000| Untracked 
| 232|0x00000006dac00000, 0x00000006dac00000, 0x00000006db000000|  0%| F|  |TAMS 0x00000006dac00000, 0x00000006dac00000| Untracked 
| 233|0x00000006db000000, 0x00000006db000000, 0x00000006db400000|  0%| F|  |TAMS 0x00000006db000000, 0x00000006db000000| Untracked 
| 234|0x00000006db400000, 0x00000006db400000, 0x00000006db800000|  0%| F|  |TAMS 0x00000006db400000, 0x00000006db400000| Untracked 
| 235|0x00000006db800000, 0x00000006db800000, 0x00000006dbc00000|  0%| F|  |TAMS 0x00000006db800000, 0x00000006db800000| Untracked 
| 236|0x00000006dbc00000, 0x00000006dbc00000, 0x00000006dc000000|  0%| F|  |TAMS 0x00000006dbc00000, 0x00000006dbc00000| Untracked 
| 237|0x00000006dc000000, 0x00000006dc000000, 0x00000006dc400000|  0%| F|  |TAMS 0x00000006dc000000, 0x00000006dc000000| Untracked 
| 238|0x00000006dc400000, 0x00000006dc400000, 0x00000006dc800000|  0%| F|  |TAMS 0x00000006dc400000, 0x00000006dc400000| Untracked 
| 239|0x00000006dc800000, 0x00000006dc800000, 0x00000006dcc00000|  0%| F|  |TAMS 0x00000006dc800000, 0x00000006dc800000| Untracked 
| 240|0x00000006dcc00000, 0x00000006dcc00000, 0x00000006dd000000|  0%| F|  |TAMS 0x00000006dcc00000, 0x00000006dcc00000| Untracked 
| 241|0x00000006dd000000, 0x00000006dd000000, 0x00000006dd400000|  0%| F|  |TAMS 0x00000006dd000000, 0x00000006dd000000| Untracked 
| 242|0x00000006dd400000, 0x00000006dd400000, 0x00000006dd800000|  0%| F|  |TAMS 0x00000006dd400000, 0x00000006dd400000| Untracked 
| 243|0x00000006dd800000, 0x00000006dd800000, 0x00000006ddc00000|  0%| F|  |TAMS 0x00000006dd800000, 0x00000006dd800000| Untracked 
| 244|0x00000006ddc00000, 0x00000006ddc00000, 0x00000006de000000|  0%| F|  |TAMS 0x00000006ddc00000, 0x00000006ddc00000| Untracked 
| 245|0x00000006de000000, 0x00000006de000000, 0x00000006de400000|  0%| F|  |TAMS 0x00000006de000000, 0x00000006de000000| Untracked 
| 246|0x00000006de400000, 0x00000006de400000, 0x00000006de800000|  0%| F|  |TAMS 0x00000006de400000, 0x00000006de400000| Untracked 
| 247|0x00000006de800000, 0x00000006de800000, 0x00000006dec00000|  0%| F|  |TAMS 0x00000006de800000, 0x00000006de800000| Untracked 
| 248|0x00000006dec00000, 0x00000006dec00000, 0x00000006df000000|  0%| F|  |TAMS 0x00000006dec00000, 0x00000006dec00000| Untracked 
| 249|0x00000006df000000, 0x00000006df000000, 0x00000006df400000|  0%| F|  |TAMS 0x00000006df000000, 0x00000006df000000| Untracked 
| 250|0x00000006df400000, 0x00000006df400000, 0x00000006df800000|  0%| F|  |TAMS 0x00000006df400000, 0x00000006df400000| Untracked 
| 251|0x00000006df800000, 0x00000006df800000, 0x00000006dfc00000|  0%| F|  |TAMS 0x00000006df800000, 0x00000006df800000| Untracked 
| 252|0x00000006dfc00000, 0x00000006dfc00000, 0x00000006e0000000|  0%| F|  |TAMS 0x00000006dfc00000, 0x00000006dfc00000| Untracked 
| 253|0x00000006e0000000, 0x00000006e0000000, 0x00000006e0400000|  0%| F|  |TAMS 0x00000006e0000000, 0x00000006e0000000| Untracked 
| 254|0x00000006e0400000, 0x00000006e0400000, 0x00000006e0800000|  0%| F|  |TAMS 0x00000006e0400000, 0x00000006e0400000| Untracked 
| 255|0x00000006e0800000, 0x00000006e0800000, 0x00000006e0c00000|  0%| F|  |TAMS 0x00000006e0800000, 0x00000006e0800000| Untracked 
| 256|0x00000006e0c00000, 0x00000006e0c00000, 0x00000006e1000000|  0%| F|  |TAMS 0x00000006e0c00000, 0x00000006e0c00000| Untracked 
| 257|0x00000006e1000000, 0x00000006e1000000, 0x00000006e1400000|  0%| F|  |TAMS 0x00000006e1000000, 0x00000006e1000000| Untracked 
| 258|0x00000006e1400000, 0x00000006e1400000, 0x00000006e1800000|  0%| F|  |TAMS 0x00000006e1400000, 0x00000006e1400000| Untracked 
| 259|0x00000006e1800000, 0x00000006e1800000, 0x00000006e1c00000|  0%| F|  |TAMS 0x00000006e1800000, 0x00000006e1800000| Untracked 
| 260|0x00000006e1c00000, 0x00000006e1c00000, 0x00000006e2000000|  0%| F|  |TAMS 0x00000006e1c00000, 0x00000006e1c00000| Untracked 
| 261|0x00000006e2000000, 0x00000006e2000000, 0x00000006e2400000|  0%| F|  |TAMS 0x00000006e2000000, 0x00000006e2000000| Untracked 
| 262|0x00000006e2400000, 0x00000006e2400000, 0x00000006e2800000|  0%| F|  |TAMS 0x00000006e2400000, 0x00000006e2400000| Untracked 
| 263|0x00000006e2800000, 0x00000006e2800000, 0x00000006e2c00000|  0%| F|  |TAMS 0x00000006e2800000, 0x00000006e2800000| Untracked 
| 264|0x00000006e2c00000, 0x00000006e2c00000, 0x00000006e3000000|  0%| F|  |TAMS 0x00000006e2c00000, 0x00000006e2c00000| Untracked 
| 265|0x00000006e3000000, 0x00000006e3000000, 0x00000006e3400000|  0%| F|  |TAMS 0x00000006e3000000, 0x00000006e3000000| Untracked 
| 266|0x00000006e3400000, 0x00000006e3400000, 0x00000006e3800000|  0%| F|  |TAMS 0x00000006e3400000, 0x00000006e3400000| Untracked 
| 267|0x00000006e3800000, 0x00000006e3800000, 0x00000006e3c00000|  0%| F|  |TAMS 0x00000006e3800000, 0x00000006e3800000| Untracked 
| 268|0x00000006e3c00000, 0x00000006e3c00000, 0x00000006e4000000|  0%| F|  |TAMS 0x00000006e3c00000, 0x00000006e3c00000| Untracked 
| 269|0x00000006e4000000, 0x00000006e4000000, 0x00000006e4400000|  0%| F|  |TAMS 0x00000006e4000000, 0x00000006e4000000| Untracked 
| 270|0x00000006e4400000, 0x00000006e4400000, 0x00000006e4800000|  0%| F|  |TAMS 0x00000006e4400000, 0x00000006e4400000| Untracked 
| 271|0x00000006e4800000, 0x00000006e4800000, 0x00000006e4c00000|  0%| F|  |TAMS 0x00000006e4800000, 0x00000006e4800000| Untracked 
| 272|0x00000006e4c00000, 0x00000006e4c00000, 0x00000006e5000000|  0%| F|  |TAMS 0x00000006e4c00000, 0x00000006e4c00000| Untracked 
| 273|0x00000006e5000000, 0x00000006e5000000, 0x00000006e5400000|  0%| F|  |TAMS 0x00000006e5000000, 0x00000006e5000000| Untracked 
| 274|0x00000006e5400000, 0x00000006e5400000, 0x00000006e5800000|  0%| F|  |TAMS 0x00000006e5400000, 0x00000006e5400000| Untracked 
| 275|0x00000006e5800000, 0x00000006e5800000, 0x00000006e5c00000|  0%| F|  |TAMS 0x00000006e5800000, 0x00000006e5800000| Untracked 
| 276|0x00000006e5c00000, 0x00000006e5c00000, 0x00000006e6000000|  0%| F|  |TAMS 0x00000006e5c00000, 0x00000006e5c00000| Untracked 
| 277|0x00000006e6000000, 0x00000006e6000000, 0x00000006e6400000|  0%| F|  |TAMS 0x00000006e6000000, 0x00000006e6000000| Untracked 
| 278|0x00000006e6400000, 0x00000006e6400000, 0x00000006e6800000|  0%| F|  |TAMS 0x00000006e6400000, 0x00000006e6400000| Untracked 
| 279|0x00000006e6800000, 0x00000006e6800000, 0x00000006e6c00000|  0%| F|  |TAMS 0x00000006e6800000, 0x00000006e6800000| Untracked 
| 280|0x00000006e6c00000, 0x00000006e6c00000, 0x00000006e7000000|  0%| F|  |TAMS 0x00000006e6c00000, 0x00000006e6c00000| Untracked 
| 281|0x00000006e7000000, 0x00000006e7000000, 0x00000006e7400000|  0%| F|  |TAMS 0x00000006e7000000, 0x00000006e7000000| Untracked 
| 282|0x00000006e7400000, 0x00000006e7400000, 0x00000006e7800000|  0%| F|  |TAMS 0x00000006e7400000, 0x00000006e7400000| Untracked 
| 283|0x00000006e7800000, 0x00000006e7800000, 0x00000006e7c00000|  0%| F|  |TAMS 0x00000006e7800000, 0x00000006e7800000| Untracked 
| 284|0x00000006e7c00000, 0x00000006e7c00000, 0x00000006e8000000|  0%| F|  |TAMS 0x00000006e7c00000, 0x00000006e7c00000| Untracked 
| 285|0x00000006e8000000, 0x00000006e8000000, 0x00000006e8400000|  0%| F|  |TAMS 0x00000006e8000000, 0x00000006e8000000| Untracked 
| 286|0x00000006e8400000, 0x00000006e8400000, 0x00000006e8800000|  0%| F|  |TAMS 0x00000006e8400000, 0x00000006e8400000| Untracked 
| 287|0x00000006e8800000, 0x00000006e8800000, 0x00000006e8c00000|  0%| F|  |TAMS 0x00000006e8800000, 0x00000006e8800000| Untracked 
| 288|0x00000006e8c00000, 0x00000006e8c00000, 0x00000006e9000000|  0%| F|  |TAMS 0x00000006e8c00000, 0x00000006e8c00000| Untracked 
| 289|0x00000006e9000000, 0x00000006e9000000, 0x00000006e9400000|  0%| F|  |TAMS 0x00000006e9000000, 0x00000006e9000000| Untracked 
| 290|0x00000006e9400000, 0x00000006e9400000, 0x00000006e9800000|  0%| F|  |TAMS 0x00000006e9400000, 0x00000006e9400000| Untracked 
| 291|0x00000006e9800000, 0x00000006e9800000, 0x00000006e9c00000|  0%| F|  |TAMS 0x00000006e9800000, 0x00000006e9800000| Untracked 
| 292|0x00000006e9c00000, 0x00000006e9c00000, 0x00000006ea000000|  0%| F|  |TAMS 0x00000006e9c00000, 0x00000006e9c00000| Untracked 
| 293|0x00000006ea000000, 0x00000006ea000000, 0x00000006ea400000|  0%| F|  |TAMS 0x00000006ea000000, 0x00000006ea000000| Untracked 
| 294|0x00000006ea400000, 0x00000006ea400000, 0x00000006ea800000|  0%| F|  |TAMS 0x00000006ea400000, 0x00000006ea400000| Untracked 
| 295|0x00000006ea800000, 0x00000006ea800000, 0x00000006eac00000|  0%| F|  |TAMS 0x00000006ea800000, 0x00000006ea800000| Untracked 
| 296|0x00000006eac00000, 0x00000006eac00000, 0x00000006eb000000|  0%| F|  |TAMS 0x00000006eac00000, 0x00000006eac00000| Untracked 
| 297|0x00000006eb000000, 0x00000006eb000000, 0x00000006eb400000|  0%| F|  |TAMS 0x00000006eb000000, 0x00000006eb000000| Untracked 
| 298|0x00000006eb400000, 0x00000006eb400000, 0x00000006eb800000|  0%| F|  |TAMS 0x00000006eb400000, 0x00000006eb400000| Untracked 
| 299|0x00000006eb800000, 0x00000006eb800000, 0x00000006ebc00000|  0%| F|  |TAMS 0x00000006eb800000, 0x00000006eb800000| Untracked 
| 300|0x00000006ebc00000, 0x00000006ebc00000, 0x00000006ec000000|  0%| F|  |TAMS 0x00000006ebc00000, 0x00000006ebc00000| Untracked 
| 301|0x00000006ec000000, 0x00000006ec000000, 0x00000006ec400000|  0%| F|  |TAMS 0x00000006ec000000, 0x00000006ec000000| Untracked 
| 302|0x00000006ec400000, 0x00000006ec400000, 0x00000006ec800000|  0%| F|  |TAMS 0x00000006ec400000, 0x00000006ec400000| Untracked 
| 303|0x00000006ec800000, 0x00000006ec800000, 0x00000006ecc00000|  0%| F|  |TAMS 0x00000006ec800000, 0x00000006ec800000| Untracked 
| 304|0x00000006ecc00000, 0x00000006ecc00000, 0x00000006ed000000|  0%| F|  |TAMS 0x00000006ecc00000, 0x00000006ecc00000| Untracked 
| 305|0x00000006ed000000, 0x00000006ed000000, 0x00000006ed400000|  0%| F|  |TAMS 0x00000006ed000000, 0x00000006ed000000| Untracked 
| 306|0x00000006ed400000, 0x00000006ed400000, 0x00000006ed800000|  0%| F|  |TAMS 0x00000006ed400000, 0x00000006ed400000| Untracked 
| 307|0x00000006ed800000, 0x00000006ed800000, 0x00000006edc00000|  0%| F|  |TAMS 0x00000006ed800000, 0x00000006ed800000| Untracked 
| 308|0x00000006edc00000, 0x00000006edc00000, 0x00000006ee000000|  0%| F|  |TAMS 0x00000006edc00000, 0x00000006edc00000| Untracked 
| 309|0x00000006ee000000, 0x00000006ee000000, 0x00000006ee400000|  0%| F|  |TAMS 0x00000006ee000000, 0x00000006ee000000| Untracked 
| 310|0x00000006ee400000, 0x00000006ee400000, 0x00000006ee800000|  0%| F|  |TAMS 0x00000006ee400000, 0x00000006ee400000| Untracked 
| 311|0x00000006ee800000, 0x00000006ee800000, 0x00000006eec00000|  0%| F|  |TAMS 0x00000006ee800000, 0x00000006ee800000| Untracked 
| 312|0x00000006eec00000, 0x00000006eec00000, 0x00000006ef000000|  0%| F|  |TAMS 0x00000006eec00000, 0x00000006eec00000| Untracked 
| 313|0x00000006ef000000, 0x00000006ef000000, 0x00000006ef400000|  0%| F|  |TAMS 0x00000006ef000000, 0x00000006ef000000| Untracked 
| 314|0x00000006ef400000, 0x00000006ef400000, 0x00000006ef800000|  0%| F|  |TAMS 0x00000006ef400000, 0x00000006ef400000| Untracked 
| 315|0x00000006ef800000, 0x00000006ef800000, 0x00000006efc00000|  0%| F|  |TAMS 0x00000006ef800000, 0x00000006ef800000| Untracked 

Card table byte_map: [0x00000270d6f60000,0x00000270d7a60000] _byte_map_base: 0x00000270d3a5a000

Marking Bits (Prev, Next): (CMBitMap*) 0x00000270bda5dc30, (CMBitMap*) 0x00000270bda5dc70
 Prev Bits: [0x00000270d8560000, 0x00000270ddd30000)
 Next Bits: [0x00000270ddd30000, 0x00000270e3500000)

Polling page: 0x00000270bdae0000

Metaspace:

Usage:
  Non-class:     12.82 MB used.
      Class:      2.21 MB used.
       Both:     15.02 MB used.

Virtual space:
  Non-class space:       16.00 MB reserved,      12.94 MB ( 81%) committed,  2 nodes.
      Class space:        1.00 GB reserved,       2.31 MB ( <1%) committed,  1 nodes.
             Both:        1.02 GB reserved,      15.25 MB (  1%) committed. 

Chunk freelists:
   Non-Class:  2.89 MB
       Class:  1.67 MB
        Both:  4.56 MB

MaxMetaspaceSize: unlimited
CompressedClassSpaceSize: 1.00 GB
Initial GC threshold: 21.00 MB
Current GC threshold: 21.00 MB
CDS: on
MetaspaceReclaimPolicy: balanced
 - commit_granule_bytes: 65536.
 - commit_granule_words: 8192.
 - virtual_space_node_default_size: 1048576.
 - enlarge_chunks_in_place: 1.
 - new_chunks_are_fully_committed: 0.
 - uncommit_free_chunks: 1.
 - use_allocation_guard: 0.
 - handle_deallocations: 1.


Internal statistics:

num_allocs_failed_limit: 0.
num_arena_births: 198.
num_arena_deaths: 0.
num_vsnodes_births: 3.
num_vsnodes_deaths: 0.
num_space_committed: 244.
num_space_uncommitted: 0.
num_chunks_returned_to_freelist: 0.
num_chunks_taken_from_freelist: 667.
num_chunk_merges: 0.
num_chunk_splits: 465.
num_chunks_enlarged: 368.
num_purges: 0.
num_inconsistent_stats: 0.

CodeHeap 'non-profiled nmethods': size=120000Kb used=673Kb max_used=673Kb free=119326Kb
 bounds [0x00000270ce4c0000, 0x00000270ce730000, 0x00000270d59f0000]
CodeHeap 'profiled nmethods': size=120000Kb used=3502Kb max_used=3502Kb free=116497Kb
 bounds [0x00000270c6f90000, 0x00000270c7300000, 0x00000270ce4c0000]
CodeHeap 'non-nmethods': size=5760Kb used=1431Kb max_used=1448Kb free=4328Kb
 bounds [0x00000270c69f0000, 0x00000270c6c60000, 0x00000270c6f90000]
 total_blobs=2716 nmethods=1919 adapters=709
 compilation: enabled
              stopped_count=0, restarted_count=0
 full_count=0

Compilation events (20 events):
Event: 6.373 Thread 0x00000270e5f5f200 1911       4       java.nio.Buffer::position (52 bytes)
Event: 6.375 Thread 0x00000270e5f5f200 nmethod 1911 0x00000270ce565510 code [0x00000270ce565680, 0x00000270ce565758]
Event: 6.390 Thread 0x00000270e5f640e0 1912       3       java.nio.channels.spi.AbstractInterruptibleChannel::begin (48 bytes)
Event: 6.390 Thread 0x00000270e5f640e0 nmethod 1912 0x00000270c72f9290 code [0x00000270c72f9480, 0x00000270c72f9ad8]
Event: 6.391 Thread 0x00000270e5f640e0 1913       3       java.nio.Buffer$1::acquireScope (41 bytes)
Event: 6.392 Thread 0x00000270e5f640e0 nmethod 1913 0x00000270c72f9d90 code [0x00000270c72f9f80, 0x00000270c72fa4b8]
Event: 6.393 Thread 0x00000270e5f640e0 1914       3       sun.nio.ch.FileDispatcherImpl::pread (10 bytes)
Event: 6.393 Thread 0x00000270e5f640e0 nmethod 1914 0x00000270c72fa690 code [0x00000270c72fa820, 0x00000270c72fa968]
Event: 6.394 Thread 0x00000270e5f640e0 1916   !   3       sun.nio.ch.NativeThreadSet::remove (50 bytes)
Event: 6.394 Thread 0x00000270e5f640e0 nmethod 1916 0x00000270c72faa10 code [0x00000270c72fabc0, 0x00000270c72faea8]
Event: 6.394 Thread 0x00000270e5f640e0 1917       3       java.nio.channels.spi.AbstractInterruptibleChannel::end (53 bytes)
Event: 6.395 Thread 0x00000270e5f640e0 nmethod 1917 0x00000270c72fb010 code [0x00000270c72fb200, 0x00000270c72fb728]
Event: 6.546 Thread 0x00000270e5f5f200 1918   !   4       java.lang.ThreadGroup::remove (94 bytes)
Event: 6.552 Thread 0x00000270e5f5f200 nmethod 1918 0x00000270ce565c10 code [0x00000270ce565da0, 0x00000270ce566258]
Event: 6.734 Thread 0x00000270e5f5f200 1919       4       java.lang.AbstractStringBuilder::append (55 bytes)
Event: 6.747 Thread 0x00000270e5f5f200 nmethod 1919 0x00000270ce566490 code [0x00000270ce566640, 0x00000270ce5671a8]
Event: 6.747 Thread 0x00000270e5f5f200 1920       4       java.lang.Integer::stringSize (47 bytes)
Event: 6.748 Thread 0x00000270e5f5f200 nmethod 1920 0x00000270ce567610 code [0x00000270ce567780, 0x00000270ce567858]
Event: 6.767 Thread 0x00000270e5f5f200 1921       4       java.lang.AbstractStringBuilder::append (45 bytes)
Event: 6.774 Thread 0x00000270e5f5f200 nmethod 1921 0x00000270ce567910 code [0x00000270ce567ac0, 0x00000270ce568178]

GC Heap History (20 events):
Event: 6.430 GC heap after
{Heap after GC invocations=5 (full 0):
 garbage-first heap   total 360448K, used 10799K [0x00000006a0c00000, 0x0000000800000000)
  region size 4096K, 3 young (12288K), 3 survivors (12288K)
 Metaspace       used 15376K, committed 15616K, reserved 1064960K
  class space    used 2256K, committed 2368K, reserved 1048576K
}
Event: 6.462 GC heap before
{Heap before GC invocations=5 (full 0):
 garbage-first heap   total 360448K, used 211503K [0x00000006a0c00000, 0x0000000800000000)
  region size 4096K, 52 young (212992K), 3 survivors (12288K)
 Metaspace       used 15376K, committed 15616K, reserved 1064960K
  class space    used 2256K, committed 2368K, reserved 1048576K
}
Event: 6.466 GC heap after
{Heap after GC invocations=6 (full 0):
 garbage-first heap   total 360448K, used 10539K [0x00000006a0c00000, 0x0000000800000000)
  region size 4096K, 3 young (12288K), 3 survivors (12288K)
 Metaspace       used 15376K, committed 15616K, reserved 1064960K
  class space    used 2256K, committed 2368K, reserved 1048576K
}
Event: 6.494 GC heap before
{Heap before GC invocations=6 (full 0):
 garbage-first heap   total 360448K, used 211243K [0x00000006a0c00000, 0x0000000800000000)
  region size 4096K, 52 young (212992K), 3 survivors (12288K)
 Metaspace       used 15376K, committed 15616K, reserved 1064960K
  class space    used 2256K, committed 2368K, reserved 1048576K
}
Event: 6.499 GC heap after
{Heap after GC invocations=7 (full 0):
 garbage-first heap   total 647168K, used 10049K [0x00000006a0c00000, 0x0000000800000000)
  region size 4096K, 2 young (8192K), 2 survivors (8192K)
 Metaspace       used 15376K, committed 15616K, reserved 1064960K
  class space    used 2256K, committed 2368K, reserved 1048576K
}
Event: 6.528 GC heap before
{Heap before GC invocations=7 (full 0):
 garbage-first heap   total 647168K, used 386881K [0x00000006a0c00000, 0x0000000800000000)
  region size 4096K, 94 young (385024K), 2 survivors (8192K)
 Metaspace       used 15376K, committed 15616K, reserved 1064960K
  class space    used 2256K, committed 2368K, reserved 1048576K
}
Event: 6.532 GC heap after
{Heap after GC invocations=8 (full 0):
 garbage-first heap   total 647168K, used 11377K [0x00000006a0c00000, 0x0000000800000000)
  region size 4096K, 3 young (12288K), 3 survivors (12288K)
 Metaspace       used 15376K, committed 15616K, reserved 1064960K
  class space    used 2256K, committed 2368K, reserved 1048576K
}
Event: 6.560 GC heap before
{Heap before GC invocations=8 (full 0):
 garbage-first heap   total 647168K, used 384113K [0x00000006a0c00000, 0x0000000800000000)
  region size 4096K, 94 young (385024K), 3 survivors (12288K)
 Metaspace       used 15376K, committed 15616K, reserved 1064960K
  class space    used 2256K, committed 2368K, reserved 1048576K
}
Event: 6.564 GC heap after
{Heap after GC invocations=9 (full 0):
 garbage-first heap   total 647168K, used 10224K [0x00000006a0c00000, 0x0000000800000000)
  region size 4096K, 3 young (12288K), 3 survivors (12288K)
 Metaspace       used 15376K, committed 15616K, reserved 1064960K
  class space    used 2256K, committed 2368K, reserved 1048576K
}
Event: 6.591 GC heap before
{Heap before GC invocations=9 (full 0):
 garbage-first heap   total 647168K, used 382960K [0x00000006a0c00000, 0x0000000800000000)
  region size 4096K, 94 young (385024K), 3 survivors (12288K)
 Metaspace       used 15376K, committed 15616K, reserved 1064960K
  class space    used 2256K, committed 2368K, reserved 1048576K
}
Event: 6.594 GC heap after
{Heap after GC invocations=10 (full 0):
 garbage-first heap   total 647168K, used 10105K [0x00000006a0c00000, 0x0000000800000000)
  region size 4096K, 2 young (8192K), 2 survivors (8192K)
 Metaspace       used 15376K, committed 15616K, reserved 1064960K
  class space    used 2256K, committed 2368K, reserved 1048576K
}
Event: 6.617 GC heap before
{Heap before GC invocations=10 (full 0):
 garbage-first heap   total 647168K, used 386937K [0x00000006a0c00000, 0x0000000800000000)
  region size 4096K, 94 young (385024K), 2 survivors (8192K)
 Metaspace       used 15385K, committed 15616K, reserved 1064960K
  class space    used 2258K, committed 2368K, reserved 1048576K
}
Event: 6.624 GC heap after
{Heap after GC invocations=11 (full 0):
 garbage-first heap   total 1294336K, used 10578K [0x00000006a0c00000, 0x0000000800000000)
  region size 4096K, 3 young (12288K), 3 survivors (12288K)
 Metaspace       used 15385K, committed 15616K, reserved 1064960K
  class space    used 2258K, committed 2368K, reserved 1048576K
}
Event: 6.667 GC heap before
{Heap before GC invocations=11 (full 0):
 garbage-first heap   total 1294336K, used 772434K [0x00000006a0c00000, 0x0000000800000000)
  region size 4096K, 189 young (774144K), 3 survivors (12288K)
 Metaspace       used 15385K, committed 15616K, reserved 1064960K
  class space    used 2258K, committed 2368K, reserved 1048576K
}
Event: 6.672 GC heap after
{Heap after GC invocations=12 (full 0):
 garbage-first heap   total 1294336K, used 9979K [0x00000006a0c00000, 0x0000000800000000)
  region size 4096K, 2 young (8192K), 2 survivors (8192K)
 Metaspace       used 15385K, committed 15616K, reserved 1064960K
  class space    used 2258K, committed 2368K, reserved 1048576K
}
Event: 6.713 GC heap before
{Heap before GC invocations=12 (full 0):
 garbage-first heap   total 1294336K, used 775931K [0x00000006a0c00000, 0x0000000800000000)
  region size 4096K, 189 young (774144K), 2 survivors (8192K)
 Metaspace       used 15385K, committed 15616K, reserved 1064960K
  class space    used 2258K, committed 2368K, reserved 1048576K
}
Event: 6.717 GC heap after
{Heap after GC invocations=13 (full 0):
 garbage-first heap   total 1294336K, used 10241K [0x00000006a0c00000, 0x0000000800000000)
  region size 4096K, 3 young (12288K), 3 survivors (12288K)
 Metaspace       used 15385K, committed 15616K, reserved 1064960K
  class space    used 2258K, committed 2368K, reserved 1048576K
}
Event: 6.759 GC heap before
{Heap before GC invocations=13 (full 0):
 garbage-first heap   total 1294336K, used 772097K [0x00000006a0c00000, 0x0000000800000000)
  region size 4096K, 189 young (774144K), 3 survivors (12288K)
 Metaspace       used 15385K, committed 15616K, reserved 1064960K
  class space    used 2258K, committed 2368K, reserved 1048576K
}
Event: 6.763 GC heap after
{Heap after GC invocations=14 (full 0):
 garbage-first heap   total 1294336K, used 10245K [0x00000006a0c00000, 0x0000000800000000)
  region size 4096K, 3 young (12288K), 3 survivors (12288K)
 Metaspace       used 15385K, committed 15616K, reserved 1064960K
  class space    used 2258K, committed 2368K, reserved 1048576K
}
Event: 6.811 GC heap before
{Heap before GC invocations=14 (full 0):
 garbage-first heap   total 1294336K, used 772101K [0x00000006a0c00000, 0x0000000800000000)
  region size 4096K, 189 young (774144K), 3 survivors (12288K)
 Metaspace       used 15385K, committed 15616K, reserved 1064960K
  class space    used 2258K, committed 2368K, reserved 1048576K
}

Deoptimization events (20 events):
Event: 6.126 Thread 0x00000270e74c1070 Uncommon trap: trap_request=0xffffff45 fr.pc=0x00000270ce50b8e8 relative=0x0000000000000628
Event: 6.126 Thread 0x00000270e74c1070 Uncommon trap: reason=unstable_if action=reinterpret pc=0x00000270ce50b8e8 method=java.lang.AbstractStringBuilder.append(Ljava/lang/String;)Ljava/lang/AbstractStringBuilder; @ 1 c2
Event: 6.126 Thread 0x00000270e74c1070 DEOPT PACKING pc=0x00000270ce50b8e8 sp=0x000000890adfc810
Event: 6.126 Thread 0x00000270e74c1070 DEOPT UNPACKING pc=0x00000270c6a423a3 sp=0x000000890adfc790 mode 2
Event: 6.126 Thread 0x00000270e74c1070 Uncommon trap: trap_request=0xffffff45 fr.pc=0x00000270ce51527c relative=0x000000000000063c
Event: 6.126 Thread 0x00000270e74c1070 Uncommon trap: reason=unstable_if action=reinterpret pc=0x00000270ce51527c method=java.lang.AbstractStringBuilder.append(Ljava/lang/String;)Ljava/lang/AbstractStringBuilder; @ 1 c2
Event: 6.126 Thread 0x00000270e74c1070 DEOPT PACKING pc=0x00000270ce51527c sp=0x000000890adfc7a0
Event: 6.126 Thread 0x00000270e74c1070 DEOPT UNPACKING pc=0x00000270c6a423a3 sp=0x000000890adfc788 mode 2
Event: 6.155 Thread 0x00000270e74c1070 Uncommon trap: trap_request=0xffffff45 fr.pc=0x00000270ce510c30 relative=0x0000000000000410
Event: 6.155 Thread 0x00000270e74c1070 Uncommon trap: reason=unstable_if action=reinterpret pc=0x00000270ce510c30 method=java.lang.StringLatin1.canEncode(I)Z @ 4 c2
Event: 6.155 Thread 0x00000270e74c1070 DEOPT PACKING pc=0x00000270ce510c30 sp=0x000000890adfd8b0
Event: 6.155 Thread 0x00000270e74c1070 DEOPT UNPACKING pc=0x00000270c6a423a3 sp=0x000000890adfd7d8 mode 2
Event: 6.155 Thread 0x00000270e74c1070 Uncommon trap: trap_request=0xffffff45 fr.pc=0x00000270ce511618 relative=0x00000000000003f8
Event: 6.155 Thread 0x00000270e74c1070 Uncommon trap: reason=unstable_if action=reinterpret pc=0x00000270ce511618 method=java.lang.AbstractStringBuilder.isLatin1()Z @ 10 c2
Event: 6.155 Thread 0x00000270e74c1070 DEOPT PACKING pc=0x00000270ce511618 sp=0x000000890adfd8d0
Event: 6.155 Thread 0x00000270e74c1070 DEOPT UNPACKING pc=0x00000270c6a423a3 sp=0x000000890adfd850 mode 2
Event: 6.158 Thread 0x00000270e74c1070 Uncommon trap: trap_request=0xffffff45 fr.pc=0x00000270ce4c9048 relative=0x0000000000000048
Event: 6.158 Thread 0x00000270e74c1070 Uncommon trap: reason=unstable_if action=reinterpret pc=0x00000270ce4c9048 method=java.lang.CharacterData.of(I)Ljava/lang/CharacterData; @ 4 c2
Event: 6.158 Thread 0x00000270e74c1070 DEOPT PACKING pc=0x00000270ce4c9048 sp=0x000000890adfd060
Event: 6.158 Thread 0x00000270e74c1070 DEOPT UNPACKING pc=0x00000270c6a423a3 sp=0x000000890adfd000 mode 2

Classes unloaded (0 events):
No events

Classes redefined (0 events):
No events

Internal exceptions (20 events):
Event: 3.661 Thread 0x00000270e74c1070 Implicit null exception at 0x00000270ce5316ad to 0x00000270ce531ec4
Event: 3.662 Thread 0x00000270e74c1070 Exception <a 'java/lang/NoSuchMethodError'{0x00000006b4d02f98}: 'void java.lang.invoke.DirectMethodHandle$Holder.invokeStaticInit(java.lang.Object, java.lang.Object)'> (0x00000006b4d02f98) 
thrown [t:\workspace\open\src\hotspot\share\interpreter\linkResolver.cpp, line 766]
Event: 3.698 Thread 0x00000270e74c1070 Exception <a 'sun/nio/fs/WindowsException'{0x00000006b4e79150}> (0x00000006b4e79150) 
thrown [t:\workspace\open\src\hotspot\share\prims\jni.cpp, line 516]
Event: 3.777 Thread 0x00000270e74c1070 Exception <a 'java/lang/ClassNotFoundException'{0x00000006b48f3290}: com/sun/javafx/scene/control/skin/resources/controls> (0x00000006b48f3290) 
thrown [t:\workspace\open\src\hotspot\share\prims\jni.cpp, line 535]
Event: 3.778 Thread 0x00000270e74c1070 Exception <a 'java/lang/ClassNotFoundException'{0x00000006b4901230}: com/sun/javafx/scene/control/skin/resources/controls_en> (0x00000006b4901230) 
thrown [t:\workspace\open\src\hotspot\share\prims\jni.cpp, line 535]
Event: 3.778 Thread 0x00000270e74c1070 Exception <a 'java/lang/ClassNotFoundException'{0x00000006b49021c8}: com/sun/javafx/scene/control/skin/resources/controls_en_IN> (0x00000006b49021c8) 
thrown [t:\workspace\open\src\hotspot\share\prims\jni.cpp, line 535]
Event: 3.785 Thread 0x00000270e74c1070 Exception <a 'java/lang/NoSuchMethodError'{0x00000006b492e280}: 'java.lang.Object java.lang.invoke.DirectMethodHandle$Holder.invokeInterface(java.lang.Object, java.lang.Object, java.lang.Object)'> (0x00000006b492e280) 
thrown [t:\workspace\open\src\hotspot\share\interpreter\linkResolver.cpp, line 766]
Event: 3.785 Thread 0x00000270e74c1070 Exception <a 'java/lang/IncompatibleClassChangeError'{0x00000006b4931c08}: Found class java.lang.Object, but interface was expected> (0x00000006b4931c08) 
thrown [t:\workspace\open\src\hotspot\share\interpreter\linkResolver.cpp, line 833]
Event: 3.864 Thread 0x00000270e74c1070 Exception <a 'java/lang/NoSuchMethodError'{0x00000006b4526a98}: 'long java.lang.invoke.DirectMethodHandle$Holder.invokeStatic(java.lang.Object, java.lang.Object, java.lang.Object)'> (0x00000006b4526a98) 
thrown [t:\workspace\open\src\hotspot\share\interpreter\linkResolver.cpp, line 766]
Event: 3.864 Thread 0x00000270e74c1070 Exception <a 'java/lang/NoSuchMethodError'{0x00000006b452a4e8}: 'long java.lang.invoke.DirectMethodHandle$Holder.invokeStaticInit(java.lang.Object, java.lang.Object, java.lang.Object)'> (0x00000006b452a4e8) 
thrown [t:\workspace\open\src\hotspot\share\interpreter\linkResolver.cpp, line 766]
Event: 3.868 Thread 0x00000270e74c1070 Exception <a 'java/lang/NoSuchMethodError'{0x00000006b4542398}: 'java.lang.Object java.lang.invoke.DirectMethodHandle$Holder.newInvokeSpecial(java.lang.Object, java.lang.Object, long)'> (0x00000006b4542398) 
thrown [t:\workspace\open\src\hotspot\share\interpreter\linkResolver.cpp, line 766]
Event: 3.869 Thread 0x00000270e74c1070 Exception <a 'java/lang/NoSuchMethodError'{0x00000006b4545f08}: 'java.lang.Object java.lang.invoke.Invokers$Holder.linkToTargetMethod(java.lang.Object, long, java.lang.Object)'> (0x00000006b4545f08) 
thrown [t:\workspace\open\src\hotspot\share\interpreter\linkResolver.cpp, line 766]
Event: 3.885 Thread 0x00000270e6f14a30 Exception <a 'java/lang/NoSuchMethodError'{0x00000006b45fd980}: 'int java.lang.invoke.DirectMethodHandle$Holder.invokeStaticInit(java.lang.Object, java.lang.Object)'> (0x00000006b45fd980) 
thrown [t:\workspace\open\src\hotspot\share\interpreter\linkResolver.cpp, line 766]
Event: 3.908 Thread 0x00000270e6f14a30 Exception <a 'java/lang/NoSuchMethodError'{0x00000006b46bbde8}: 'java.lang.Object java.lang.invoke.DirectMethodHandle$Holder.invokeStaticInit(java.lang.Object, int)'> (0x00000006b46bbde8) 
thrown [t:\workspace\open\src\hotspot\share\interpreter\linkResolver.cpp, line 766]
Event: 6.126 Thread 0x00000270e74c1070 Implicit null exception at 0x00000270ce50b2f2 to 0x00000270ce50b8d0
Event: 6.126 Thread 0x00000270e74c1070 Implicit null exception at 0x00000270ce514c72 to 0x00000270ce515264
Event: 6.162 Thread 0x00000270e74c1070 Exception <a 'java/lang/NullPointerException'{0x00000006b3ef5700}> (0x00000006b3ef5700) 
thrown [t:\workspace\open\src\hotspot\share\interpreter\linkResolver.cpp, line 1440]
Event: 6.186 Thread 0x00000270e74c1070 Exception <a 'sun/nio/fs/WindowsException'{0x00000006b3f55688}> (0x00000006b3f55688) 
thrown [t:\workspace\open\src\hotspot\share\prims\jni.cpp, line 516]
Event: 6.187 Thread 0x00000270e74c1070 Exception <a 'sun/nio/fs/WindowsException'{0x00000006b3f56ac8}> (0x00000006b3f56ac8) 
thrown [t:\workspace\open\src\hotspot\share\prims\jni.cpp, line 516]
Event: 6.187 Thread 0x00000270e74c1070 Exception <a 'sun/nio/fs/WindowsException'{0x00000006b3f57f28}> (0x00000006b3f57f28) 
thrown [t:\workspace\open\src\hotspot\share\prims\jni.cpp, line 516]

VM Operations (20 events):
Event: 6.430 Executing VM operation: G1CollectForAllocation done
Event: 6.462 Executing VM operation: G1CollectForAllocation
Event: 6.466 Executing VM operation: G1CollectForAllocation done
Event: 6.494 Executing VM operation: G1CollectForAllocation
Event: 6.499 Executing VM operation: G1CollectForAllocation done
Event: 6.528 Executing VM operation: G1CollectForAllocation
Event: 6.532 Executing VM operation: G1CollectForAllocation done
Event: 6.560 Executing VM operation: G1CollectForAllocation
Event: 6.564 Executing VM operation: G1CollectForAllocation done
Event: 6.591 Executing VM operation: G1CollectForAllocation
Event: 6.594 Executing VM operation: G1CollectForAllocation done
Event: 6.617 Executing VM operation: G1CollectForAllocation
Event: 6.624 Executing VM operation: G1CollectForAllocation done
Event: 6.666 Executing VM operation: G1CollectForAllocation
Event: 6.672 Executing VM operation: G1CollectForAllocation done
Event: 6.713 Executing VM operation: G1CollectForAllocation
Event: 6.717 Executing VM operation: G1CollectForAllocation done
Event: 6.759 Executing VM operation: G1CollectForAllocation
Event: 6.763 Executing VM operation: G1CollectForAllocation done
Event: 6.811 Executing VM operation: G1CollectForAllocation

Events (20 events):
Event: 6.810 Thread 0x00000270e8046060 Thread exited: 0x00000270e8046060
Event: 6.810 Thread 0x00000270e8044380 Thread added: 0x00000270e8044380
Event: 6.810 Thread 0x00000270e8044380 Thread exited: 0x00000270e8044380
Event: 6.811 Thread 0x00000270e8043040 Thread added: 0x00000270e8043040
Event: 6.811 Thread 0x00000270e8043040 Thread exited: 0x00000270e8043040
Event: 6.811 Thread 0x00000270e8046060 Thread added: 0x00000270e8046060
Event: 6.811 Thread 0x00000270e8046060 Thread exited: 0x00000270e8046060
Event: 6.811 Thread 0x00000270e80439e0 Thread added: 0x00000270e80439e0
Event: 6.811 Thread 0x00000270e80439e0 Thread exited: 0x00000270e80439e0
Event: 6.811 Thread 0x00000270e8043eb0 Thread added: 0x00000270e8043eb0
Event: 6.811 Thread 0x00000270e8043eb0 Thread exited: 0x00000270e8043eb0
Event: 6.811 Thread 0x00000270e8043510 Thread added: 0x00000270e8043510
Event: 6.811 Thread 0x00000270e8043510 Thread exited: 0x00000270e8043510
Event: 6.811 Thread 0x00000270e8045b90 Thread added: 0x00000270e8045b90
Event: 6.811 Thread 0x00000270e8045b90 Thread exited: 0x00000270e8045b90
Event: 6.811 Thread 0x00000270e8045b90 Thread added: 0x00000270e8045b90
Event: 6.811 Thread 0x00000270e8045b90 Thread exited: 0x00000270e8045b90
Event: 6.811 Thread 0x00000270e8046060 Thread added: 0x00000270e8046060
Event: 6.811 Thread 0x00000270e8046060 Thread exited: 0x00000270e8046060
Event: 6.811 Thread 0x00000270e8046060 Thread added: 0x00000270e8046060


Dynamic libraries:
0x00007ff765150000 - 0x00007ff765160000 	C:\Program Files\Java\jdk-17.0.1\bin\java.exe
0x00007ffecff60000 - 0x00007ffed0167000 	C:\WINDOWS\SYSTEM32\ntdll.dll
0x00007ffece7b0000 - 0x00007ffece86d000 	C:\WINDOWS\System32\KERNEL32.DLL
0x00007ffecd560000 - 0x00007ffecd8d4000 	C:\WINDOWS\System32\KERNELBASE.dll
0x00007ffecdcd0000 - 0x00007ffecdde1000 	C:\WINDOWS\System32\ucrtbase.dll
0x00007ffec4fc0000 - 0x00007ffec4fda000 	C:\Program Files\Java\jdk-17.0.1\bin\VCRUNTIME140.dll
0x00007ffec4fe0000 - 0x00007ffec4ff8000 	C:\Program Files\Java\jdk-17.0.1\bin\jli.dll
0x00007ffece870000 - 0x00007ffece91c000 	C:\WINDOWS\System32\ADVAPI32.dll
0x00007ffeced90000 - 0x00007ffecee33000 	C:\WINDOWS\System32\msvcrt.dll
0x00007ffecde60000 - 0x00007ffecdefd000 	C:\WINDOWS\System32\sechost.dll
0x00007ffece600000 - 0x00007ffece721000 	C:\WINDOWS\System32\RPCRT4.dll
0x00007ffece920000 - 0x00007ffeceacc000 	C:\WINDOWS\System32\USER32.dll
0x00007ffebc860000 - 0x00007ffebcb05000 	C:\WINDOWS\WinSxS\amd64_microsoft.windows.common-controls_6595b64144ccf1df_6.0.22000.120_none_9d947278b86cc467\COMCTL32.dll
0x00007ffecda40000 - 0x00007ffecda66000 	C:\WINDOWS\System32\win32u.dll
0x00007ffece560000 - 0x00007ffece589000 	C:\WINDOWS\System32\GDI32.dll
0x00007ffecd440000 - 0x00007ffecd552000 	C:\WINDOWS\System32\gdi32full.dll
0x00007ffecd9a0000 - 0x00007ffecda3d000 	C:\WINDOWS\System32\msvcp_win.dll
0x00007ffec8d80000 - 0x00007ffec8d8a000 	C:\WINDOWS\SYSTEM32\VERSION.dll
0x00007ffecdf00000 - 0x00007ffecdf31000 	C:\WINDOWS\System32\IMM32.DLL
0x00007ffec9a10000 - 0x00007ffec9a1c000 	C:\Program Files\Java\jdk-17.0.1\bin\vcruntime140_1.dll
0x00007ffec4c80000 - 0x00007ffec4d0d000 	C:\Program Files\Java\jdk-17.0.1\bin\msvcp140.dll
0x00007ffe7e130000 - 0x00007ffe7ecee000 	C:\Program Files\Java\jdk-17.0.1\bin\server\jvm.dll
0x00007ffecdf40000 - 0x00007ffecdf48000 	C:\WINDOWS\System32\PSAPI.DLL
0x00007ffeb3680000 - 0x00007ffeb3689000 	C:\WINDOWS\SYSTEM32\WSOCK32.dll
0x00007ffec7f90000 - 0x00007ffec7fc3000 	C:\WINDOWS\SYSTEM32\WINMM.dll
0x00007ffecfdd0000 - 0x00007ffecfe3f000 	C:\WINDOWS\System32\WS2_32.dll
0x00007ffecc520000 - 0x00007ffecc538000 	C:\WINDOWS\SYSTEM32\kernel.appcore.dll
0x00007ffec8190000 - 0x00007ffec819a000 	C:\Program Files\Java\jdk-17.0.1\bin\jimage.dll
0x00007ffecb090000 - 0x00007ffecb2b1000 	C:\WINDOWS\SYSTEM32\DBGHELP.DLL
0x00007ffeafdb0000 - 0x00007ffeafde1000 	C:\WINDOWS\SYSTEM32\dbgcore.DLL
0x00007ffecdae0000 - 0x00007ffecdb5f000 	C:\WINDOWS\System32\bcryptPrimitives.dll
0x00007ffec3130000 - 0x00007ffec313e000 	C:\Program Files\Java\jdk-17.0.1\bin\instrument.dll
0x00007ffec4f90000 - 0x00007ffec4fb5000 	C:\Program Files\Java\jdk-17.0.1\bin\java.dll
0x00007ffec4ba0000 - 0x00007ffec4c76000 	C:\Program Files\Java\jdk-17.0.1\bin\svml.dll
0x00007ffecf620000 - 0x00007ffecfdce000 	C:\WINDOWS\System32\SHELL32.dll
0x00007ffecb5a0000 - 0x00007ffecbe07000 	C:\WINDOWS\SYSTEM32\windows.storage.dll
0x00007ffeceef0000 - 0x00007ffecf268000 	C:\WINDOWS\System32\combase.dll
0x00007ffecb430000 - 0x00007ffecb596000 	C:\WINDOWS\SYSTEM32\wintypes.dll
0x00007ffecf530000 - 0x00007ffecf61a000 	C:\WINDOWS\System32\SHCORE.dll
0x00007ffece730000 - 0x00007ffece78d000 	C:\WINDOWS\System32\shlwapi.dll
0x00007ffecd370000 - 0x00007ffecd391000 	C:\WINDOWS\SYSTEM32\profapi.dll
0x00007ffec4f70000 - 0x00007ffec4f89000 	C:\Program Files\Java\jdk-17.0.1\bin\net.dll
0x00007ffec73f0000 - 0x00007ffec74fc000 	C:\WINDOWS\SYSTEM32\WINHTTP.dll
0x00007ffecc9b0000 - 0x00007ffecca17000 	C:\WINDOWS\system32\mswsock.dll
0x00007ffec4b80000 - 0x00007ffec4b95000 	C:\Program Files\Java\jdk-17.0.1\bin\nio.dll
0x00007ffec4b60000 - 0x00007ffec4b78000 	C:\Program Files\Java\jdk-17.0.1\bin\zip.dll
0x00007ffebe0e0000 - 0x00007ffebe0fa000 	C:\Program Files\JetBrains\IntelliJ IDEA 2021.3\bin\breakgen64.dll
0x00000270e84f0000 - 0x00000270e84f3000 	C:\Users\moham\.openjfx\cache\17.0.0.1\api-ms-win-core-console-l1-1-0.dll
0x00000270e8500000 - 0x00000270e8503000 	C:\Users\moham\.openjfx\cache\17.0.0.1\api-ms-win-core-console-l1-2-0.dll
0x00000270e8510000 - 0x00000270e8513000 	C:\Users\moham\.openjfx\cache\17.0.0.1\api-ms-win-core-datetime-l1-1-0.dll
0x00000270e8520000 - 0x00000270e8523000 	C:\Users\moham\.openjfx\cache\17.0.0.1\api-ms-win-core-debug-l1-1-0.dll
0x00000270e8530000 - 0x00000270e8533000 	C:\Users\moham\.openjfx\cache\17.0.0.1\api-ms-win-core-errorhandling-l1-1-0.dll
0x00000270e8540000 - 0x00000270e8544000 	C:\Users\moham\.openjfx\cache\17.0.0.1\api-ms-win-core-file-l1-1-0.dll
0x00000270e8550000 - 0x00000270e8553000 	C:\Users\moham\.openjfx\cache\17.0.0.1\api-ms-win-core-file-l1-2-0.dll
0x00000270e8560000 - 0x00000270e8563000 	C:\Users\moham\.openjfx\cache\17.0.0.1\api-ms-win-core-file-l2-1-0.dll
0x00000270e8570000 - 0x00000270e8573000 	C:\Users\moham\.openjfx\cache\17.0.0.1\api-ms-win-core-handle-l1-1-0.dll
0x00000270e8580000 - 0x00000270e8583000 	C:\Users\moham\.openjfx\cache\17.0.0.1\api-ms-win-core-heap-l1-1-0.dll
0x00000270e8590000 - 0x00000270e8593000 	C:\Users\moham\.openjfx\cache\17.0.0.1\api-ms-win-core-interlocked-l1-1-0.dll
0x00000270e85a0000 - 0x00000270e85a3000 	C:\Users\moham\.openjfx\cache\17.0.0.1\api-ms-win-core-libraryloader-l1-1-0.dll
0x00000270e85b0000 - 0x00000270e85b3000 	C:\Users\moham\.openjfx\cache\17.0.0.1\api-ms-win-core-localization-l1-2-0.dll
0x00000270e85c0000 - 0x00000270e85c3000 	C:\Users\moham\.openjfx\cache\17.0.0.1\api-ms-win-core-memory-l1-1-0.dll
0x00000270e85d0000 - 0x00000270e85d3000 	C:\Users\moham\.openjfx\cache\17.0.0.1\api-ms-win-core-namedpipe-l1-1-0.dll
0x00000270e85e0000 - 0x00000270e85e3000 	C:\Users\moham\.openjfx\cache\17.0.0.1\api-ms-win-core-processenvironment-l1-1-0.dll
0x00000270e85f0000 - 0x00000270e85f3000 	C:\Users\moham\.openjfx\cache\17.0.0.1\api-ms-win-core-processthreads-l1-1-0.dll
0x00000270e8600000 - 0x00000270e8603000 	C:\Users\moham\.openjfx\cache\17.0.0.1\api-ms-win-core-processthreads-l1-1-1.dll
0x00000270e8610000 - 0x00000270e8613000 	C:\Users\moham\.openjfx\cache\17.0.0.1\api-ms-win-core-profile-l1-1-0.dll
0x00000270e8620000 - 0x00000270e8623000 	C:\Users\moham\.openjfx\cache\17.0.0.1\api-ms-win-core-rtlsupport-l1-1-0.dll
0x00000270e8630000 - 0x00000270e8633000 	C:\Users\moham\.openjfx\cache\17.0.0.1\api-ms-win-core-string-l1-1-0.dll
0x00000270e8640000 - 0x00000270e8643000 	C:\Users\moham\.openjfx\cache\17.0.0.1\api-ms-win-core-synch-l1-1-0.dll
0x00000270e8650000 - 0x00000270e8653000 	C:\Users\moham\.openjfx\cache\17.0.0.1\api-ms-win-core-synch-l1-2-0.dll
0x00000270e8660000 - 0x00000270e8663000 	C:\Users\moham\.openjfx\cache\17.0.0.1\api-ms-win-core-sysinfo-l1-1-0.dll
0x00000270e8670000 - 0x00000270e8673000 	C:\Users\moham\.openjfx\cache\17.0.0.1\api-ms-win-core-timezone-l1-1-0.dll
0x00000270e8680000 - 0x00000270e8683000 	C:\Users\moham\.openjfx\cache\17.0.0.1\api-ms-win-core-util-l1-1-0.dll
0x00000270e8690000 - 0x00000270e8693000 	C:\Users\moham\.openjfx\cache\17.0.0.1\api-ms-win-crt-conio-l1-1-0.dll
0x00000270e86a0000 - 0x00000270e86a4000 	C:\Users\moham\.openjfx\cache\17.0.0.1\api-ms-win-crt-convert-l1-1-0.dll
0x00000270e86b0000 - 0x00000270e86b3000 	C:\Users\moham\.openjfx\cache\17.0.0.1\api-ms-win-crt-environment-l1-1-0.dll
0x00000270e86c0000 - 0x00000270e86c3000 	C:\Users\moham\.openjfx\cache\17.0.0.1\api-ms-win-crt-filesystem-l1-1-0.dll
0x00000270e86d0000 - 0x00000270e86d3000 	C:\Users\moham\.openjfx\cache\17.0.0.1\api-ms-win-crt-heap-l1-1-0.dll
0x00000270e86e0000 - 0x00000270e86e3000 	C:\Users\moham\.openjfx\cache\17.0.0.1\api-ms-win-crt-locale-l1-1-0.dll
0x00000270e86f0000 - 0x00000270e86f5000 	C:\Users\moham\.openjfx\cache\17.0.0.1\api-ms-win-crt-math-l1-1-0.dll
0x00000270e8700000 - 0x00000270e8705000 	C:\Users\moham\.openjfx\cache\17.0.0.1\api-ms-win-crt-multibyte-l1-1-0.dll
0x00000270e8710000 - 0x00000270e8720000 	C:\Users\moham\.openjfx\cache\17.0.0.1\api-ms-win-crt-private-l1-1-0.dll
0x00000270e8720000 - 0x00000270e8723000 	C:\Users\moham\.openjfx\cache\17.0.0.1\api-ms-win-crt-process-l1-1-0.dll
0x00000270e8730000 - 0x00000270e8734000 	C:\Users\moham\.openjfx\cache\17.0.0.1\api-ms-win-crt-runtime-l1-1-0.dll
0x00000270e8740000 - 0x00000270e8744000 	C:\Users\moham\.openjfx\cache\17.0.0.1\api-ms-win-crt-stdio-l1-1-0.dll
0x00000270e8750000 - 0x00000270e8754000 	C:\Users\moham\.openjfx\cache\17.0.0.1\api-ms-win-crt-string-l1-1-0.dll
0x00000270e8760000 - 0x00000270e8763000 	C:\Users\moham\.openjfx\cache\17.0.0.1\api-ms-win-crt-time-l1-1-0.dll
0x00000270e8770000 - 0x00000270e8773000 	C:\Users\moham\.openjfx\cache\17.0.0.1\api-ms-win-crt-utility-l1-1-0.dll
0x00007ffe9ba70000 - 0x00007ffe9bb6c000 	C:\Users\moham\.openjfx\cache\17.0.0.1\ucrtbase.dll
0x00007ffeb7ed0000 - 0x00007ffeb7eea000 	C:\Users\moham\.openjfx\cache\17.0.0.1\vcruntime140.dll
0x00007ffec3110000 - 0x00007ffec311c000 	C:\Users\moham\.openjfx\cache\17.0.0.1\vcruntime140_1.dll
0x00007ffeb3580000 - 0x00007ffeb360d000 	C:\Users\moham\.openjfx\cache\17.0.0.1\msvcp140.dll
0x00007ffeb5220000 - 0x00007ffeb524a000 	C:\Users\moham\.openjfx\cache\17.0.0.1\prism_d3d.dll
0x00007ffec1480000 - 0x00007ffec1626000 	C:\WINDOWS\system32\d3d9.dll
0x00007ffecac30000 - 0x00007ffecac5f000 	C:\WINDOWS\SYSTEM32\dwmapi.dll
0x00007ffeca970000 - 0x00007ffeca9a8000 	C:\WINDOWS\SYSTEM32\dxcore.dll
0x00007ffeca860000 - 0x00007ffeca90c000 	C:\WINDOWS\system32\uxtheme.dll
0x00007ffec6cf0000 - 0x00007ffec6d34000 	C:\WINDOWS\SYSTEM32\directxdatabasehelper.dll
0x00007ffecab10000 - 0x00007ffecab44000 	C:\WINDOWS\SYSTEM32\ntmarta.dll
0x00007ffeccd00000 - 0x00007ffeccd12000 	C:\WINDOWS\SYSTEM32\msasn1.dll
0x00007ffec6bf0000 - 0x00007ffec6c21000 	C:\WINDOWS\SYSTEM32\cryptnet.dll
0x00007ffecdb60000 - 0x00007ffecdcc2000 	C:\WINDOWS\System32\CRYPT32.dll
0x00007ffeccc50000 - 0x00007ffeccc5c000 	C:\WINDOWS\SYSTEM32\cryptbase.dll
0x00007ffecda70000 - 0x00007ffecdad6000 	C:\WINDOWS\System32\WINTRUST.DLL
0x00007ffece790000 - 0x00007ffece7af000 	C:\WINDOWS\System32\imagehlp.dll
0x00007ffeccc60000 - 0x00007ffeccc78000 	C:\WINDOWS\SYSTEM32\CRYPTSP.dll
0x00007ffecc480000 - 0x00007ffecc4b5000 	C:\WINDOWS\system32\rsaenh.dll
0x00007ffecce20000 - 0x00007ffecce47000 	C:\WINDOWS\SYSTEM32\bcrypt.dll
0x00007ffea1700000 - 0x00007ffea1742000 	C:\Users\moham\.openjfx\cache\17.0.0.1\glass.dll
0x00007ffecead0000 - 0x00007ffecebbc000 	C:\WINDOWS\System32\COMDLG32.dll
0x00007ffecebf0000 - 0x00007ffeced8a000 	C:\WINDOWS\System32\ole32.dll
0x00007ffecfe40000 - 0x00007ffecff16000 	C:\WINDOWS\System32\OLEAUT32.dll
0x00007ffece3c0000 - 0x00007ffece4de000 	C:\WINDOWS\System32\MSCTF.dll
0x00007ffec40a0000 - 0x00007ffec41a6000 	C:\WINDOWS\System32\DriverStore\FileRepository\nvaci.inf_amd64_317ffda8092148c1\nvldumdx.dll
0x00007ffec2f30000 - 0x00007ffec3079000 	C:\WINDOWS\SYSTEM32\drvstore.dll
0x00007ffecd160000 - 0x00007ffecd18c000 	C:\WINDOWS\SYSTEM32\devobj.dll
0x00007ffecd110000 - 0x00007ffecd15c000 	C:\WINDOWS\SYSTEM32\cfgmgr32.dll
0x00007ffeccd70000 - 0x00007ffeccdad000 	C:\WINDOWS\SYSTEM32\wldp.dll
0x00007ffe3e290000 - 0x00007ffe3fa25000 	C:\WINDOWS\System32\DriverStore\FileRepository\nvaci.inf_amd64_317ffda8092148c1\nvd3dumx.dll
0x00007ffe81e40000 - 0x00007ffe82105000 	C:\WINDOWS\system32\nvspcap64.dll
0x00007ffecca50000 - 0x00007ffecca74000 	C:\WINDOWS\SYSTEM32\gpapi.dll
0x00007ffec3550000 - 0x00007ffec372b000 	C:\WINDOWS\System32\DriverStore\FileRepository\u0357645.inf_amd64_3c66802dbd4d45a0\B357435\aticfx64.dll
0x00007ffebd990000 - 0x00007ffebd9c3000 	C:\WINDOWS\System32\DriverStore\FileRepository\u0357645.inf_amd64_3c66802dbd4d45a0\B357435\atiu9p64.dll
0x00007ffe708d0000 - 0x00007ffe71566000 	C:\WINDOWS\System32\DriverStore\FileRepository\u0357645.inf_amd64_3c66802dbd4d45a0\B357435\atiumd64.dll
0x0000000050b70000 - 0x00000000519ed000 	C:\WINDOWS\System32\DriverStore\FileRepository\u0357645.inf_amd64_3c66802dbd4d45a0\B357435\atiumd6a.dll
0x00007ffecccb0000 - 0x00007ffecccfd000 	C:\WINDOWS\SYSTEM32\POWRPROF.dll
0x00007ffeccae0000 - 0x00007ffeccaf3000 	C:\WINDOWS\SYSTEM32\UMPDC.dll
0x00007ffec2d40000 - 0x00007ffec2d6f000 	C:\WINDOWS\SYSTEM32\amdihk64.dll

dbghelp: loaded successfully - version: 4.0.5 - missing functions: none
symbol engine: initialized successfully - sym options: 0x614 - pdb path: .;C:\Program Files\Java\jdk-17.0.1\bin;C:\WINDOWS\SYSTEM32;C:\WINDOWS\WinSxS\amd64_microsoft.windows.common-controls_6595b64144ccf1df_6.0.22000.120_none_9d947278b86cc467;C:\Program Files\Java\jdk-17.0.1\bin\server;C:\Program Files\JetBrains\IntelliJ IDEA 2021.3\bin;C:\Users\moham\.openjfx\cache\17.0.0.1;C:\WINDOWS\System32\DriverStore\FileRepository\nvaci.inf_amd64_317ffda8092148c1;C:\WINDOWS\System32\DriverStore\FileRepository\u0357645.inf_amd64_3c66802dbd4d45a0\B357435;C:\Program Files\Common Files\Microsoft Shared\Ink

VM Arguments:
jvm_args: -javaagent:C:\Program Files\JetBrains\IntelliJ IDEA 2021.3\lib\idea_rt.jar=49399:C:\Program Files\JetBrains\IntelliJ IDEA 2021.3\bin -Dfile.encoding=UTF-8 --module-path=C:\Users\moham\.m2\repository\org\openjfx\javafx-base\17.0.0.1\javafx-base-17.0.0.1-win.jar;C:\Users\moham\.m2\repository\org\kordamp\bootstrapfx\bootstrapfx-core\0.4.0\bootstrapfx-core-0.4.0.jar;C:\Users\moham\.m2\repository\org\openjfx\javafx-fxml\17.0.0.1\javafx-fxml-17.0.0.1-win.jar;C:\Users\moham\.m2\repository\org\kordamp\ikonli\ikonli-core\12.2.0\ikonli-core-12.2.0.jar;C:\Users\moham\.m2\repository\org\openjfx\javafx-web\17.0.0.1\javafx-web-17.0.0.1-win.jar;C:\Users\moham\.m2\repository\com\dlsc\formsfx\formsfx-core\11.3.2\formsfx-core-11.3.2.jar;C:\Users\moham\.m2\repository\org\openjfx\javafx-controls\17.0.0.1\javafx-controls-17.0.0.1-win.jar;C:\Users\moham\.m2\repository\eu\hansolo\tilesfx\11.48\tilesfx-11.48.jar;C:\Users\moham\.m2\repository\org\kordamp\ikonli\ikonli-javafx\12.2.0\ikonli-javafx-12.2.0.jar;D:\_________CODING_WORK______\____AP_Assignments______\AP_END_SEM_Project_( SNAKE_AND_LADDER)_GAME\AP_End-Project\target\classes;C:\Users\moham\.m2\repository\org\openjfx\javafx-graphics\17.0.0.1\javafx-graphics-17.0.0.1-win.jar;C:\Users\moham\.m2\repository\org\openjfx\javafx-media\17.0.0.1\javafx-media-17.0.0.1-win.jar;C:\Users\moham\.m2\repository\org\controlsfx\controlsfx\11.1.0\controlsfx-11.1.0.jar;C:\Users\moham\.m2\repository\net\synedra\validatorfx\0.1.13\validatorfx-0.1.13.jar -Djdk.module.main=com.example.snake_and_ladder 
java_command: com.example.snake_and_ladder/com.example.snake_and_ladder.Snake_AND_Ladders
java_class_path (initial): C:\Users\moham\.m2\repository\org\openjfx\javafx-controls\17.0.0.1\javafx-controls-17.0.0.1.jar;C:\Users\moham\.m2\repository\org\openjfx\javafx-graphics\17.0.0.1\javafx-graphics-17.0.0.1.jar;C:\Users\moham\.m2\repository\org\openjfx\javafx-base\17.0.0.1\javafx-base-17.0.0.1.jar;C:\Users\moham\.m2\repository\org\openjfx\javafx-fxml\17.0.0.1\javafx-fxml-17.0.0.1.jar;C:\Users\moham\.m2\repository\org\openjfx\javafx-web\17.0.0.1\javafx-web-17.0.0.1.jar;C:\Users\moham\.m2\repository\org\openjfx\javafx-media\17.0.0.1\javafx-media-17.0.0.1.jar
Launcher Type: SUN_STANDARD

[Global flags]
     intx CICompilerCount                          = 4                                         {product} {ergonomic}
     uint ConcGCThreads                            = 2                                         {product} {ergonomic}
     uint G1ConcRefinementThreads                  = 8                                         {product} {ergonomic}
   size_t G1HeapRegionSize                         = 4194304                                   {product} {ergonomic}
    uintx GCDrainStackTargetSize                   = 64                                        {product} {ergonomic}
   size_t InitialHeapSize                          = 369098752                                 {product} {ergonomic}
   size_t MarkStackSize                            = 4194304                                   {product} {ergonomic}
   size_t MaxHeapSize                              = 5892997120                                {product} {ergonomic}
   size_t MaxNewSize                               = 3535798272                                {product} {ergonomic}
   size_t MinHeapDeltaBytes                        = 4194304                                   {product} {ergonomic}
   size_t MinHeapSize                              = 8388608                                   {product} {ergonomic}
    uintx NonNMethodCodeHeapSize                   = 5839372                                {pd product} {ergonomic}
    uintx NonProfiledCodeHeapSize                  = 122909434                              {pd product} {ergonomic}
    uintx ProfiledCodeHeapSize                     = 122909434                              {pd product} {ergonomic}
    uintx ReservedCodeCacheSize                    = 251658240                              {pd product} {ergonomic}
     bool SegmentedCodeCache                       = true                                      {product} {ergonomic}
   size_t SoftMaxHeapSize                          = 5892997120                             {manageable} {ergonomic}
     bool UseCompressedClassPointers               = true                           {product lp64_product} {ergonomic}
     bool UseCompressedOops                        = true                           {product lp64_product} {ergonomic}
     bool UseG1GC                                  = true                                      {product} {ergonomic}
     bool UseLargePagesIndividualAllocation        = false                                  {pd product} {ergonomic}

Logging:
Log output configuration:
 #0: stdout all=warning uptime,level,tags
 #1: stderr all=off uptime,level,tags

Environment Variables:
PATH=C:\msys64\mingw64\bin;C:\MinGW\bin;C:\Program Files\Java\jdk-17.0.1\bin;C:\Program Files\Common Files\Oracle\Java\javapath;C:\Program Files\AdoptOpenJDK\jdk-15.0.2.7-hotspot\bin;C:\Program Files (x86)\Common Files\Oracle\Java\javapath;C:\Windows\system32;C:\Windows;C:\Windows\System32\Wbem;C:\Windows\System32\WindowsPowerShell\v1.0\;C:\Windows\System32\OpenSSH\;C:\Program Files (x86)\NVIDIA Corporation\PhysX\Common;C:\Program Files\NVIDIA Corporation\NVIDIA NvDLISR;C:\Program Files\dotnet\;D:\Matlab 2021\runtime\win64;D:\Matlab 2021\bin;C:\Program Files\Git\cmd;C:\WINDOWS\system32;C:\WINDOWS;C:\WINDOWS\System32\Wbem;C:\WINDOWS\System32\WindowsPowerShell\v1.0\;C:\WINDOWS\System32\OpenSSH\;C:\Program Files\LLVM\bin;C:\Program Files\PowerShell\7\;C:\Program Files\Java\jdk-17.0.1\bin;C:\Users\moham\AppData\Local\Programs\Microsoft VS Code\bin;C:\Program Files\JetBrains\IntelliJ IDEA 2021.3\bin;;C:\Program Files\JetBrains\CLion 2021.3\bin;
USERNAME=shariq20220
OS=Windows_NT
PROCESSOR_IDENTIFIER=AMD64 Family 23 Model 24 Stepping 1, AuthenticAMD



---------------  S Y S T E M  ---------------

OS:
 Windows 10 , 64 bit Build 22000 (10.0.22000.318)
OS uptime: 2 days 2:12 hours
Hyper-V role detected

CPU: total 8 (initial active 8) (8 cores per cpu, 2 threads per core) family 23 model 24 stepping 1 microcode 0x0, cx8, cmov, fxsr, ht, mmx, 3dnowpref, sse, sse2, sse3, ssse3, sse4a, sse4.1, sse4.2, popcnt, lzcnt, tsc, tscinvbit, avx, avx2, aes, clmul, bmi1, bmi2, adx, sha, fma, vzeroupper, clflush, clflushopt, hv

Memory: 4k page, system-wide physical 22465M (4186M free)
TotalPageFile size 38465M (AvailPageFile size 146M)
current process WorkingSet (physical memory assigned to process): 261M, peak: 261M
current process commit charge ("private bytes"): 1530M, peak: 2402M

vm_info: Java HotSpot(TM) 64-Bit Server VM (17.0.1+12-LTS-39) for windows-amd64 JRE (17.0.1+12-LTS-39), built on Sep 27 2021 18:41:35 by "mach5one" with MS VC++ 16.8 (VS2019)

END.
